<?xml version="1.0" encoding="UTF-8"?>
<coverage generated="1658501363078" clover="3.2.0">
  <project timestamp="1658501363078" name="All files">
    <metrics statements="2" coveredstatements="2" conditionals="550" coveredconditionals="136" methods="212" coveredmethods="71" elements="764" coveredelements="209" complexity="0" loc="2" ncloc="2" packages="1" files="2" classes="2"/>
    <file name="index.cjs.js" path="F:\my-project\w-hooks\lib\index.cjs.js">
      <metrics statements="1" coveredstatements="1" conditionals="275" coveredconditionals="42" methods="106" coveredmethods="16"/>
      <line num="1" count="15" type="cond" truecount="42" falsecount="233"/>
    </file>
    <file name="index.es.js" path="F:\my-project\w-hooks\lib\index.es.js">
      <metrics statements="1" coveredstatements="1" conditionals="275" coveredconditionals="94" methods="106" coveredmethods="55"/>
      <line num="1" count="97" type="cond" truecount="94" falsecount="181"/>
    </file>
  </project>
</coverage>
