{"F:\\my-project\\w-hooks\\lib\\index.cjs.js": {"path":"F:\\my-project\\w-hooks\\lib\\index.cjs.js","statementMap":{"0":{"start":{"line":1,"column":13},"end":{"line":1,"column":68}},"1":{"start":{"line":1,"column":76},"end":{"line":1,"column":159}},"2":{"start":{"line":1,"column":80},"end":{"line":1,"column":159}},"3":{"start":{"line":1,"column":162},"end":{"line":1,"column":173}},"4":{"start":{"line":1,"column":176},"end":{"line":1,"column":188}},"5":{"start":{"line":1,"column":179},"end":{"line":1,"column":188}},"6":{"start":{"line":1,"column":191},"end":{"line":1,"column":214}},"7":{"start":{"line":1,"column":194},"end":{"line":1,"column":214}},"8":{"start":{"line":1,"column":217},"end":{"line":1,"column":236}},"9":{"start":{"line":1,"column":220},"end":{"line":1,"column":236}},"10":{"start":{"line":1,"column":239},"end":{"line":1,"column":260}},"11":{"start":{"line":1,"column":242},"end":{"line":1,"column":260}},"12":{"start":{"line":1,"column":263},"end":{"line":1,"column":284}},"13":{"start":{"line":1,"column":266},"end":{"line":1,"column":284}},"14":{"start":{"line":1,"column":287},"end":{"line":1,"column":300}},"15":{"start":{"line":1,"column":290},"end":{"line":1,"column":300}},"16":{"start":{"line":1,"column":303},"end":{"line":1,"column":327}},"17":{"start":{"line":1,"column":306},"end":{"line":1,"column":327}},"18":{"start":{"line":1,"column":330},"end":{"line":1,"column":355}},"19":{"start":{"line":1,"column":333},"end":{"line":1,"column":355}},"20":{"start":{"line":1,"column":381},"end":{"line":1,"column":382}},"21":{"start":{"line":1,"column":383},"end":{"line":1,"column":461}},"22":{"start":{"line":1,"column":421},"end":{"line":1,"column":433}},"23":{"start":{"line":1,"column":434},"end":{"line":1,"column":460}},"24":{"start":{"line":1,"column":451},"end":{"line":1,"column":460}},"25":{"start":{"line":1,"column":461},"end":{"line":1,"column":469}},"26":{"start":{"line":1,"column":478},"end":{"line":1,"column":701}},"27":{"start":{"line":1,"column":496},"end":{"line":1,"column":580}},"28":{"start":{"line":1,"column":600},"end":{"line":1,"column":699}},"29":{"start":{"line":1,"column":710},"end":{"line":1,"column":1107}},"30":{"start":{"line":1,"column":720},"end":{"line":1,"column":742}},"31":{"start":{"line":1,"column":735},"end":{"line":1,"column":742}},"32":{"start":{"line":1,"column":742},"end":{"line":1,"column":972}},"33":{"start":{"line":1,"column":978},"end":{"line":1,"column":980}},"34":{"start":{"line":1,"column":981},"end":{"line":1,"column":1055}},"35":{"start":{"line":1,"column":998},"end":{"line":1,"column":1055}},"36":{"start":{"line":1,"column":1063},"end":{"line":1,"column":1081}},"37":{"start":{"line":1,"column":1082},"end":{"line":1,"column":1106}},"38":{"start":{"line":1,"column":1110},"end":{"line":1,"column":1361}},"39":{"start":{"line":1,"column":1114},"end":{"line":1,"column":1136}},"40":{"start":{"line":1,"column":1129},"end":{"line":1,"column":1136}},"41":{"start":{"line":1,"column":1144},"end":{"line":1,"column":1190}},"42":{"start":{"line":1,"column":1193},"end":{"line":1,"column":1195}},"43":{"start":{"line":1,"column":1196},"end":{"line":1,"column":1345}},"44":{"start":{"line":1,"column":1206},"end":{"line":1,"column":1207}},"45":{"start":{"line":1,"column":1230},"end":{"line":1,"column":1245}},"46":{"start":{"line":1,"column":1248},"end":{"line":1,"column":1268}},"47":{"start":{"line":1,"column":1269},"end":{"line":1,"column":1344}},"48":{"start":{"line":1,"column":1279},"end":{"line":1,"column":1303}},"49":{"start":{"line":1,"column":1304},"end":{"line":1,"column":1333}},"50":{"start":{"line":1,"column":1328},"end":{"line":1,"column":1333}},"51":{"start":{"line":1,"column":1345},"end":{"line":1,"column":1360}},"52":{"start":{"line":1,"column":1364},"end":{"line":1,"column":1365}},"53":{"start":{"line":1,"column":1368},"end":{"line":1,"column":1408}},"54":{"start":{"line":1,"column":1379},"end":{"line":1,"column":1407}},"55":{"start":{"line":1,"column":1411},"end":{"line":1,"column":1490}},"56":{"start":{"line":1,"column":1423},"end":{"line":1,"column":1427}},"57":{"start":{"line":1,"column":1430},"end":{"line":1,"column":1458}},"58":{"start":{"line":1,"column":1459},"end":{"line":1,"column":1489}},"59":{"start":{"line":1,"column":1493},"end":{"line":1,"column":1505}},"60":{"start":{"line":1,"column":1508},"end":{"line":1,"column":1528}},"61":{"start":{"line":1,"column":1531},"end":{"line":1,"column":1543}},"62":{"start":{"line":1,"column":1546},"end":{"line":1,"column":1559}},"63":{"start":{"line":1,"column":1562},"end":{"line":1,"column":1570}},"64":{"start":{"line":1,"column":1573},"end":{"line":1,"column":1932}},"65":{"start":{"line":1,"column":1585},"end":{"line":1,"column":1589}},"66":{"start":{"line":1,"column":1590},"end":{"line":1,"column":1625}},"67":{"start":{"line":1,"column":1616},"end":{"line":1,"column":1625}},"68":{"start":{"line":1,"column":1625},"end":{"line":1,"column":1697}},"69":{"start":{"line":1,"column":1686},"end":{"line":1,"column":1697}},"70":{"start":{"line":1,"column":1697},"end":{"line":1,"column":1781}},"71":{"start":{"line":1,"column":1722},"end":{"line":1,"column":1764}},"72":{"start":{"line":1,"column":1765},"end":{"line":1,"column":1780}},"73":{"start":{"line":1,"column":1781},"end":{"line":1,"column":1833}},"74":{"start":{"line":1,"column":1824},"end":{"line":1,"column":1833}},"75":{"start":{"line":1,"column":1833},"end":{"line":1,"column":1857}},"76":{"start":{"line":1,"column":1865},"end":{"line":1,"column":1874}},"77":{"start":{"line":1,"column":1875},"end":{"line":1,"column":1931}},"78":{"start":{"line":1,"column":1935},"end":{"line":1,"column":1951}},"79":{"start":{"line":1,"column":1966},"end":{"line":1,"column":1989}},"80":{"start":{"line":1,"column":1972},"end":{"line":1,"column":1989}},"81":{"start":{"line":1,"column":1997},"end":{"line":1,"column":2001}},"82":{"start":{"line":1,"column":2002},"end":{"line":1,"column":2053}},"83":{"start":{"line":1,"column":2034},"end":{"line":1,"column":2052}},"84":{"start":{"line":1,"column":2053},"end":{"line":1,"column":2069}},"85":{"start":{"line":1,"column":2092},"end":{"line":1,"column":2096}},"86":{"start":{"line":1,"column":2099},"end":{"line":1,"column":2102}},"87":{"start":{"line":1,"column":2103},"end":{"line":1,"column":2117}},"88":{"start":{"line":1,"column":2126},"end":{"line":1,"column":2148}},"89":{"start":{"line":1,"column":2129},"end":{"line":1,"column":2148}},"90":{"start":{"line":1,"column":2151},"end":{"line":1,"column":2221}},"91":{"start":{"line":1,"column":2163},"end":{"line":1,"column":2176}},"92":{"start":{"line":1,"column":2177},"end":{"line":1,"column":2220}},"93":{"start":{"line":1,"column":2224},"end":{"line":1,"column":2234}},"94":{"start":{"line":1,"column":2237},"end":{"line":1,"column":2258}},"95":{"start":{"line":1,"column":2261},"end":{"line":1,"column":2296}},"96":{"start":{"line":1,"column":2264},"end":{"line":1,"column":2296}},"97":{"start":{"line":1,"column":2299},"end":{"line":1,"column":2770}},"98":{"start":{"line":1,"column":2309},"end":{"line":1,"column":2761}},"99":{"start":{"line":1,"column":2334},"end":{"line":1,"column":2354}},"100":{"start":{"line":1,"column":2359},"end":{"line":1,"column":2761}},"101":{"start":{"line":1,"column":2417},"end":{"line":1,"column":2418}},"102":{"start":{"line":1,"column":2421},"end":{"line":1,"column":2447}},"103":{"start":{"line":1,"column":2448},"end":{"line":1,"column":2572}},"104":{"start":{"line":1,"column":2586},"end":{"line":1,"column":2587}},"105":{"start":{"line":1,"column":2588},"end":{"line":1,"column":2633}},"106":{"start":{"line":1,"column":2641},"end":{"line":1,"column":2662}},"107":{"start":{"line":1,"column":2665},"end":{"line":1,"column":2687}},"108":{"start":{"line":1,"column":2688},"end":{"line":1,"column":2760}},"109":{"start":{"line":1,"column":2761},"end":{"line":1,"column":2769}},"110":{"start":{"line":1,"column":2805},"end":{"line":1,"column":2856}},"111":{"start":{"line":1,"column":2895},"end":{"line":1,"column":2948}},"112":{"start":{"line":1,"column":2957},"end":{"line":1,"column":2983}},"113":{"start":{"line":1,"column":2974},"end":{"line":1,"column":2983}},"114":{"start":{"line":1,"column":2991},"end":{"line":1,"column":2999}},"115":{"start":{"line":1,"column":3000},"end":{"line":1,"column":3055}},"116":{"start":{"line":1,"column":3020},"end":{"line":1,"column":3055}},"117":{"start":{"line":1,"column":3061},"end":{"line":1,"column":3070}},"118":{"start":{"line":1,"column":3071},"end":{"line":1,"column":3096}},"119":{"start":{"line":1,"column":3087},"end":{"line":1,"column":3096}},"120":{"start":{"line":1,"column":3096},"end":{"line":1,"column":3127}},"121":{"start":{"line":1,"column":3134},"end":{"line":1,"column":3161}},"122":{"start":{"line":1,"column":3152},"end":{"line":1,"column":3161}},"123":{"start":{"line":1,"column":3161},"end":{"line":1,"column":3247}},"124":{"start":{"line":1,"column":3196},"end":{"line":1,"column":3209}},"125":{"start":{"line":1,"column":3210},"end":{"line":1,"column":3246}},"126":{"start":{"line":1,"column":3253},"end":{"line":1,"column":3262}},"127":{"start":{"line":1,"column":3263},"end":{"line":1,"column":3301}},"128":{"start":{"line":1,"column":3292},"end":{"line":1,"column":3301}},"129":{"start":{"line":1,"column":3309},"end":{"line":1,"column":3319}},"130":{"start":{"line":1,"column":3320},"end":{"line":1,"column":3353}},"131":{"start":{"line":1,"column":3361},"end":{"line":1,"column":3388}},"132":{"start":{"line":1,"column":3379},"end":{"line":1,"column":3388}},"133":{"start":{"line":1,"column":3394},"end":{"line":1,"column":3403}},"134":{"start":{"line":1,"column":3404},"end":{"line":1,"column":3429}},"135":{"start":{"line":1,"column":3420},"end":{"line":1,"column":3429}},"136":{"start":{"line":1,"column":3429},"end":{"line":1,"column":3441}},"137":{"start":{"line":1,"column":3452},"end":{"line":1,"column":3472}},"138":{"start":{"line":1,"column":3482},"end":{"line":1,"column":3509}},"139":{"start":{"line":1,"column":3534},"end":{"line":1,"column":3536}},"140":{"start":{"line":1,"column":3543},"end":{"line":1,"column":3552}},"141":{"start":{"line":1,"column":3553},"end":{"line":1,"column":3584}},"142":{"start":{"line":1,"column":3561},"end":{"line":1,"column":3584}},"143":{"start":{"line":1,"column":3584},"end":{"line":1,"column":3600}},"144":{"start":{"line":1,"column":3640},"end":{"line":1,"column":3692}},"145":{"start":{"line":1,"column":3701},"end":{"line":1,"column":3759}},"146":{"start":{"line":1,"column":3766},"end":{"line":1,"column":3793}},"147":{"start":{"line":1,"column":3784},"end":{"line":1,"column":3793}},"148":{"start":{"line":1,"column":3801},"end":{"line":1,"column":3817}},"149":{"start":{"line":1,"column":3818},"end":{"line":1,"column":3839}},"150":{"start":{"line":1,"column":3847},"end":{"line":1,"column":3893}},"151":{"start":{"line":1,"column":3904},"end":{"line":1,"column":3924}},"152":{"start":{"line":1,"column":3934},"end":{"line":1,"column":3961}},"153":{"start":{"line":1,"column":3978},"end":{"line":1,"column":4003}},"154":{"start":{"line":1,"column":4005},"end":{"line":1,"column":6719}},"155":{"start":{"line":1,"column":4199},"end":{"line":1,"column":4237}},"156":{"start":{"line":1,"column":4286},"end":{"line":1,"column":4294}},"157":{"start":{"line":1,"column":4295},"end":{"line":1,"column":4358}},"158":{"start":{"line":1,"column":4547},"end":{"line":1,"column":4700}},"159":{"start":{"line":1,"column":4708},"end":{"line":1,"column":4724}},"160":{"start":{"line":1,"column":4725},"end":{"line":1,"column":4758}},"161":{"start":{"line":1,"column":4748},"end":{"line":1,"column":4758}},"162":{"start":{"line":1,"column":4764},"end":{"line":1,"column":4765}},"163":{"start":{"line":1,"column":4768},"end":{"line":1,"column":4769}},"164":{"start":{"line":1,"column":4778},"end":{"line":1,"column":4799}},"165":{"start":{"line":1,"column":4802},"end":{"line":1,"column":4814}},"166":{"start":{"line":1,"column":4815},"end":{"line":1,"column":4849}},"167":{"start":{"line":1,"column":4825},"end":{"line":1,"column":4849}},"168":{"start":{"line":1,"column":4849},"end":{"line":1,"column":4857}},"169":{"start":{"line":1,"column":4884},"end":{"line":1,"column":5031}},"170":{"start":{"line":1,"column":5039},"end":{"line":1,"column":5164}},"171":{"start":{"line":1,"column":5051},"end":{"line":1,"column":5058}},"172":{"start":{"line":1,"column":5061},"end":{"line":1,"column":5065}},"173":{"start":{"line":1,"column":5066},"end":{"line":1,"column":5163}},"174":{"start":{"line":1,"column":5090},"end":{"line":1,"column":5160}},"175":{"start":{"line":1,"column":5134},"end":{"line":1,"column":5138}},"176":{"start":{"line":1,"column":5153},"end":{"line":1,"column":5158}},"177":{"start":{"line":1,"column":5165},"end":{"line":1,"column":5538}},"178":{"start":{"line":1,"column":5177},"end":{"line":1,"column":5441}},"179":{"start":{"line":1,"column":5194},"end":{"line":1,"column":5438}},"180":{"start":{"line":1,"column":5209},"end":{"line":1,"column":5232}},"181":{"start":{"line":1,"column":5219},"end":{"line":1,"column":5232}},"182":{"start":{"line":1,"column":5232},"end":{"line":1,"column":5237}},"183":{"start":{"line":1,"column":5245},"end":{"line":1,"column":5249}},"184":{"start":{"line":1,"column":5250},"end":{"line":1,"column":5315}},"185":{"start":{"line":1,"column":5308},"end":{"line":1,"column":5315}},"186":{"start":{"line":1,"column":5323},"end":{"line":1,"column":5324}},"187":{"start":{"line":1,"column":5325},"end":{"line":1,"column":5435}},"188":{"start":{"line":1,"column":5445},"end":{"line":1,"column":5537}},"189":{"start":{"line":1,"column":5462},"end":{"line":1,"column":5534}},"190":{"start":{"line":1,"column":5506},"end":{"line":1,"column":5510}},"191":{"start":{"line":1,"column":5526},"end":{"line":1,"column":5531}},"192":{"start":{"line":1,"column":5563},"end":{"line":1,"column":5587}},"193":{"start":{"line":1,"column":5578},"end":{"line":1,"column":5587}},"194":{"start":{"line":1,"column":5595},"end":{"line":1,"column":5597}},"195":{"start":{"line":1,"column":5598},"end":{"line":1,"column":5657}},"196":{"start":{"line":1,"column":5615},"end":{"line":1,"column":5657}},"197":{"start":{"line":1,"column":5624},"end":{"line":1,"column":5638}},"198":{"start":{"line":1,"column":5644},"end":{"line":1,"column":5657}},"199":{"start":{"line":1,"column":5657},"end":{"line":1,"column":5665}},"200":{"start":{"line":1,"column":5692},"end":{"line":1,"column":5855}},"201":{"start":{"line":1,"column":5697},"end":{"line":1,"column":5747}},"202":{"start":{"line":1,"column":5747},"end":{"line":1,"column":5758}},"203":{"start":{"line":1,"column":5770},"end":{"line":1,"column":5845}},"204":{"start":{"line":1,"column":5851},"end":{"line":1,"column":5854}},"205":{"start":{"line":1,"column":5894},"end":{"line":1,"column":5895}},"206":{"start":{"line":1,"column":5896},"end":{"line":1,"column":6028}},"207":{"start":{"line":1,"column":5972},"end":{"line":1,"column":6022}},"208":{"start":{"line":1,"column":6028},"end":{"line":1,"column":6077}},"209":{"start":{"line":1,"column":6040},"end":{"line":1,"column":6075}},"210":{"start":{"line":1,"column":6100},"end":{"line":1,"column":6275}},"211":{"start":{"line":1,"column":6283},"end":{"line":1,"column":6300}},"212":{"start":{"line":1,"column":6291},"end":{"line":1,"column":6300}},"213":{"start":{"line":1,"column":6301},"end":{"line":1,"column":6335}},"214":{"start":{"line":1,"column":6335},"end":{"line":1,"column":6383}},"215":{"start":{"line":1,"column":6346},"end":{"line":1,"column":6382}},"216":{"start":{"line":1,"column":6420},"end":{"line":1,"column":6437}},"217":{"start":{"line":1,"column":6438},"end":{"line":1,"column":6537}},"218":{"start":{"line":1,"column":6530},"end":{"line":1,"column":6536}},"219":{"start":{"line":1,"column":6578},"end":{"line":1,"column":6717}},"220":{"start":{"line":1,"column":6686},"end":{"line":1,"column":6712}}},"fnMap":{"0":{"name":"(anonymous_0)","decl":{"start":{"line":1,"column":76},"end":{"line":1,"column":77}},"loc":{"start":{"line":1,"column":80},"end":{"line":1,"column":159}},"line":1},"1":{"name":"(anonymous_1)","decl":{"start":{"line":1,"column":176},"end":{"line":1,"column":177}},"loc":{"start":{"line":1,"column":179},"end":{"line":1,"column":188}},"line":1},"2":{"name":"(anonymous_2)","decl":{"start":{"line":1,"column":191},"end":{"line":1,"column":192}},"loc":{"start":{"line":1,"column":194},"end":{"line":1,"column":214}},"line":1},"3":{"name":"(anonymous_3)","decl":{"start":{"line":1,"column":217},"end":{"line":1,"column":218}},"loc":{"start":{"line":1,"column":220},"end":{"line":1,"column":236}},"line":1},"4":{"name":"(anonymous_4)","decl":{"start":{"line":1,"column":239},"end":{"line":1,"column":240}},"loc":{"start":{"line":1,"column":242},"end":{"line":1,"column":260}},"line":1},"5":{"name":"(anonymous_5)","decl":{"start":{"line":1,"column":263},"end":{"line":1,"column":264}},"loc":{"start":{"line":1,"column":266},"end":{"line":1,"column":284}},"line":1},"6":{"name":"(anonymous_6)","decl":{"start":{"line":1,"column":287},"end":{"line":1,"column":288}},"loc":{"start":{"line":1,"column":290},"end":{"line":1,"column":300}},"line":1},"7":{"name":"(anonymous_7)","decl":{"start":{"line":1,"column":303},"end":{"line":1,"column":304}},"loc":{"start":{"line":1,"column":306},"end":{"line":1,"column":327}},"line":1},"8":{"name":"(anonymous_8)","decl":{"start":{"line":1,"column":330},"end":{"line":1,"column":331}},"loc":{"start":{"line":1,"column":333},"end":{"line":1,"column":355}},"line":1},"9":{"name":"l","decl":{"start":{"line":1,"column":365},"end":{"line":1,"column":366}},"loc":{"start":{"line":1,"column":374},"end":{"line":1,"column":470}},"line":1},"10":{"name":"(anonymous_10)","decl":{"start":{"line":1,"column":484},"end":{"line":1,"column":485}},"loc":{"start":{"line":1,"column":495},"end":{"line":1,"column":581}},"line":1},"11":{"name":"(anonymous_11)","decl":{"start":{"line":1,"column":588},"end":{"line":1,"column":589}},"loc":{"start":{"line":1,"column":599},"end":{"line":1,"column":700}},"line":1},"12":{"name":"(anonymous_12)","decl":{"start":{"line":1,"column":710},"end":{"line":1,"column":711}},"loc":{"start":{"line":1,"column":719},"end":{"line":1,"column":1107}},"line":1},"13":{"name":"(anonymous_13)","decl":{"start":{"line":1,"column":1110},"end":{"line":1,"column":1111}},"loc":{"start":{"line":1,"column":1113},"end":{"line":1,"column":1361}},"line":1},"14":{"name":"(anonymous_14)","decl":{"start":{"line":1,"column":1368},"end":{"line":1,"column":1369}},"loc":{"start":{"line":1,"column":1378},"end":{"line":1,"column":1408}},"line":1},"15":{"name":"(anonymous_15)","decl":{"start":{"line":1,"column":1411},"end":{"line":1,"column":1412}},"loc":{"start":{"line":1,"column":1414},"end":{"line":1,"column":1490}},"line":1},"16":{"name":"(anonymous_16)","decl":{"start":{"line":1,"column":1573},"end":{"line":1,"column":1574}},"loc":{"start":{"line":1,"column":1576},"end":{"line":1,"column":1932}},"line":1},"17":{"name":"E","decl":{"start":{"line":1,"column":1961},"end":{"line":1,"column":1962}},"loc":{"start":{"line":1,"column":1965},"end":{"line":1,"column":2070}},"line":1},"18":{"name":"N","decl":{"start":{"line":1,"column":2079},"end":{"line":1,"column":2080}},"loc":{"start":{"line":1,"column":2083},"end":{"line":1,"column":2118}},"line":1},"19":{"name":"(anonymous_19)","decl":{"start":{"line":1,"column":2126},"end":{"line":1,"column":2127}},"loc":{"start":{"line":1,"column":2129},"end":{"line":1,"column":2148}},"line":1},"20":{"name":"(anonymous_20)","decl":{"start":{"line":1,"column":2151},"end":{"line":1,"column":2152}},"loc":{"start":{"line":1,"column":2154},"end":{"line":1,"column":2221}},"line":1},"21":{"name":"(anonymous_21)","decl":{"start":{"line":1,"column":2261},"end":{"line":1,"column":2262}},"loc":{"start":{"line":1,"column":2264},"end":{"line":1,"column":2296}},"line":1},"22":{"name":"(anonymous_22)","decl":{"start":{"line":1,"column":2299},"end":{"line":1,"column":2300}},"loc":{"start":{"line":1,"column":2302},"end":{"line":1,"column":2770}},"line":1},"23":{"name":"(anonymous_23)","decl":{"start":{"line":1,"column":2788},"end":{"line":1,"column":2789}},"loc":{"start":{"line":1,"column":2804},"end":{"line":1,"column":2857}},"line":1},"24":{"name":"(anonymous_24)","decl":{"start":{"line":1,"column":2880},"end":{"line":1,"column":2881}},"loc":{"start":{"line":1,"column":2894},"end":{"line":1,"column":2949}},"line":1},"25":{"name":"(anonymous_25)","decl":{"start":{"line":1,"column":2949},"end":{"line":1,"column":2950}},"loc":{"start":{"line":1,"column":2956},"end":{"line":1,"column":3128}},"line":1},"26":{"name":"(anonymous_26)","decl":{"start":{"line":1,"column":3128},"end":{"line":1,"column":3129}},"loc":{"start":{"line":1,"column":3133},"end":{"line":1,"column":3354}},"line":1},"27":{"name":"(anonymous_27)","decl":{"start":{"line":1,"column":3354},"end":{"line":1,"column":3355}},"loc":{"start":{"line":1,"column":3360},"end":{"line":1,"column":3442}},"line":1},"28":{"name":"(anonymous_28)","decl":{"start":{"line":1,"column":3442},"end":{"line":1,"column":3443}},"loc":{"start":{"line":1,"column":3451},"end":{"line":1,"column":3473}},"line":1},"29":{"name":"(anonymous_29)","decl":{"start":{"line":1,"column":3473},"end":{"line":1,"column":3474}},"loc":{"start":{"line":1,"column":3481},"end":{"line":1,"column":3510}},"line":1},"30":{"name":"(anonymous_30)","decl":{"start":{"line":1,"column":3510},"end":{"line":1,"column":3511}},"loc":{"start":{"line":1,"column":3525},"end":{"line":1,"column":3601}},"line":1},"31":{"name":"(anonymous_31)","decl":{"start":{"line":1,"column":3625},"end":{"line":1,"column":3626}},"loc":{"start":{"line":1,"column":3639},"end":{"line":1,"column":3693}},"line":1},"32":{"name":"(anonymous_32)","decl":{"start":{"line":1,"column":3693},"end":{"line":1,"column":3694}},"loc":{"start":{"line":1,"column":3700},"end":{"line":1,"column":3760}},"line":1},"33":{"name":"(anonymous_33)","decl":{"start":{"line":1,"column":3760},"end":{"line":1,"column":3761}},"loc":{"start":{"line":1,"column":3765},"end":{"line":1,"column":3840}},"line":1},"34":{"name":"(anonymous_34)","decl":{"start":{"line":1,"column":3840},"end":{"line":1,"column":3841}},"loc":{"start":{"line":1,"column":3846},"end":{"line":1,"column":3894}},"line":1},"35":{"name":"(anonymous_35)","decl":{"start":{"line":1,"column":3894},"end":{"line":1,"column":3895}},"loc":{"start":{"line":1,"column":3903},"end":{"line":1,"column":3925}},"line":1},"36":{"name":"(anonymous_36)","decl":{"start":{"line":1,"column":3925},"end":{"line":1,"column":3926}},"loc":{"start":{"line":1,"column":3933},"end":{"line":1,"column":3962}},"line":1},"37":{"name":"(anonymous_37)","decl":{"start":{"line":1,"column":3962},"end":{"line":1,"column":3963}},"loc":{"start":{"line":1,"column":3977},"end":{"line":1,"column":4004}},"line":1},"38":{"name":"(anonymous_38)","decl":{"start":{"line":1,"column":4196},"end":{"line":1,"column":4197}},"loc":{"start":{"line":1,"column":4199},"end":{"line":1,"column":4237}},"line":1},"39":{"name":"(anonymous_39)","decl":{"start":{"line":1,"column":4274},"end":{"line":1,"column":4275}},"loc":{"start":{"line":1,"column":4277},"end":{"line":1,"column":4359}},"line":1},"40":{"name":"(anonymous_40)","decl":{"start":{"line":1,"column":4537},"end":{"line":1,"column":4538}},"loc":{"start":{"line":1,"column":4546},"end":{"line":1,"column":4858}},"line":1},"41":{"name":"(anonymous_41)","decl":{"start":{"line":1,"column":4880},"end":{"line":1,"column":4881}},"loc":{"start":{"line":1,"column":4883},"end":{"line":1,"column":5539}},"line":1},"42":{"name":"(anonymous_42)","decl":{"start":{"line":1,"column":5039},"end":{"line":1,"column":5040}},"loc":{"start":{"line":1,"column":5042},"end":{"line":1,"column":5164}},"line":1},"43":{"name":"(anonymous_43)","decl":{"start":{"line":1,"column":5086},"end":{"line":1,"column":5087}},"loc":{"start":{"line":1,"column":5089},"end":{"line":1,"column":5161}},"line":1},"44":{"name":"(anonymous_44)","decl":{"start":{"line":1,"column":5129},"end":{"line":1,"column":5130}},"loc":{"start":{"line":1,"column":5133},"end":{"line":1,"column":5139}},"line":1},"45":{"name":"(anonymous_45)","decl":{"start":{"line":1,"column":5149},"end":{"line":1,"column":5150}},"loc":{"start":{"line":1,"column":5153},"end":{"line":1,"column":5158}},"line":1},"46":{"name":"(anonymous_46)","decl":{"start":{"line":1,"column":5174},"end":{"line":1,"column":5175}},"loc":{"start":{"line":1,"column":5177},"end":{"line":1,"column":5441}},"line":1},"47":{"name":"(anonymous_47)","decl":{"start":{"line":1,"column":5190},"end":{"line":1,"column":5191}},"loc":{"start":{"line":1,"column":5193},"end":{"line":1,"column":5439}},"line":1},"48":{"name":"(anonymous_48)","decl":{"start":{"line":1,"column":5205},"end":{"line":1,"column":5206}},"loc":{"start":{"line":1,"column":5208},"end":{"line":1,"column":5436}},"line":1},"49":{"name":"(anonymous_49)","decl":{"start":{"line":1,"column":5442},"end":{"line":1,"column":5443}},"loc":{"start":{"line":1,"column":5445},"end":{"line":1,"column":5537}},"line":1},"50":{"name":"(anonymous_50)","decl":{"start":{"line":1,"column":5458},"end":{"line":1,"column":5459}},"loc":{"start":{"line":1,"column":5461},"end":{"line":1,"column":5535}},"line":1},"51":{"name":"(anonymous_51)","decl":{"start":{"line":1,"column":5501},"end":{"line":1,"column":5502}},"loc":{"start":{"line":1,"column":5505},"end":{"line":1,"column":5511}},"line":1},"52":{"name":"(anonymous_52)","decl":{"start":{"line":1,"column":5521},"end":{"line":1,"column":5522}},"loc":{"start":{"line":1,"column":5525},"end":{"line":1,"column":5532}},"line":1},"53":{"name":"(anonymous_53)","decl":{"start":{"line":1,"column":5559},"end":{"line":1,"column":5560}},"loc":{"start":{"line":1,"column":5562},"end":{"line":1,"column":5666}},"line":1},"54":{"name":"(anonymous_54)","decl":{"start":{"line":1,"column":5685},"end":{"line":1,"column":5686}},"loc":{"start":{"line":1,"column":5692},"end":{"line":1,"column":5855}},"line":1},"55":{"name":"(anonymous_55)","decl":{"start":{"line":1,"column":5693},"end":{"line":1,"column":5694}},"loc":{"start":{"line":1,"column":5696},"end":{"line":1,"column":5759}},"line":1},"56":{"name":"(anonymous_56)","decl":{"start":{"line":1,"column":5760},"end":{"line":1,"column":5761}},"loc":{"start":{"line":1,"column":5770},"end":{"line":1,"column":5845}},"line":1},"57":{"name":"(anonymous_57)","decl":{"start":{"line":1,"column":5847},"end":{"line":1,"column":5848}},"loc":{"start":{"line":1,"column":5851},"end":{"line":1,"column":5854}},"line":1},"58":{"name":"(anonymous_58)","decl":{"start":{"line":1,"column":5876},"end":{"line":1,"column":5877}},"loc":{"start":{"line":1,"column":5883},"end":{"line":1,"column":6078}},"line":1},"59":{"name":"(anonymous_59)","decl":{"start":{"line":1,"column":5967},"end":{"line":1,"column":5968}},"loc":{"start":{"line":1,"column":5971},"end":{"line":1,"column":6023}},"line":1},"60":{"name":"(anonymous_60)","decl":{"start":{"line":1,"column":6035},"end":{"line":1,"column":6036}},"loc":{"start":{"line":1,"column":6039},"end":{"line":1,"column":6076}},"line":1},"61":{"name":"(anonymous_61)","decl":{"start":{"line":1,"column":6096},"end":{"line":1,"column":6097}},"loc":{"start":{"line":1,"column":6099},"end":{"line":1,"column":6384}},"line":1},"62":{"name":"(anonymous_62)","decl":{"start":{"line":1,"column":6283},"end":{"line":1,"column":6284}},"loc":{"start":{"line":1,"column":6291},"end":{"line":1,"column":6300}},"line":1},"63":{"name":"(anonymous_63)","decl":{"start":{"line":1,"column":6342},"end":{"line":1,"column":6343}},"loc":{"start":{"line":1,"column":6346},"end":{"line":1,"column":6382}},"line":1},"64":{"name":"(anonymous_64)","decl":{"start":{"line":1,"column":6402},"end":{"line":1,"column":6403}},"loc":{"start":{"line":1,"column":6411},"end":{"line":1,"column":6538}},"line":1},"65":{"name":"(anonymous_65)","decl":{"start":{"line":1,"column":6526},"end":{"line":1,"column":6527}},"loc":{"start":{"line":1,"column":6530},"end":{"line":1,"column":6536}},"line":1},"66":{"name":"(anonymous_66)","decl":{"start":{"line":1,"column":6558},"end":{"line":1,"column":6559}},"loc":{"start":{"line":1,"column":6571},"end":{"line":1,"column":6718}},"line":1},"67":{"name":"(anonymous_67)","decl":{"start":{"line":1,"column":6681},"end":{"line":1,"column":6682}},"loc":{"start":{"line":1,"column":6685},"end":{"line":1,"column":6713}},"line":1}},"branchMap":{"0":{"loc":{"start":{"line":1,"column":82},"end":{"line":1,"column":158}},"type":"binary-expr","locations":[{"start":{"line":1,"column":82},"end":{"line":1,"column":108}},{"start":{"line":1,"column":110},"end":{"line":1,"column":126}},{"start":{"line":1,"column":128},"end":{"line":1,"column":158}}],"line":1},"1":{"loc":{"start":{"line":1,"column":306},"end":{"line":1,"column":327}},"type":"binary-expr","locations":[{"start":{"line":1,"column":306},"end":{"line":1,"column":307}},{"start":{"line":1,"column":309},"end":{"line":1,"column":327}}],"line":1},"2":{"loc":{"start":{"line":1,"column":333},"end":{"line":1,"column":355}},"type":"binary-expr","locations":[{"start":{"line":1,"column":333},"end":{"line":1,"column":335}},{"start":{"line":1,"column":337},"end":{"line":1,"column":355}}],"line":1},"3":{"loc":{"start":{"line":1,"column":502},"end":{"line":1,"column":531}},"type":"binary-expr","locations":[{"start":{"line":1,"column":502},"end":{"line":1,"column":512}},{"start":{"line":1,"column":515},"end":{"line":1,"column":530}}],"line":1},"4":{"loc":{"start":{"line":1,"column":720},"end":{"line":1,"column":742}},"type":"if","locations":[{"start":{"line":1,"column":720},"end":{"line":1,"column":742}},{"start":{},"end":{}}],"line":1},"5":{"loc":{"start":{"line":1,"column":763},"end":{"line":1,"column":825}},"type":"binary-expr","locations":[{"start":{"line":1,"column":763},"end":{"line":1,"column":775}},{"start":{"line":1,"column":778},"end":{"line":1,"column":824}}],"line":1},"6":{"loc":{"start":{"line":1,"column":826},"end":{"line":1,"column":872}},"type":"binary-expr","locations":[{"start":{"line":1,"column":826},"end":{"line":1,"column":835}},{"start":{"line":1,"column":838},"end":{"line":1,"column":871}}],"line":1},"7":{"loc":{"start":{"line":1,"column":998},"end":{"line":1,"column":1054}},"type":"binary-expr","locations":[{"start":{"line":1,"column":998},"end":{"line":1,"column":1002}},{"start":{"line":1,"column":1005},"end":{"line":1,"column":1053}}],"line":1},"8":{"loc":{"start":{"line":1,"column":1015},"end":{"line":1,"column":1053}},"type":"binary-expr","locations":[{"start":{"line":1,"column":1015},"end":{"line":1,"column":1024}},{"start":{"line":1,"column":1027},"end":{"line":1,"column":1052}}],"line":1},"9":{"loc":{"start":{"line":1,"column":1114},"end":{"line":1,"column":1136}},"type":"if","locations":[{"start":{"line":1,"column":1114},"end":{"line":1,"column":1136}},{"start":{},"end":{}}],"line":1},"10":{"loc":{"start":{"line":1,"column":1144},"end":{"line":1,"column":1190}},"type":"cond-expr","locations":[{"start":{"line":1,"column":1160},"end":{"line":1,"column":1187}},{"start":{"line":1,"column":1188},"end":{"line":1,"column":1190}}],"line":1},"11":{"loc":{"start":{"line":1,"column":1304},"end":{"line":1,"column":1333}},"type":"if","locations":[{"start":{"line":1,"column":1304},"end":{"line":1,"column":1333}},{"start":{},"end":{}}],"line":1},"12":{"loc":{"start":{"line":1,"column":1352},"end":{"line":1,"column":1360}},"type":"cond-expr","locations":[{"start":{"line":1,"column":1354},"end":{"line":1,"column":1358}},{"start":{"line":1,"column":1359},"end":{"line":1,"column":1360}}],"line":1},"13":{"loc":{"start":{"line":1,"column":1371},"end":{"line":1,"column":1375}},"type":"default-arg","locations":[{"start":{"line":1,"column":1373},"end":{"line":1,"column":1375}}],"line":1},"14":{"loc":{"start":{"line":1,"column":1466},"end":{"line":1,"column":1489}},"type":"cond-expr","locations":[{"start":{"line":1,"column":1468},"end":{"line":1,"column":1486}},{"start":{"line":1,"column":1487},"end":{"line":1,"column":1489}}],"line":1},"15":{"loc":{"start":{"line":1,"column":1590},"end":{"line":1,"column":1625}},"type":"if","locations":[{"start":{"line":1,"column":1590},"end":{"line":1,"column":1625}},{"start":{},"end":{}}],"line":1},"16":{"loc":{"start":{"line":1,"column":1625},"end":{"line":1,"column":1697}},"type":"if","locations":[{"start":{"line":1,"column":1625},"end":{"line":1,"column":1697}},{"start":{},"end":{}}],"line":1},"17":{"loc":{"start":{"line":1,"column":1697},"end":{"line":1,"column":1781}},"type":"if","locations":[{"start":{"line":1,"column":1697},"end":{"line":1,"column":1781}},{"start":{},"end":{}}],"line":1},"18":{"loc":{"start":{"line":1,"column":1722},"end":{"line":1,"column":1764}},"type":"cond-expr","locations":[{"start":{"line":1,"column":1751},"end":{"line":1,"column":1762}},{"start":{"line":1,"column":1763},"end":{"line":1,"column":1764}}],"line":1},"19":{"loc":{"start":{"line":1,"column":1767},"end":{"line":1,"column":1780}},"type":"cond-expr","locations":[{"start":{"line":1,"column":1772},"end":{"line":1,"column":1778}},{"start":{"line":1,"column":1779},"end":{"line":1,"column":1780}}],"line":1},"20":{"loc":{"start":{"line":1,"column":1781},"end":{"line":1,"column":1833}},"type":"if","locations":[{"start":{"line":1,"column":1781},"end":{"line":1,"column":1833}},{"start":{},"end":{}}],"line":1},"21":{"loc":{"start":{"line":1,"column":1882},"end":{"line":1,"column":1931}},"type":"cond-expr","locations":[{"start":{"line":1,"column":1895},"end":{"line":1,"column":1914}},{"start":{"line":1,"column":1915},"end":{"line":1,"column":1931}}],"line":1},"22":{"loc":{"start":{"line":1,"column":1882},"end":{"line":1,"column":1894}},"type":"binary-expr","locations":[{"start":{"line":1,"column":1882},"end":{"line":1,"column":1883}},{"start":{"line":1,"column":1885},"end":{"line":1,"column":1894}}],"line":1},"23":{"loc":{"start":{"line":1,"column":1908},"end":{"line":1,"column":1913}},"type":"cond-expr","locations":[{"start":{"line":1,"column":1910},"end":{"line":1,"column":1911}},{"start":{"line":1,"column":1912},"end":{"line":1,"column":1913}}],"line":1},"24":{"loc":{"start":{"line":1,"column":1915},"end":{"line":1,"column":1931}},"type":"cond-expr","locations":[{"start":{"line":1,"column":1925},"end":{"line":1,"column":1928}},{"start":{"line":1,"column":1929},"end":{"line":1,"column":1931}}],"line":1},"25":{"loc":{"start":{"line":1,"column":1966},"end":{"line":1,"column":1989}},"type":"if","locations":[{"start":{"line":1,"column":1966},"end":{"line":1,"column":1989}},{"start":{},"end":{}}],"line":1},"26":{"loc":{"start":{"line":1,"column":1979},"end":{"line":1,"column":1988}},"type":"cond-expr","locations":[{"start":{"line":1,"column":1985},"end":{"line":1,"column":1986}},{"start":{"line":1,"column":1987},"end":{"line":1,"column":1988}}],"line":1},"27":{"loc":{"start":{"line":1,"column":2002},"end":{"line":1,"column":2053}},"type":"if","locations":[{"start":{"line":1,"column":2002},"end":{"line":1,"column":2053}},{"start":{},"end":{}}],"line":1},"28":{"loc":{"start":{"line":1,"column":2005},"end":{"line":1,"column":2032}},"type":"binary-expr","locations":[{"start":{"line":1,"column":2005},"end":{"line":1,"column":2017}},{"start":{"line":1,"column":2019},"end":{"line":1,"column":2032}}],"line":1},"29":{"loc":{"start":{"line":1,"column":2041},"end":{"line":1,"column":2049}},"type":"cond-expr","locations":[{"start":{"line":1,"column":2045},"end":{"line":1,"column":2047}},{"start":{"line":1,"column":2048},"end":{"line":1,"column":2049}}],"line":1},"30":{"loc":{"start":{"line":1,"column":2060},"end":{"line":1,"column":2069}},"type":"cond-expr","locations":[{"start":{"line":1,"column":2066},"end":{"line":1,"column":2067}},{"start":{"line":1,"column":2068},"end":{"line":1,"column":2069}}],"line":1},"31":{"loc":{"start":{"line":1,"column":2110},"end":{"line":1,"column":2117}},"type":"cond-expr","locations":[{"start":{"line":1,"column":2112},"end":{"line":1,"column":2115}},{"start":{"line":1,"column":2116},"end":{"line":1,"column":2117}}],"line":1},"32":{"loc":{"start":{"line":1,"column":2129},"end":{"line":1,"column":2148}},"type":"binary-expr","locations":[{"start":{"line":1,"column":2129},"end":{"line":1,"column":2134}},{"start":{"line":1,"column":2136},"end":{"line":1,"column":2148}}],"line":1},"33":{"loc":{"start":{"line":1,"column":2163},"end":{"line":1,"column":2176}},"type":"binary-expr","locations":[{"start":{"line":1,"column":2163},"end":{"line":1,"column":2166}},{"start":{"line":1,"column":2168},"end":{"line":1,"column":2176}}],"line":1},"34":{"loc":{"start":{"line":1,"column":2185},"end":{"line":1,"column":2219}},"type":"binary-expr","locations":[{"start":{"line":1,"column":2185},"end":{"line":1,"column":2189}},{"start":{"line":1,"column":2191},"end":{"line":1,"column":2195}},{"start":{"line":1,"column":2197},"end":{"line":1,"column":2201}},{"start":{"line":1,"column":2203},"end":{"line":1,"column":2207}},{"start":{"line":1,"column":2209},"end":{"line":1,"column":2213}},{"start":{"line":1,"column":2215},"end":{"line":1,"column":2219}}],"line":1},"35":{"loc":{"start":{"line":1,"column":2264},"end":{"line":1,"column":2296}},"type":"cond-expr","locations":[{"start":{"line":1,"column":2269},"end":{"line":1,"column":2270}},{"start":{"line":1,"column":2271},"end":{"line":1,"column":2296}}],"line":1},"36":{"loc":{"start":{"line":1,"column":2309},"end":{"line":1,"column":2761}},"type":"if","locations":[{"start":{"line":1,"column":2309},"end":{"line":1,"column":2761}},{"start":{"line":1,"column":2359},"end":{"line":1,"column":2761}}],"line":1},"37":{"loc":{"start":{"line":1,"column":2359},"end":{"line":1,"column":2761}},"type":"if","locations":[{"start":{"line":1,"column":2359},"end":{"line":1,"column":2761}},{"start":{"line":1,"column":2577},"end":{"line":1,"column":2761}}],"line":1},"38":{"loc":{"start":{"line":1,"column":2362},"end":{"line":1,"column":2407}},"type":"binary-expr","locations":[{"start":{"line":1,"column":2362},"end":{"line":1,"column":2382}},{"start":{"line":1,"column":2384},"end":{"line":1,"column":2407}}],"line":1},"39":{"loc":{"start":{"line":1,"column":2448},"end":{"line":1,"column":2480}},"type":"binary-expr","locations":[{"start":{"line":1,"column":2448},"end":{"line":1,"column":2449}},{"start":{"line":1,"column":2451},"end":{"line":1,"column":2480}}],"line":1},"40":{"loc":{"start":{"line":1,"column":2530},"end":{"line":1,"column":2562}},"type":"binary-expr","locations":[{"start":{"line":1,"column":2530},"end":{"line":1,"column":2531}},{"start":{"line":1,"column":2533},"end":{"line":1,"column":2562}}],"line":1},"41":{"loc":{"start":{"line":1,"column":2588},"end":{"line":1,"column":2632}},"type":"binary-expr","locations":[{"start":{"line":1,"column":2588},"end":{"line":1,"column":2621}},{"start":{"line":1,"column":2623},"end":{"line":1,"column":2632}}],"line":1},"42":{"loc":{"start":{"line":1,"column":2849},"end":{"line":1,"column":2856}},"type":"binary-expr","locations":[{"start":{"line":1,"column":2849},"end":{"line":1,"column":2850}},{"start":{"line":1,"column":2852},"end":{"line":1,"column":2856}}],"line":1},"43":{"loc":{"start":{"line":1,"column":2930},"end":{"line":1,"column":2936}},"type":"binary-expr","locations":[{"start":{"line":1,"column":2930},"end":{"line":1,"column":2931}},{"start":{"line":1,"column":2933},"end":{"line":1,"column":2936}}],"line":1},"44":{"loc":{"start":{"line":1,"column":2957},"end":{"line":1,"column":2983}},"type":"if","locations":[{"start":{"line":1,"column":2957},"end":{"line":1,"column":2983}},{"start":{},"end":{}}],"line":1},"45":{"loc":{"start":{"line":1,"column":3000},"end":{"line":1,"column":3055}},"type":"if","locations":[{"start":{"line":1,"column":3000},"end":{"line":1,"column":3055}},{"start":{},"end":{}}],"line":1},"46":{"loc":{"start":{"line":1,"column":3076},"end":{"line":1,"column":3085}},"type":"binary-expr","locations":[{"start":{"line":1,"column":3076},"end":{"line":1,"column":3077}},{"start":{"line":1,"column":3079},"end":{"line":1,"column":3085}}],"line":1},"47":{"loc":{"start":{"line":1,"column":3134},"end":{"line":1,"column":3161}},"type":"if","locations":[{"start":{"line":1,"column":3134},"end":{"line":1,"column":3161}},{"start":{},"end":{}}],"line":1},"48":{"loc":{"start":{"line":1,"column":3161},"end":{"line":1,"column":3247}},"type":"if","locations":[{"start":{"line":1,"column":3161},"end":{"line":1,"column":3247}},{"start":{},"end":{}}],"line":1},"49":{"loc":{"start":{"line":1,"column":3268},"end":{"line":1,"column":3290}},"type":"binary-expr","locations":[{"start":{"line":1,"column":3268},"end":{"line":1,"column":3269}},{"start":{"line":1,"column":3271},"end":{"line":1,"column":3277}},{"start":{"line":1,"column":3279},"end":{"line":1,"column":3290}}],"line":1},"50":{"loc":{"start":{"line":1,"column":3361},"end":{"line":1,"column":3388}},"type":"if","locations":[{"start":{"line":1,"column":3361},"end":{"line":1,"column":3388}},{"start":{},"end":{}}],"line":1},"51":{"loc":{"start":{"line":1,"column":3409},"end":{"line":1,"column":3418}},"type":"binary-expr","locations":[{"start":{"line":1,"column":3409},"end":{"line":1,"column":3410}},{"start":{"line":1,"column":3412},"end":{"line":1,"column":3418}}],"line":1},"52":{"loc":{"start":{"line":1,"column":3519},"end":{"line":1,"column":3524}},"type":"default-arg","locations":[{"start":{"line":1,"column":3521},"end":{"line":1,"column":3524}}],"line":1},"53":{"loc":{"start":{"line":1,"column":3660},"end":{"line":1,"column":3666}},"type":"binary-expr","locations":[{"start":{"line":1,"column":3660},"end":{"line":1,"column":3661}},{"start":{"line":1,"column":3663},"end":{"line":1,"column":3666}}],"line":1},"54":{"loc":{"start":{"line":1,"column":3707},"end":{"line":1,"column":3759}},"type":"binary-expr","locations":[{"start":{"line":1,"column":3707},"end":{"line":1,"column":3721}},{"start":{"line":1,"column":3724},"end":{"line":1,"column":3758}}],"line":1},"55":{"loc":{"start":{"line":1,"column":3766},"end":{"line":1,"column":3793}},"type":"if","locations":[{"start":{"line":1,"column":3766},"end":{"line":1,"column":3793}},{"start":{},"end":{}}],"line":1},"56":{"loc":{"start":{"line":1,"column":3853},"end":{"line":1,"column":3893}},"type":"binary-expr","locations":[{"start":{"line":1,"column":3853},"end":{"line":1,"column":3868}},{"start":{"line":1,"column":3870},"end":{"line":1,"column":3893}}],"line":1},"57":{"loc":{"start":{"line":1,"column":3971},"end":{"line":1,"column":3976}},"type":"default-arg","locations":[{"start":{"line":1,"column":3973},"end":{"line":1,"column":3976}}],"line":1},"58":{"loc":{"start":{"line":1,"column":4199},"end":{"line":1,"column":4237}},"type":"binary-expr","locations":[{"start":{"line":1,"column":4199},"end":{"line":1,"column":4203}},{"start":{"line":1,"column":4205},"end":{"line":1,"column":4226}},{"start":{"line":1,"column":4228},"end":{"line":1,"column":4237}}],"line":1},"59":{"loc":{"start":{"line":1,"column":4301},"end":{"line":1,"column":4358}},"type":"binary-expr","locations":[{"start":{"line":1,"column":4301},"end":{"line":1,"column":4313}},{"start":{"line":1,"column":4315},"end":{"line":1,"column":4327}},{"start":{"line":1,"column":4329},"end":{"line":1,"column":4332}},{"start":{"line":1,"column":4334},"end":{"line":1,"column":4358}}],"line":1},"60":{"loc":{"start":{"line":1,"column":4540},"end":{"line":1,"column":4543}},"type":"default-arg","locations":[{"start":{"line":1,"column":4542},"end":{"line":1,"column":4543}}],"line":1},"61":{"loc":{"start":{"line":1,"column":4547},"end":{"line":1,"column":4619}},"type":"binary-expr","locations":[{"start":{"line":1,"column":4548},"end":{"line":1,"column":4552}},{"start":{"line":1,"column":4554},"end":{"line":1,"column":4558}},{"start":{"line":1,"column":4561},"end":{"line":1,"column":4619}}],"line":1},"62":{"loc":{"start":{"line":1,"column":4620},"end":{"line":1,"column":4634}},"type":"binary-expr","locations":[{"start":{"line":1,"column":4620},"end":{"line":1,"column":4624}},{"start":{"line":1,"column":4627},"end":{"line":1,"column":4633}}],"line":1},"63":{"loc":{"start":{"line":1,"column":4635},"end":{"line":1,"column":4699}},"type":"binary-expr","locations":[{"start":{"line":1,"column":4635},"end":{"line":1,"column":4639}},{"start":{"line":1,"column":4641},"end":{"line":1,"column":4699}}],"line":1},"64":{"loc":{"start":{"line":1,"column":4725},"end":{"line":1,"column":4758}},"type":"if","locations":[{"start":{"line":1,"column":4725},"end":{"line":1,"column":4758}},{"start":{},"end":{}}],"line":1},"65":{"loc":{"start":{"line":1,"column":4728},"end":{"line":1,"column":4747}},"type":"binary-expr","locations":[{"start":{"line":1,"column":4728},"end":{"line":1,"column":4740}},{"start":{"line":1,"column":4742},"end":{"line":1,"column":4747}}],"line":1},"66":{"loc":{"start":{"line":1,"column":4884},"end":{"line":1,"column":4932}},"type":"binary-expr","locations":[{"start":{"line":1,"column":4884},"end":{"line":1,"column":4887}},{"start":{"line":1,"column":4889},"end":{"line":1,"column":4932}}],"line":1},"67":{"loc":{"start":{"line":1,"column":4933},"end":{"line":1,"column":5030}},"type":"binary-expr","locations":[{"start":{"line":1,"column":4933},"end":{"line":1,"column":4952}},{"start":{"line":1,"column":4954},"end":{"line":1,"column":5030}}],"line":1},"68":{"loc":{"start":{"line":1,"column":5053},"end":{"line":1,"column":5057}},"type":"binary-expr","locations":[{"start":{"line":1,"column":5053},"end":{"line":1,"column":5054}},{"start":{"line":1,"column":5056},"end":{"line":1,"column":5057}}],"line":1},"69":{"loc":{"start":{"line":1,"column":5209},"end":{"line":1,"column":5232}},"type":"if","locations":[{"start":{"line":1,"column":5209},"end":{"line":1,"column":5232}},{"start":{},"end":{}}],"line":1},"70":{"loc":{"start":{"line":1,"column":5250},"end":{"line":1,"column":5315}},"type":"if","locations":[{"start":{"line":1,"column":5250},"end":{"line":1,"column":5315}},{"start":{},"end":{}}],"line":1},"71":{"loc":{"start":{"line":1,"column":5253},"end":{"line":1,"column":5307}},"type":"binary-expr","locations":[{"start":{"line":1,"column":5253},"end":{"line":1,"column":5279}},{"start":{"line":1,"column":5281},"end":{"line":1,"column":5307}}],"line":1},"72":{"loc":{"start":{"line":1,"column":5325},"end":{"line":1,"column":5435}},"type":"cond-expr","locations":[{"start":{"line":1,"column":5369},"end":{"line":1,"column":5379}},{"start":{"line":1,"column":5380},"end":{"line":1,"column":5435}}],"line":1},"73":{"loc":{"start":{"line":1,"column":5325},"end":{"line":1,"column":5368}},"type":"binary-expr","locations":[{"start":{"line":1,"column":5325},"end":{"line":1,"column":5344}},{"start":{"line":1,"column":5346},"end":{"line":1,"column":5368}}],"line":1},"74":{"loc":{"start":{"line":1,"column":5380},"end":{"line":1,"column":5435}},"type":"binary-expr","locations":[{"start":{"line":1,"column":5380},"end":{"line":1,"column":5397}},{"start":{"line":1,"column":5399},"end":{"line":1,"column":5417}},{"start":{"line":1,"column":5420},"end":{"line":1,"column":5434}}],"line":1},"75":{"loc":{"start":{"line":1,"column":5563},"end":{"line":1,"column":5587}},"type":"if","locations":[{"start":{"line":1,"column":5563},"end":{"line":1,"column":5587}},{"start":{},"end":{}}],"line":1},"76":{"loc":{"start":{"line":1,"column":5566},"end":{"line":1,"column":5577}},"type":"binary-expr","locations":[{"start":{"line":1,"column":5566},"end":{"line":1,"column":5570}},{"start":{"line":1,"column":5572},"end":{"line":1,"column":5577}}],"line":1},"77":{"loc":{"start":{"line":1,"column":5615},"end":{"line":1,"column":5657}},"type":"if","locations":[{"start":{"line":1,"column":5615},"end":{"line":1,"column":5657}},{"start":{"line":1,"column":5644},"end":{"line":1,"column":5657}}],"line":1},"78":{"loc":{"start":{"line":1,"column":5624},"end":{"line":1,"column":5638}},"type":"binary-expr","locations":[{"start":{"line":1,"column":5624},"end":{"line":1,"column":5627}},{"start":{"line":1,"column":5629},"end":{"line":1,"column":5638}}],"line":1},"79":{"loc":{"start":{"line":1,"column":5644},"end":{"line":1,"column":5656}},"type":"binary-expr","locations":[{"start":{"line":1,"column":5644},"end":{"line":1,"column":5645}},{"start":{"line":1,"column":5647},"end":{"line":1,"column":5656}}],"line":1},"80":{"loc":{"start":{"line":1,"column":5697},"end":{"line":1,"column":5746}},"type":"binary-expr","locations":[{"start":{"line":1,"column":5697},"end":{"line":1,"column":5706}},{"start":{"line":1,"column":5708},"end":{"line":1,"column":5746}}],"line":1},"81":{"loc":{"start":{"line":1,"column":5701},"end":{"line":1,"column":5705}},"type":"binary-expr","locations":[{"start":{"line":1,"column":5701},"end":{"line":1,"column":5702}},{"start":{"line":1,"column":5704},"end":{"line":1,"column":5705}}],"line":1},"82":{"loc":{"start":{"line":1,"column":5770},"end":{"line":1,"column":5820}},"type":"binary-expr","locations":[{"start":{"line":1,"column":5770},"end":{"line":1,"column":5779}},{"start":{"line":1,"column":5781},"end":{"line":1,"column":5820}}],"line":1},"83":{"loc":{"start":{"line":1,"column":5774},"end":{"line":1,"column":5778}},"type":"binary-expr","locations":[{"start":{"line":1,"column":5774},"end":{"line":1,"column":5775}},{"start":{"line":1,"column":5777},"end":{"line":1,"column":5778}}],"line":1},"84":{"loc":{"start":{"line":1,"column":5821},"end":{"line":1,"column":5842}},"type":"cond-expr","locations":[{"start":{"line":1,"column":5826},"end":{"line":1,"column":5830}},{"start":{"line":1,"column":5831},"end":{"line":1,"column":5842}}],"line":1},"85":{"loc":{"start":{"line":1,"column":5837},"end":{"line":1,"column":5841}},"type":"binary-expr","locations":[{"start":{"line":1,"column":5837},"end":{"line":1,"column":5838}},{"start":{"line":1,"column":5840},"end":{"line":1,"column":5841}}],"line":1},"86":{"loc":{"start":{"line":1,"column":5896},"end":{"line":1,"column":5944}},"type":"cond-expr","locations":[{"start":{"line":1,"column":5901},"end":{"line":1,"column":5904}},{"start":{"line":1,"column":5905},"end":{"line":1,"column":5944}}],"line":1},"87":{"loc":{"start":{"line":1,"column":5905},"end":{"line":1,"column":5944}},"type":"binary-expr","locations":[{"start":{"line":1,"column":5905},"end":{"line":1,"column":5909}},{"start":{"line":1,"column":5912},"end":{"line":1,"column":5943}}],"line":1},"88":{"loc":{"start":{"line":1,"column":5914},"end":{"line":1,"column":5927}},"type":"binary-expr","locations":[{"start":{"line":1,"column":5914},"end":{"line":1,"column":5924}},{"start":{"line":1,"column":5926},"end":{"line":1,"column":5927}}],"line":1},"89":{"loc":{"start":{"line":1,"column":5972},"end":{"line":1,"column":6018}},"type":"binary-expr","locations":[{"start":{"line":1,"column":5972},"end":{"line":1,"column":5984}},{"start":{"line":1,"column":5986},"end":{"line":1,"column":5991}},{"start":{"line":1,"column":5994},"end":{"line":1,"column":6017}}],"line":1},"90":{"loc":{"start":{"line":1,"column":5974},"end":{"line":1,"column":5983}},"type":"binary-expr","locations":[{"start":{"line":1,"column":5974},"end":{"line":1,"column":5976}},{"start":{"line":1,"column":5978},"end":{"line":1,"column":5983}}],"line":1},"91":{"loc":{"start":{"line":1,"column":6040},"end":{"line":1,"column":6075}},"type":"binary-expr","locations":[{"start":{"line":1,"column":6040},"end":{"line":1,"column":6048}},{"start":{"line":1,"column":6051},"end":{"line":1,"column":6074}}],"line":1},"92":{"loc":{"start":{"line":1,"column":6100},"end":{"line":1,"column":6199}},"type":"binary-expr","locations":[{"start":{"line":1,"column":6100},"end":{"line":1,"column":6104}},{"start":{"line":1,"column":6106},"end":{"line":1,"column":6199}}],"line":1},"93":{"loc":{"start":{"line":1,"column":6200},"end":{"line":1,"column":6274}},"type":"binary-expr","locations":[{"start":{"line":1,"column":6200},"end":{"line":1,"column":6203}},{"start":{"line":1,"column":6205},"end":{"line":1,"column":6274}}],"line":1},"94":{"loc":{"start":{"line":1,"column":6403},"end":{"line":1,"column":6406}},"type":"default-arg","locations":[{"start":{"line":1,"column":6405},"end":{"line":1,"column":6406}}],"line":1},"95":{"loc":{"start":{"line":1,"column":6424},"end":{"line":1,"column":6433}},"type":"cond-expr","locations":[{"start":{"line":1,"column":6430},"end":{"line":1,"column":6431}},{"start":{"line":1,"column":6432},"end":{"line":1,"column":6433}}],"line":1},"96":{"loc":{"start":{"line":1,"column":6578},"end":{"line":1,"column":6659}},"type":"binary-expr","locations":[{"start":{"line":1,"column":6578},"end":{"line":1,"column":6582}},{"start":{"line":1,"column":6584},"end":{"line":1,"column":6588}},{"start":{"line":1,"column":6590},"end":{"line":1,"column":6659}}],"line":1},"97":{"loc":{"start":{"line":1,"column":6662},"end":{"line":1,"column":6666}},"type":"binary-expr","locations":[{"start":{"line":1,"column":6662},"end":{"line":1,"column":6663}},{"start":{"line":1,"column":6665},"end":{"line":1,"column":6666}}],"line":1}},"s":{"0":15,"1":15,"2":0,"3":15,"4":15,"5":14,"6":15,"7":11,"8":15,"9":3,"10":15,"11":3,"12":15,"13":3,"14":15,"15":9,"16":15,"17":6,"18":15,"19":13,"20":0,"21":0,"22":0,"23":0,"24":0,"25":0,"26":15,"27":0,"28":0,"29":15,"30":0,"31":0,"32":0,"33":0,"34":0,"35":0,"36":0,"37":0,"38":15,"39":0,"40":0,"41":0,"42":0,"43":0,"44":0,"45":0,"46":0,"47":0,"48":0,"49":0,"50":0,"51":0,"52":15,"53":15,"54":0,"55":15,"56":12,"57":12,"58":12,"59":15,"60":15,"61":15,"62":15,"63":15,"64":15,"65":10,"66":10,"67":0,"68":10,"69":1,"70":9,"71":0,"72":0,"73":9,"74":2,"75":7,"76":7,"77":7,"78":15,"79":4,"80":1,"81":3,"82":3,"83":1,"84":2,"85":2,"86":2,"87":2,"88":15,"89":3,"90":15,"91":5,"92":5,"93":15,"94":15,"95":15,"96":0,"97":15,"98":0,"99":0,"100":0,"101":0,"102":0,"103":0,"104":0,"105":0,"106":0,"107":0,"108":0,"109":0,"110":0,"111":0,"112":0,"113":0,"114":0,"115":0,"116":0,"117":0,"118":0,"119":0,"120":0,"121":0,"122":0,"123":0,"124":0,"125":0,"126":0,"127":0,"128":0,"129":0,"130":0,"131":0,"132":0,"133":0,"134":0,"135":0,"136":0,"137":0,"138":0,"139":0,"140":0,"141":0,"142":0,"143":0,"144":0,"145":0,"146":0,"147":0,"148":0,"149":0,"150":0,"151":0,"152":0,"153":0,"154":15,"155":4,"156":2,"157":2,"158":0,"159":0,"160":0,"161":0,"162":0,"163":0,"164":0,"165":0,"166":0,"167":0,"168":0,"169":0,"170":0,"171":0,"172":0,"173":0,"174":0,"175":0,"176":0,"177":0,"178":0,"179":0,"180":0,"181":0,"182":0,"183":0,"184":0,"185":0,"186":0,"187":0,"188":0,"189":0,"190":0,"191":0,"192":0,"193":0,"194":0,"195":0,"196":0,"197":0,"198":0,"199":0,"200":0,"201":0,"202":0,"203":0,"204":0,"205":0,"206":0,"207":0,"208":0,"209":0,"210":0,"211":0,"212":0,"213":0,"214":0,"215":0,"216":0,"217":0,"218":0,"219":0,"220":0},"f":{"0":0,"1":14,"2":11,"3":3,"4":3,"5":3,"6":9,"7":6,"8":13,"9":0,"10":0,"11":0,"12":0,"13":0,"14":0,"15":12,"16":10,"17":4,"18":2,"19":3,"20":5,"21":0,"22":0,"23":0,"24":0,"25":0,"26":0,"27":0,"28":0,"29":0,"30":0,"31":0,"32":0,"33":0,"34":0,"35":0,"36":0,"37":0,"38":4,"39":2,"40":0,"41":0,"42":0,"43":0,"44":0,"45":0,"46":0,"47":0,"48":0,"49":0,"50":0,"51":0,"52":0,"53":0,"54":0,"55":0,"56":0,"57":0,"58":0,"59":0,"60":0,"61":0,"62":0,"63":0,"64":0,"65":0,"66":0,"67":0},"b":{"0":[0,0,0],"1":[6,5],"2":[13,4],"3":[0,0],"4":[0,0],"5":[0,0],"6":[0,0],"7":[0,0],"8":[0,0],"9":[0,0],"10":[0,0],"11":[0,0],"12":[0,0],"13":[0],"14":[12,0],"15":[0,10],"16":[1,9],"17":[0,9],"18":[0,0],"19":[0,0],"20":[2,7],"21":[0,7],"22":[7,7],"23":[0,0],"24":[0,7],"25":[1,3],"26":[0,1],"27":[1,2],"28":[3,2],"29":[0,1],"30":[2,0],"31":[1,1],"32":[3,3],"33":[5,4],"34":[5,4,4,3,3,3],"35":[0,0],"36":[0,0],"37":[0,0],"38":[0,0],"39":[0,0],"40":[0,0],"41":[0,0],"42":[0,0],"43":[0,0],"44":[0,0],"45":[0,0],"46":[0,0],"47":[0,0],"48":[0,0],"49":[0,0,0],"50":[0,0],"51":[0,0],"52":[0],"53":[0,0],"54":[0,0],"55":[0,0],"56":[0,0],"57":[0],"58":[4,3,2],"59":[2,1,1,0],"60":[0],"61":[0,0,0],"62":[0,0],"63":[0,0],"64":[0,0],"65":[0,0],"66":[0,0],"67":[0,0],"68":[0,0],"69":[0,0],"70":[0,0],"71":[0,0],"72":[0,0],"73":[0,0],"74":[0,0,0],"75":[0,0],"76":[0,0],"77":[0,0],"78":[0,0],"79":[0,0],"80":[0,0],"81":[0,0],"82":[0,0],"83":[0,0],"84":[0,0],"85":[0,0],"86":[0,0],"87":[0,0],"88":[0,0],"89":[0,0,0],"90":[0,0],"91":[0,0],"92":[0,0],"93":[0,0],"94":[0],"95":[0,0],"96":[0,0,0],"97":[0,0]},"_coverageSchema":"1a1c01bbd47fc00a2c39e90264f33305004495a9","hash":"76237491aa0563ffcf1d96b1d5761b5c3462df5b"}
,"F:\\my-project\\w-hooks\\lib\\index.es.js": {"path":"F:\\my-project\\w-hooks\\lib\\index.es.js","statementMap":{"0":{"start":{"line":1,"column":8},"end":{"line":1,"column":91}},"1":{"start":{"line":1,"column":12},"end":{"line":1,"column":91}},"2":{"start":{"line":1,"column":94},"end":{"line":1,"column":105}},"3":{"start":{"line":1,"column":108},"end":{"line":1,"column":120}},"4":{"start":{"line":1,"column":111},"end":{"line":1,"column":120}},"5":{"start":{"line":1,"column":123},"end":{"line":1,"column":146}},"6":{"start":{"line":1,"column":126},"end":{"line":1,"column":146}},"7":{"start":{"line":1,"column":149},"end":{"line":1,"column":168}},"8":{"start":{"line":1,"column":152},"end":{"line":1,"column":168}},"9":{"start":{"line":1,"column":171},"end":{"line":1,"column":192}},"10":{"start":{"line":1,"column":174},"end":{"line":1,"column":192}},"11":{"start":{"line":1,"column":195},"end":{"line":1,"column":216}},"12":{"start":{"line":1,"column":198},"end":{"line":1,"column":216}},"13":{"start":{"line":1,"column":219},"end":{"line":1,"column":232}},"14":{"start":{"line":1,"column":222},"end":{"line":1,"column":232}},"15":{"start":{"line":1,"column":235},"end":{"line":1,"column":259}},"16":{"start":{"line":1,"column":238},"end":{"line":1,"column":259}},"17":{"start":{"line":1,"column":262},"end":{"line":1,"column":287}},"18":{"start":{"line":1,"column":265},"end":{"line":1,"column":287}},"19":{"start":{"line":1,"column":313},"end":{"line":1,"column":314}},"20":{"start":{"line":1,"column":315},"end":{"line":1,"column":393}},"21":{"start":{"line":1,"column":353},"end":{"line":1,"column":365}},"22":{"start":{"line":1,"column":366},"end":{"line":1,"column":392}},"23":{"start":{"line":1,"column":383},"end":{"line":1,"column":392}},"24":{"start":{"line":1,"column":393},"end":{"line":1,"column":401}},"25":{"start":{"line":1,"column":410},"end":{"line":1,"column":633}},"26":{"start":{"line":1,"column":428},"end":{"line":1,"column":512}},"27":{"start":{"line":1,"column":532},"end":{"line":1,"column":631}},"28":{"start":{"line":1,"column":636},"end":{"line":1,"column":924}},"29":{"start":{"line":1,"column":640},"end":{"line":1,"column":815}},"30":{"start":{"line":1,"column":823},"end":{"line":1,"column":840}},"31":{"start":{"line":1,"column":831},"end":{"line":1,"column":840}},"32":{"start":{"line":1,"column":841},"end":{"line":1,"column":875}},"33":{"start":{"line":1,"column":875},"end":{"line":1,"column":923}},"34":{"start":{"line":1,"column":886},"end":{"line":1,"column":922}},"35":{"start":{"line":1,"column":947},"end":{"line":1,"column":1086}},"36":{"start":{"line":1,"column":1055},"end":{"line":1,"column":1081}},"37":{"start":{"line":1,"column":1095},"end":{"line":1,"column":1492}},"38":{"start":{"line":1,"column":1105},"end":{"line":1,"column":1127}},"39":{"start":{"line":1,"column":1120},"end":{"line":1,"column":1127}},"40":{"start":{"line":1,"column":1127},"end":{"line":1,"column":1357}},"41":{"start":{"line":1,"column":1363},"end":{"line":1,"column":1365}},"42":{"start":{"line":1,"column":1366},"end":{"line":1,"column":1440}},"43":{"start":{"line":1,"column":1383},"end":{"line":1,"column":1440}},"44":{"start":{"line":1,"column":1448},"end":{"line":1,"column":1466}},"45":{"start":{"line":1,"column":1467},"end":{"line":1,"column":1491}},"46":{"start":{"line":1,"column":1495},"end":{"line":1,"column":1746}},"47":{"start":{"line":1,"column":1499},"end":{"line":1,"column":1521}},"48":{"start":{"line":1,"column":1514},"end":{"line":1,"column":1521}},"49":{"start":{"line":1,"column":1529},"end":{"line":1,"column":1575}},"50":{"start":{"line":1,"column":1578},"end":{"line":1,"column":1580}},"51":{"start":{"line":1,"column":1581},"end":{"line":1,"column":1730}},"52":{"start":{"line":1,"column":1591},"end":{"line":1,"column":1592}},"53":{"start":{"line":1,"column":1615},"end":{"line":1,"column":1630}},"54":{"start":{"line":1,"column":1633},"end":{"line":1,"column":1653}},"55":{"start":{"line":1,"column":1654},"end":{"line":1,"column":1729}},"56":{"start":{"line":1,"column":1664},"end":{"line":1,"column":1688}},"57":{"start":{"line":1,"column":1689},"end":{"line":1,"column":1718}},"58":{"start":{"line":1,"column":1713},"end":{"line":1,"column":1718}},"59":{"start":{"line":1,"column":1730},"end":{"line":1,"column":1745}},"60":{"start":{"line":1,"column":1749},"end":{"line":1,"column":1750}},"61":{"start":{"line":1,"column":1753},"end":{"line":1,"column":1793}},"62":{"start":{"line":1,"column":1764},"end":{"line":1,"column":1792}},"63":{"start":{"line":1,"column":1796},"end":{"line":1,"column":1966}},"64":{"start":{"line":1,"column":1803},"end":{"line":1,"column":1966}},"65":{"start":{"line":1,"column":1808},"end":{"line":1,"column":1858}},"66":{"start":{"line":1,"column":1858},"end":{"line":1,"column":1869}},"67":{"start":{"line":1,"column":1881},"end":{"line":1,"column":1956}},"68":{"start":{"line":1,"column":1962},"end":{"line":1,"column":1965}},"69":{"start":{"line":1,"column":1969},"end":{"line":1,"column":2171}},"70":{"start":{"line":1,"column":1987},"end":{"line":1,"column":1988}},"71":{"start":{"line":1,"column":1989},"end":{"line":1,"column":2121}},"72":{"start":{"line":1,"column":2065},"end":{"line":1,"column":2115}},"73":{"start":{"line":1,"column":2121},"end":{"line":1,"column":2170}},"74":{"start":{"line":1,"column":2133},"end":{"line":1,"column":2168}},"75":{"start":{"line":1,"column":2174},"end":{"line":1,"column":2253}},"76":{"start":{"line":1,"column":2186},"end":{"line":1,"column":2190}},"77":{"start":{"line":1,"column":2193},"end":{"line":1,"column":2221}},"78":{"start":{"line":1,"column":2222},"end":{"line":1,"column":2252}},"79":{"start":{"line":1,"column":2256},"end":{"line":1,"column":2268}},"80":{"start":{"line":1,"column":2271},"end":{"line":1,"column":2291}},"81":{"start":{"line":1,"column":2294},"end":{"line":1,"column":2306}},"82":{"start":{"line":1,"column":2309},"end":{"line":1,"column":2322}},"83":{"start":{"line":1,"column":2325},"end":{"line":1,"column":2333}},"84":{"start":{"line":1,"column":2336},"end":{"line":1,"column":2695}},"85":{"start":{"line":1,"column":2348},"end":{"line":1,"column":2352}},"86":{"start":{"line":1,"column":2353},"end":{"line":1,"column":2388}},"87":{"start":{"line":1,"column":2379},"end":{"line":1,"column":2388}},"88":{"start":{"line":1,"column":2388},"end":{"line":1,"column":2460}},"89":{"start":{"line":1,"column":2449},"end":{"line":1,"column":2460}},"90":{"start":{"line":1,"column":2460},"end":{"line":1,"column":2544}},"91":{"start":{"line":1,"column":2485},"end":{"line":1,"column":2527}},"92":{"start":{"line":1,"column":2528},"end":{"line":1,"column":2543}},"93":{"start":{"line":1,"column":2544},"end":{"line":1,"column":2596}},"94":{"start":{"line":1,"column":2587},"end":{"line":1,"column":2596}},"95":{"start":{"line":1,"column":2596},"end":{"line":1,"column":2620}},"96":{"start":{"line":1,"column":2628},"end":{"line":1,"column":2637}},"97":{"start":{"line":1,"column":2638},"end":{"line":1,"column":2694}},"98":{"start":{"line":1,"column":2698},"end":{"line":1,"column":2714}},"99":{"start":{"line":1,"column":2729},"end":{"line":1,"column":2752}},"100":{"start":{"line":1,"column":2735},"end":{"line":1,"column":2752}},"101":{"start":{"line":1,"column":2760},"end":{"line":1,"column":2764}},"102":{"start":{"line":1,"column":2765},"end":{"line":1,"column":2816}},"103":{"start":{"line":1,"column":2797},"end":{"line":1,"column":2815}},"104":{"start":{"line":1,"column":2816},"end":{"line":1,"column":2832}},"105":{"start":{"line":1,"column":2855},"end":{"line":1,"column":2859}},"106":{"start":{"line":1,"column":2862},"end":{"line":1,"column":2865}},"107":{"start":{"line":1,"column":2866},"end":{"line":1,"column":2880}},"108":{"start":{"line":1,"column":2889},"end":{"line":1,"column":2911}},"109":{"start":{"line":1,"column":2892},"end":{"line":1,"column":2911}},"110":{"start":{"line":1,"column":2914},"end":{"line":1,"column":2984}},"111":{"start":{"line":1,"column":2926},"end":{"line":1,"column":2939}},"112":{"start":{"line":1,"column":2940},"end":{"line":1,"column":2983}},"113":{"start":{"line":1,"column":2987},"end":{"line":1,"column":2997}},"114":{"start":{"line":1,"column":3000},"end":{"line":1,"column":3021}},"115":{"start":{"line":1,"column":3024},"end":{"line":1,"column":3345}},"116":{"start":{"line":1,"column":3034},"end":{"line":1,"column":3187}},"117":{"start":{"line":1,"column":3195},"end":{"line":1,"column":3211}},"118":{"start":{"line":1,"column":3212},"end":{"line":1,"column":3245}},"119":{"start":{"line":1,"column":3235},"end":{"line":1,"column":3245}},"120":{"start":{"line":1,"column":3251},"end":{"line":1,"column":3252}},"121":{"start":{"line":1,"column":3255},"end":{"line":1,"column":3256}},"122":{"start":{"line":1,"column":3265},"end":{"line":1,"column":3286}},"123":{"start":{"line":1,"column":3289},"end":{"line":1,"column":3301}},"124":{"start":{"line":1,"column":3302},"end":{"line":1,"column":3336}},"125":{"start":{"line":1,"column":3312},"end":{"line":1,"column":3336}},"126":{"start":{"line":1,"column":3336},"end":{"line":1,"column":3344}},"127":{"start":{"line":1,"column":3348},"end":{"line":1,"column":3455}},"128":{"start":{"line":1,"column":3352},"end":{"line":1,"column":3376}},"129":{"start":{"line":1,"column":3367},"end":{"line":1,"column":3376}},"130":{"start":{"line":1,"column":3384},"end":{"line":1,"column":3386}},"131":{"start":{"line":1,"column":3387},"end":{"line":1,"column":3446}},"132":{"start":{"line":1,"column":3404},"end":{"line":1,"column":3446}},"133":{"start":{"line":1,"column":3413},"end":{"line":1,"column":3427}},"134":{"start":{"line":1,"column":3433},"end":{"line":1,"column":3446}},"135":{"start":{"line":1,"column":3446},"end":{"line":1,"column":3454}},"136":{"start":{"line":1,"column":3458},"end":{"line":1,"column":3493}},"137":{"start":{"line":1,"column":3461},"end":{"line":1,"column":3493}},"138":{"start":{"line":1,"column":3496},"end":{"line":1,"column":3967}},"139":{"start":{"line":1,"column":3506},"end":{"line":1,"column":3958}},"140":{"start":{"line":1,"column":3531},"end":{"line":1,"column":3551}},"141":{"start":{"line":1,"column":3556},"end":{"line":1,"column":3958}},"142":{"start":{"line":1,"column":3614},"end":{"line":1,"column":3615}},"143":{"start":{"line":1,"column":3618},"end":{"line":1,"column":3644}},"144":{"start":{"line":1,"column":3645},"end":{"line":1,"column":3769}},"145":{"start":{"line":1,"column":3783},"end":{"line":1,"column":3784}},"146":{"start":{"line":1,"column":3785},"end":{"line":1,"column":3830}},"147":{"start":{"line":1,"column":3838},"end":{"line":1,"column":3859}},"148":{"start":{"line":1,"column":3862},"end":{"line":1,"column":3884}},"149":{"start":{"line":1,"column":3885},"end":{"line":1,"column":3957}},"150":{"start":{"line":1,"column":3958},"end":{"line":1,"column":3966}},"151":{"start":{"line":1,"column":3970},"end":{"line":1,"column":4629}},"152":{"start":{"line":1,"column":3974},"end":{"line":1,"column":4121}},"153":{"start":{"line":1,"column":4129},"end":{"line":1,"column":4254}},"154":{"start":{"line":1,"column":4141},"end":{"line":1,"column":4148}},"155":{"start":{"line":1,"column":4151},"end":{"line":1,"column":4155}},"156":{"start":{"line":1,"column":4156},"end":{"line":1,"column":4253}},"157":{"start":{"line":1,"column":4180},"end":{"line":1,"column":4250}},"158":{"start":{"line":1,"column":4224},"end":{"line":1,"column":4228}},"159":{"start":{"line":1,"column":4243},"end":{"line":1,"column":4248}},"160":{"start":{"line":1,"column":4255},"end":{"line":1,"column":4628}},"161":{"start":{"line":1,"column":4267},"end":{"line":1,"column":4531}},"162":{"start":{"line":1,"column":4284},"end":{"line":1,"column":4528}},"163":{"start":{"line":1,"column":4299},"end":{"line":1,"column":4322}},"164":{"start":{"line":1,"column":4309},"end":{"line":1,"column":4322}},"165":{"start":{"line":1,"column":4322},"end":{"line":1,"column":4327}},"166":{"start":{"line":1,"column":4335},"end":{"line":1,"column":4339}},"167":{"start":{"line":1,"column":4340},"end":{"line":1,"column":4405}},"168":{"start":{"line":1,"column":4398},"end":{"line":1,"column":4405}},"169":{"start":{"line":1,"column":4413},"end":{"line":1,"column":4414}},"170":{"start":{"line":1,"column":4415},"end":{"line":1,"column":4525}},"171":{"start":{"line":1,"column":4535},"end":{"line":1,"column":4627}},"172":{"start":{"line":1,"column":4552},"end":{"line":1,"column":4624}},"173":{"start":{"line":1,"column":4596},"end":{"line":1,"column":4600}},"174":{"start":{"line":1,"column":4616},"end":{"line":1,"column":4621}},"175":{"start":{"line":1,"column":4664},"end":{"line":1,"column":4715}},"176":{"start":{"line":1,"column":4754},"end":{"line":1,"column":4807}},"177":{"start":{"line":1,"column":4816},"end":{"line":1,"column":4842}},"178":{"start":{"line":1,"column":4833},"end":{"line":1,"column":4842}},"179":{"start":{"line":1,"column":4850},"end":{"line":1,"column":4858}},"180":{"start":{"line":1,"column":4859},"end":{"line":1,"column":4914}},"181":{"start":{"line":1,"column":4879},"end":{"line":1,"column":4914}},"182":{"start":{"line":1,"column":4920},"end":{"line":1,"column":4929}},"183":{"start":{"line":1,"column":4930},"end":{"line":1,"column":4955}},"184":{"start":{"line":1,"column":4946},"end":{"line":1,"column":4955}},"185":{"start":{"line":1,"column":4955},"end":{"line":1,"column":4986}},"186":{"start":{"line":1,"column":4993},"end":{"line":1,"column":5020}},"187":{"start":{"line":1,"column":5011},"end":{"line":1,"column":5020}},"188":{"start":{"line":1,"column":5020},"end":{"line":1,"column":5106}},"189":{"start":{"line":1,"column":5055},"end":{"line":1,"column":5068}},"190":{"start":{"line":1,"column":5069},"end":{"line":1,"column":5105}},"191":{"start":{"line":1,"column":5112},"end":{"line":1,"column":5121}},"192":{"start":{"line":1,"column":5122},"end":{"line":1,"column":5160}},"193":{"start":{"line":1,"column":5151},"end":{"line":1,"column":5160}},"194":{"start":{"line":1,"column":5168},"end":{"line":1,"column":5178}},"195":{"start":{"line":1,"column":5179},"end":{"line":1,"column":5212}},"196":{"start":{"line":1,"column":5220},"end":{"line":1,"column":5247}},"197":{"start":{"line":1,"column":5238},"end":{"line":1,"column":5247}},"198":{"start":{"line":1,"column":5253},"end":{"line":1,"column":5262}},"199":{"start":{"line":1,"column":5263},"end":{"line":1,"column":5288}},"200":{"start":{"line":1,"column":5279},"end":{"line":1,"column":5288}},"201":{"start":{"line":1,"column":5288},"end":{"line":1,"column":5300}},"202":{"start":{"line":1,"column":5311},"end":{"line":1,"column":5331}},"203":{"start":{"line":1,"column":5341},"end":{"line":1,"column":5368}},"204":{"start":{"line":1,"column":5393},"end":{"line":1,"column":5395}},"205":{"start":{"line":1,"column":5402},"end":{"line":1,"column":5411}},"206":{"start":{"line":1,"column":5412},"end":{"line":1,"column":5443}},"207":{"start":{"line":1,"column":5420},"end":{"line":1,"column":5443}},"208":{"start":{"line":1,"column":5443},"end":{"line":1,"column":5459}},"209":{"start":{"line":1,"column":5499},"end":{"line":1,"column":5551}},"210":{"start":{"line":1,"column":5560},"end":{"line":1,"column":5618}},"211":{"start":{"line":1,"column":5625},"end":{"line":1,"column":5652}},"212":{"start":{"line":1,"column":5643},"end":{"line":1,"column":5652}},"213":{"start":{"line":1,"column":5660},"end":{"line":1,"column":5676}},"214":{"start":{"line":1,"column":5677},"end":{"line":1,"column":5698}},"215":{"start":{"line":1,"column":5706},"end":{"line":1,"column":5752}},"216":{"start":{"line":1,"column":5763},"end":{"line":1,"column":5783}},"217":{"start":{"line":1,"column":5793},"end":{"line":1,"column":5820}},"218":{"start":{"line":1,"column":5837},"end":{"line":1,"column":5862}},"219":{"start":{"line":1,"column":5872},"end":{"line":1,"column":6008}},"220":{"start":{"line":1,"column":5890},"end":{"line":1,"column":5907}},"221":{"start":{"line":1,"column":5908},"end":{"line":1,"column":6007}},"222":{"start":{"line":1,"column":6000},"end":{"line":1,"column":6006}},"223":{"start":{"line":1,"column":6011},"end":{"line":1,"column":6096}},"224":{"start":{"line":1,"column":6023},"end":{"line":1,"column":6031}},"225":{"start":{"line":1,"column":6032},"end":{"line":1,"column":6095}},"226":{"start":{"line":1,"column":6099},"end":{"line":1,"column":6140}},"227":{"start":{"line":1,"column":6102},"end":{"line":1,"column":6140}}},"fnMap":{"0":{"name":"(anonymous_0)","decl":{"start":{"line":1,"column":8},"end":{"line":1,"column":9}},"loc":{"start":{"line":1,"column":12},"end":{"line":1,"column":91}},"line":1},"1":{"name":"(anonymous_1)","decl":{"start":{"line":1,"column":108},"end":{"line":1,"column":109}},"loc":{"start":{"line":1,"column":111},"end":{"line":1,"column":120}},"line":1},"2":{"name":"(anonymous_2)","decl":{"start":{"line":1,"column":123},"end":{"line":1,"column":124}},"loc":{"start":{"line":1,"column":126},"end":{"line":1,"column":146}},"line":1},"3":{"name":"(anonymous_3)","decl":{"start":{"line":1,"column":149},"end":{"line":1,"column":150}},"loc":{"start":{"line":1,"column":152},"end":{"line":1,"column":168}},"line":1},"4":{"name":"(anonymous_4)","decl":{"start":{"line":1,"column":171},"end":{"line":1,"column":172}},"loc":{"start":{"line":1,"column":174},"end":{"line":1,"column":192}},"line":1},"5":{"name":"(anonymous_5)","decl":{"start":{"line":1,"column":195},"end":{"line":1,"column":196}},"loc":{"start":{"line":1,"column":198},"end":{"line":1,"column":216}},"line":1},"6":{"name":"(anonymous_6)","decl":{"start":{"line":1,"column":219},"end":{"line":1,"column":220}},"loc":{"start":{"line":1,"column":222},"end":{"line":1,"column":232}},"line":1},"7":{"name":"(anonymous_7)","decl":{"start":{"line":1,"column":235},"end":{"line":1,"column":236}},"loc":{"start":{"line":1,"column":238},"end":{"line":1,"column":259}},"line":1},"8":{"name":"(anonymous_8)","decl":{"start":{"line":1,"column":262},"end":{"line":1,"column":263}},"loc":{"start":{"line":1,"column":265},"end":{"line":1,"column":287}},"line":1},"9":{"name":"l","decl":{"start":{"line":1,"column":297},"end":{"line":1,"column":298}},"loc":{"start":{"line":1,"column":306},"end":{"line":1,"column":402}},"line":1},"10":{"name":"(anonymous_10)","decl":{"start":{"line":1,"column":416},"end":{"line":1,"column":417}},"loc":{"start":{"line":1,"column":427},"end":{"line":1,"column":513}},"line":1},"11":{"name":"(anonymous_11)","decl":{"start":{"line":1,"column":520},"end":{"line":1,"column":521}},"loc":{"start":{"line":1,"column":531},"end":{"line":1,"column":632}},"line":1},"12":{"name":"(anonymous_12)","decl":{"start":{"line":1,"column":636},"end":{"line":1,"column":637}},"loc":{"start":{"line":1,"column":639},"end":{"line":1,"column":924}},"line":1},"13":{"name":"(anonymous_13)","decl":{"start":{"line":1,"column":823},"end":{"line":1,"column":824}},"loc":{"start":{"line":1,"column":831},"end":{"line":1,"column":840}},"line":1},"14":{"name":"(anonymous_14)","decl":{"start":{"line":1,"column":882},"end":{"line":1,"column":883}},"loc":{"start":{"line":1,"column":886},"end":{"line":1,"column":922}},"line":1},"15":{"name":"p","decl":{"start":{"line":1,"column":934},"end":{"line":1,"column":935}},"loc":{"start":{"line":1,"column":940},"end":{"line":1,"column":1087}},"line":1},"16":{"name":"(anonymous_16)","decl":{"start":{"line":1,"column":1050},"end":{"line":1,"column":1051}},"loc":{"start":{"line":1,"column":1054},"end":{"line":1,"column":1082}},"line":1},"17":{"name":"(anonymous_17)","decl":{"start":{"line":1,"column":1095},"end":{"line":1,"column":1096}},"loc":{"start":{"line":1,"column":1104},"end":{"line":1,"column":1492}},"line":1},"18":{"name":"(anonymous_18)","decl":{"start":{"line":1,"column":1495},"end":{"line":1,"column":1496}},"loc":{"start":{"line":1,"column":1498},"end":{"line":1,"column":1746}},"line":1},"19":{"name":"(anonymous_19)","decl":{"start":{"line":1,"column":1753},"end":{"line":1,"column":1754}},"loc":{"start":{"line":1,"column":1763},"end":{"line":1,"column":1793}},"line":1},"20":{"name":"(anonymous_20)","decl":{"start":{"line":1,"column":1796},"end":{"line":1,"column":1797}},"loc":{"start":{"line":1,"column":1803},"end":{"line":1,"column":1966}},"line":1},"21":{"name":"(anonymous_21)","decl":{"start":{"line":1,"column":1804},"end":{"line":1,"column":1805}},"loc":{"start":{"line":1,"column":1807},"end":{"line":1,"column":1870}},"line":1},"22":{"name":"(anonymous_22)","decl":{"start":{"line":1,"column":1871},"end":{"line":1,"column":1872}},"loc":{"start":{"line":1,"column":1881},"end":{"line":1,"column":1956}},"line":1},"23":{"name":"(anonymous_23)","decl":{"start":{"line":1,"column":1958},"end":{"line":1,"column":1959}},"loc":{"start":{"line":1,"column":1962},"end":{"line":1,"column":1965}},"line":1},"24":{"name":"(anonymous_24)","decl":{"start":{"line":1,"column":1969},"end":{"line":1,"column":1970}},"loc":{"start":{"line":1,"column":1976},"end":{"line":1,"column":2171}},"line":1},"25":{"name":"(anonymous_25)","decl":{"start":{"line":1,"column":2060},"end":{"line":1,"column":2061}},"loc":{"start":{"line":1,"column":2064},"end":{"line":1,"column":2116}},"line":1},"26":{"name":"(anonymous_26)","decl":{"start":{"line":1,"column":2128},"end":{"line":1,"column":2129}},"loc":{"start":{"line":1,"column":2132},"end":{"line":1,"column":2169}},"line":1},"27":{"name":"(anonymous_27)","decl":{"start":{"line":1,"column":2174},"end":{"line":1,"column":2175}},"loc":{"start":{"line":1,"column":2177},"end":{"line":1,"column":2253}},"line":1},"28":{"name":"(anonymous_28)","decl":{"start":{"line":1,"column":2336},"end":{"line":1,"column":2337}},"loc":{"start":{"line":1,"column":2339},"end":{"line":1,"column":2695}},"line":1},"29":{"name":"C","decl":{"start":{"line":1,"column":2724},"end":{"line":1,"column":2725}},"loc":{"start":{"line":1,"column":2728},"end":{"line":1,"column":2833}},"line":1},"30":{"name":"T","decl":{"start":{"line":1,"column":2842},"end":{"line":1,"column":2843}},"loc":{"start":{"line":1,"column":2846},"end":{"line":1,"column":2881}},"line":1},"31":{"name":"(anonymous_31)","decl":{"start":{"line":1,"column":2889},"end":{"line":1,"column":2890}},"loc":{"start":{"line":1,"column":2892},"end":{"line":1,"column":2911}},"line":1},"32":{"name":"(anonymous_32)","decl":{"start":{"line":1,"column":2914},"end":{"line":1,"column":2915}},"loc":{"start":{"line":1,"column":2917},"end":{"line":1,"column":2984}},"line":1},"33":{"name":"(anonymous_33)","decl":{"start":{"line":1,"column":3024},"end":{"line":1,"column":3025}},"loc":{"start":{"line":1,"column":3033},"end":{"line":1,"column":3345}},"line":1},"34":{"name":"(anonymous_34)","decl":{"start":{"line":1,"column":3348},"end":{"line":1,"column":3349}},"loc":{"start":{"line":1,"column":3351},"end":{"line":1,"column":3455}},"line":1},"35":{"name":"(anonymous_35)","decl":{"start":{"line":1,"column":3458},"end":{"line":1,"column":3459}},"loc":{"start":{"line":1,"column":3461},"end":{"line":1,"column":3493}},"line":1},"36":{"name":"(anonymous_36)","decl":{"start":{"line":1,"column":3496},"end":{"line":1,"column":3497}},"loc":{"start":{"line":1,"column":3499},"end":{"line":1,"column":3967}},"line":1},"37":{"name":"(anonymous_37)","decl":{"start":{"line":1,"column":3970},"end":{"line":1,"column":3971}},"loc":{"start":{"line":1,"column":3973},"end":{"line":1,"column":4629}},"line":1},"38":{"name":"(anonymous_38)","decl":{"start":{"line":1,"column":4129},"end":{"line":1,"column":4130}},"loc":{"start":{"line":1,"column":4132},"end":{"line":1,"column":4254}},"line":1},"39":{"name":"(anonymous_39)","decl":{"start":{"line":1,"column":4176},"end":{"line":1,"column":4177}},"loc":{"start":{"line":1,"column":4179},"end":{"line":1,"column":4251}},"line":1},"40":{"name":"(anonymous_40)","decl":{"start":{"line":1,"column":4219},"end":{"line":1,"column":4220}},"loc":{"start":{"line":1,"column":4223},"end":{"line":1,"column":4229}},"line":1},"41":{"name":"(anonymous_41)","decl":{"start":{"line":1,"column":4239},"end":{"line"
[...]
n":2252}}],"line":1},"31":{"loc":{"start":{"line":1,"column":2353},"end":{"line":1,"column":2388}},"type":"if","locations":[{"start":{"line":1,"column":2353},"end":{"line":1,"column":2388}},{"start":{},"end":{}}],"line":1},"32":{"loc":{"start":{"line":1,"column":2388},"end":{"line":1,"column":2460}},"type":"if","locations":[{"start":{"line":1,"column":2388},"end":{"line":1,"column":2460}},{"start":{},"end":{}}],"line":1},"33":{"loc":{"start":{"line":1,"column":2460},"end":{"line":1,"column":2544}},"type":"if","locations":[{"start":{"line":1,"column":2460},"end":{"line":1,"column":2544}},{"start":{},"end":{}}],"line":1},"34":{"loc":{"start":{"line":1,"column":2485},"end":{"line":1,"column":2527}},"type":"cond-expr","locations":[{"start":{"line":1,"column":2514},"end":{"line":1,"column":2525}},{"start":{"line":1,"column":2526},"end":{"line":1,"column":2527}}],"line":1},"35":{"loc":{"start":{"line":1,"column":2530},"end":{"line":1,"column":2543}},"type":"cond-expr","locations":[{"start":{"line":1,"column":2535},"end":{"line":1,"column":2541}},{"start":{"line":1,"column":2542},"end":{"line":1,"column":2543}}],"line":1},"36":{"loc":{"start":{"line":1,"column":2544},"end":{"line":1,"column":2596}},"type":"if","locations":[{"start":{"line":1,"column":2544},"end":{"line":1,"column":2596}},{"start":{},"end":{}}],"line":1},"37":{"loc":{"start":{"line":1,"column":2645},"end":{"line":1,"column":2694}},"type":"cond-expr","locations":[{"start":{"line":1,"column":2658},"end":{"line":1,"column":2677}},{"start":{"line":1,"column":2678},"end":{"line":1,"column":2694}}],"line":1},"38":{"loc":{"start":{"line":1,"column":2645},"end":{"line":1,"column":2657}},"type":"binary-expr","locations":[{"start":{"line":1,"column":2645},"end":{"line":1,"column":2646}},{"start":{"line":1,"column":2648},"end":{"line":1,"column":2657}}],"line":1},"39":{"loc":{"start":{"line":1,"column":2671},"end":{"line":1,"column":2676}},"type":"cond-expr","locations":[{"start":{"line":1,"column":2673},"end":{"line":1,"column":2674}},{"start":{"line":1,"column":2675},"end":{"line":1,"column":2676}}],"line":1},"40":{"loc":{"start":{"line":1,"column":2678},"end":{"line":1,"column":2694}},"type":"cond-expr","locations":[{"start":{"line":1,"column":2688},"end":{"line":1,"column":2691}},{"start":{"line":1,"column":2692},"end":{"line":1,"column":2694}}],"line":1},"41":{"loc":{"start":{"line":1,"column":2729},"end":{"line":1,"column":2752}},"type":"if","locations":[{"start":{"line":1,"column":2729},"end":{"line":1,"column":2752}},{"start":{},"end":{}}],"line":1},"42":{"loc":{"start":{"line":1,"column":2742},"end":{"line":1,"column":2751}},"type":"cond-expr","locations":[{"start":{"line":1,"column":2748},"end":{"line":1,"column":2749}},{"start":{"line":1,"column":2750},"end":{"line":1,"column":2751}}],"line":1},"43":{"loc":{"start":{"line":1,"column":2765},"end":{"line":1,"column":2816}},"type":"if","locations":[{"start":{"line":1,"column":2765},"end":{"line":1,"column":2816}},{"start":{},"end":{}}],"line":1},"44":{"loc":{"start":{"line":1,"column":2768},"end":{"line":1,"column":2795}},"type":"binary-expr","locations":[{"start":{"line":1,"column":2768},"end":{"line":1,"column":2780}},{"start":{"line":1,"column":2782},"end":{"line":1,"column":2795}}],"line":1},"45":{"loc":{"start":{"line":1,"column":2804},"end":{"line":1,"column":2812}},"type":"cond-expr","locations":[{"start":{"line":1,"column":2808},"end":{"line":1,"column":2810}},{"start":{"line":1,"column":2811},"end":{"line":1,"column":2812}}],"line":1},"46":{"loc":{"start":{"line":1,"column":2823},"end":{"line":1,"column":2832}},"type":"cond-expr","locations":[{"start":{"line":1,"column":2829},"end":{"line":1,"column":2830}},{"start":{"line":1,"column":2831},"end":{"line":1,"column":2832}}],"line":1},"47":{"loc":{"start":{"line":1,"column":2873},"end":{"line":1,"column":2880}},"type":"cond-expr","locations":[{"start":{"line":1,"column":2875},"end":{"line":1,"column":2878}},{"start":{"line":1,"column":2879},"end":{"line":1,"column":2880}}],"line":1},"48":{"loc":{"start":{"line":1,"column":2892},"end":{"line":1,"column":2911}},"type":"binary-expr","locations":[{"start":{"line":1,"column":2892},"end":{"line":1,"column":2897}},{"start":{"line":1,"column":2899},"end":{"line":1,"column":2911}}],"line":1},"49":{"loc":{"start":{"line":1,"column":2926},"end":{"line":1,"column":2939}},"type":"binary-expr","locations":[{"start":{"line":1,"column":2926},"end":{"line":1,"column":2929}},{"start":{"line":1,"column":2931},"end":{"line":1,"column":2939}}],"line":1},"50":{"loc":{"start":{"line":1,"column":2948},"end":{"line":1,"column":2982}},"type":"binary-expr","locations":[{"start":{"line":1,"column":2948},"end":{"line":1,"column":2952}},{"start":{"line":1,"column":2954},"end":{"line":1,"column":2958}},{"start":{"line":1,"column":2960},"end":{"line":1,"column":2964}},{"start":{"line":1,"column":2966},"end":{"line":1,"column":2970}},{"start":{"line":1,"column":2972},"end":{"line":1,"column":2976}},{"start":{"line":1,"column":2978},"end":{"line":1,"column":2982}}],"line":1},"51":{"loc":{"start":{"line":1,"column":3027},"end":{"line":1,"column":3030}},"type":"default-arg","locations":[{"start":{"line":1,"column":3029},"end":{"line":1,"column":3030}}],"line":1},"52":{"loc":{"start":{"line":1,"column":3034},"end":{"line":1,"column":3106}},"type":"binary-expr","locations":[{"start":{"line":1,"column":3035},"end":{"line":1,"column":3039}},{"start":{"line":1,"column":3041},"end":{"line":1,"column":3045}},{"start":{"line":1,"column":3048},"end":{"line":1,"column":3106}}],"line":1},"53":{"loc":{"start":{"line":1,"column":3107},"end":{"line":1,"column":3121}},"type":"binary-expr","locations":[{"start":{"line":1,"column":3107},"end":{"line":1,"column":3111}},{"start":{"line":1,"column":3114},"end":{"line":1,"column":3120}}],"line":1},"54":{"loc":{"start":{"line":1,"column":3122},"end":{"line":1,"column":3186}},"type":"binary-expr","locations":[{"start":{"line":1,"column":3122},"end":{"line":1,"column":3126}},{"start":{"line":1,"column":3128},"end":{"line":1,"column":3186}}],"line":1},"55":{"loc":{"start":{"line":1,"column":3212},"end":{"line":1,"column":3245}},"type":"if","locations":[{"start":{"line":1,"column":3212},"end":{"line":1,"column":3245}},{"start":{},"end":{}}],"line":1},"56":{"loc":{"start":{"line":1,"column":3215},"end":{"line":1,"column":3234}},"type":"binary-expr","locations":[{"start":{"line":1,"column":3215},"end":{"line":1,"column":3227}},{"start":{"line":1,"column":3229},"end":{"line":1,"column":3234}}],"line":1},"57":{"loc":{"start":{"line":1,"column":3352},"end":{"line":1,"column":3376}},"type":"if","locations":[{"start":{"line":1,"column":3352},"end":{"line":1,"column":3376}},{"start":{},"end":{}}],"line":1},"58":{"loc":{"start":{"line":1,"column":3355},"end":{"line":1,"column":3366}},"type":"binary-expr","locations":[{"start":{"line":1,"column":3355},"end":{"line":1,"column":3359}},{"start":{"line":1,"column":3361},"end":{"line":1,"column":3366}}],"line":1},"59":{"loc":{"start":{"line":1,"column":3404},"end":{"line":1,"column":3446}},"type":"if","locations":[{"start":{"line":1,"column":3404},"end":{"line":1,"column":3446}},{"start":{"line":1,"column":3433},"end":{"line":1,"column":3446}}],"line":1},"60":{"loc":{"start":{"line":1,"column":3413},"end":{"line":1,"column":3427}},"type":"binary-expr","locations":[{"start":{"line":1,"column":3413},"end":{"line":1,"column":3416}},{"start":{"line":1,"column":3418},"end":{"line":1,"column":3427}}],"line":1},"61":{"loc":{"start":{"line":1,"column":3433},"end":{"line":1,"column":3445}},"type":"binary-expr","locations":[{"start":{"line":1,"column":3433},"end":{"line":1,"column":3434}},{"start":{"line":1,"column":3436},"end":{"line":1,"column":3445}}],"line":1},"62":{"loc":{"start":{"line":1,"column":3461},"end":{"line":1,"column":3493}},"type":"cond-expr","locations":[{"start":{"line":1,"column":3466},"end":{"line":1,"column":3467}},{"start":{"line":1,"column":3468},"end":{"line":1,"column":3493}}],"line":1},"63":{"loc":{"start":{"line":1,"column":3506},"end":{"line":1,"column":3958}},"type":"if","locations":[{"start":{"line":1,"column":3506},"end":{"line":1,"column":3958}},{"start":{"line":1,"column":3556},"end":{"line":1,"column":3958}}],"line":1},"64":{"loc":{"start":{"line":1,"column":3556},"end":{"line":1,"column":3958}},"type":"if","locations":[{"start":{"line":1,"column":3556},"end":{"line":1,"column":3958}},{"start":{"line":1,"column":3774},"end":{"line":1,"column":3958}}],"line":1},"65":{"loc":{"start":{"line":1,"column":3559},"end":{"line":1,"column":3604}},"type":"binary-expr","locations":[{"start":{"line":1,"column":3559},"end":{"line":1,"column":3579}},{"start":{"line":1,"column":3581},"end":{"line":1,"column":3604}}],"line":1},"66":{"loc":{"start":{"line":1,"column":3645},"end":{"line":1,"column":3677}},"type":"binary-expr","locations":[{"start":{"line":1,"column":3645},"end":{"line":1,"column":3646}},{"start":{"line":1,"column":3648},"end":{"line":1,"column":3677}}],"line":1},"67":{"loc":{"start":{"line":1,"column":3727},"end":{"line":1,"column":3759}},"type":"binary-expr","locations":[{"start":{"line":1,"column":3727},"end":{"line":1,"column":3728}},{"start":{"line":1,"column":3730},"end":{"line":1,"column":3759}}],"line":1},"68":{"loc":{"start":{"line":1,"column":3785},"end":{"line":1,"column":3829}},"type":"binary-expr","locations":[{"start":{"line":1,"column":3785},"end":{"line":1,"column":3818}},{"start":{"line":1,"column":3820},"end":{"line":1,"column":3829}}],"line":1},"69":{"loc":{"start":{"line":1,"column":3974},"end":{"line":1,"column":4022}},"type":"binary-expr","locations":[{"start":{"line":1,"column":3974},"end":{"line":1,"column":3977}},{"start":{"line":1,"column":3979},"end":{"line":1,"column":4022}}],"line":1},"70":{"loc":{"start":{"line":1,"column":4023},"end":{"line":1,"column":4120}},"type":"binary-expr","locations":[{"start":{"line":1,"column":4023},"end":{"line":1,"column":4042}},{"start":{"line":1,"column":4044},"end":{"line":1,"column":4120}}],"line":1},"71":{"loc":{"start":{"line":1,"column":4143},"end":{"line":1,"column":4147}},"type":"binary-expr","locations":[{"start":{"line":1,"column":4143},"end":{"line":1,"column":4144}},{"start":{"line":1,"column":4146},"end":{"line":1,"column":4147}}],"line":1},"72":{"loc":{"start":{"line":1,"column":4299},"end":{"line":1,"column":4322}},"type":"if","locations":[{"start":{"line":1,"column":4299},"end":{"line":1,"column":4322}},{"start":{},"end":{}}],"line":1},"73":{"loc":{"start":{"line":1,"column":4340},"end":{"line":1,"column":4405}},"type":"if","locations":[{"start":{"line":1,"column":4340},"end":{"line":1,"column":4405}},{"start":{},"end":{}}],"line":1},"74":{"loc":{"start":{"line":1,"column":4343},"end":{"line":1,"column":4397}},"type":"binary-expr","locations":[{"start":{"line":1,"column":4343},"end":{"line":1,"column":4369}},{"start":{"line":1,"column":4371},"end":{"line":1,"column":4397}}],"line":1},"75":{"loc":{"start":{"line":1,"column":4415},"end":{"line":1,"column":4525}},"type":"cond-expr","locations":[{"start":{"line":1,"column":4459},"end":{"line":1,"column":4469}},{"start":{"line":1,"column":4470},"end":{"line":1,"column":4525}}],"line":1},"76":{"loc":{"start":{"line":1,"column":4415},"end":{"line":1,"column":4458}},"type":"binary-expr","locations":[{"start":{"line":1,"column":4415},"end":{"line":1,"column":4434}},{"start":{"line":1,"column":4436},"end":{"line":1,"column":4458}}],"line":1},"77":{"loc":{"start":{"line":1,"column":4470},"end":{"line":1,"column":4525}},"type":"binary-expr","locations":[{"start":{"line":1,"column":4470},"end":{"line":1,"column":4487}},{"start":{"line":1,"column":4489},"end":{"line":1,"column":4507}},{"start":{"line":1,"column":4510},"end":{"line":1,"column":4524}}],"line":1},"78":{"loc":{"start":{"line":1,"column":4708},"end":{"line":1,"column":4715}},"type":"binary-expr","locations":[{"start":{"line":1,"column":4708},"end":{"line":1,"column":4709}},{"start":{"line":1,"column":4711},"end":{"line":1,"column":4715}}],"line":1},"79":{"loc":{"start":{"line":1,"column":4789},"end":{"line":1,"column":4795}},"type":"binary-expr","locations":[{"start":{"line":1,"column":4789},"end":{"line":1,"column":4790}},{"start":{"line":1,"column":4792},"end":{"line":1,"column":4795}}],"line":1},"80":{"loc":{"start":{"line":1,"column":4816},"end":{"line":1,"column":4842}},"type":"if","locations":[{"start":{"line":1,"column":4816},"end":{"line":1,"column":4842}},{"start":{},"end":{}}],"line":1},"81":{"loc":{"start":{"line":1,"column":4859},"end":{"line":1,"column":4914}},"type":"if","locations":[{"start":{"line":1,"column":4859},"end":{"line":1,"column":4914}},{"start":{},"end":{}}],"line":1},"82":{"loc":{"start":{"line":1,"column":4935},"end":{"line":1,"column":4944}},"type":"binary-expr","locations":[{"start":{"line":1,"column":4935},"end":{"line":1,"column":4936}},{"start":{"line":1,"column":4938},"end":{"line":1,"column":4944}}],"line":1},"83":{"loc":{"start":{"line":1,"column":4993},"end":{"line":1,"column":5020}},"type":"if","locations":[{"start":{"line":1,"column":4993},"end":{"line":1,"column":5020}},{"start":{},"end":{}}],"line":1},"84":{"loc":{"start":{"line":1,"column":5020},"end":{"line":1,"column":5106}},"type":"if","locations":[{"start":{"line":1,"column":5020},"end":{"line":1,"column":5106}},{"start":{},"end":{}}],"line":1},"85":{"loc":{"start":{"line":1,"column":5127},"end":{"line":1,"column":5149}},"type":"binary-expr","locations":[{"start":{"line":1,"column":5127},"end":{"line":1,"column":5128}},{"start":{"line":1,"column":5130},"end":{"line":1,"column":5136}},{"start":{"line":1,"column":5138},"end":{"line":1,"column":5149}}],"line":1},"86":{"loc":{"start":{"line":1,"column":5220},"end":{"line":1,"column":5247}},"type":"if","locations":[{"start":{"line":1,"column":5220},"end":{"line":1,"column":5247}},{"start":{},"end":{}}],"line":1},"87":{"loc":{"start":{"line":1,"column":5268},"end":{"line":1,"column":5277}},"type":"binary-expr","locations":[{"start":{"line":1,"column":5268},"end":{"line":1,"column":5269}},{"start":{"line":1,"column":5271},"end":{"line":1,"column":5277}}],"line":1},"88":{"loc":{"start":{"line":1,"column":5378},"end":{"line":1,"column":5383}},"type":"default-arg","locations":[{"start":{"line":1,"column":5380},"end":{"line":1,"column":5383}}],"line":1},"89":{"loc":{"start":{"line":1,"column":5519},"end":{"line":1,"column":5525}},"type":"binary-expr","locations":[{"start":{"line":1,"column":5519},"end":{"line":1,"column":5520}},{"start":{"line":1,"column":5522},"end":{"line":1,"column":5525}}],"line":1},"90":{"loc":{"start":{"line":1,"column":5566},"end":{"line":1,"column":5618}},"type":"binary-expr","locations":[{"start":{"line":1,"column":5566},"end":{"line":1,"column":5580}},{"start":{"line":1,"column":5583},"end":{"line":1,"column":5617}}],"line":1},"91":{"loc":{"start":{"line":1,"column":5625},"end":{"line":1,"column":5652}},"type":"if","locations":[{"start":{"line":1,"column":5625},"end":{"line":1,"column":5652}},{"start":{},"end":{}}],"line":1},"92":{"loc":{"start":{"line":1,"column":5712},"end":{"line":1,"column":5752}},"type":"binary-expr","locations":[{"start":{"line":1,"column":5712},"end":{"line":1,"column":5727}},{"start":{"line":1,"column":5729},"end":{"line":1,"column":5752}}],"line":1},"93":{"loc":{"start":{"line":1,"column":5830},"end":{"line":1,"column":5835}},"type":"default-arg","locations":[{"start":{"line":1,"column":5832},"end":{"line":1,"column":5835}}],"line":1},"94":{"loc":{"start":{"line":1,"column":5873},"end":{"line":1,"column":5876}},"type":"default-arg","locations":[{"start":{"line":1,"column":5875},"end":{"line":1,"column":5876}}],"line":1},"95":{"loc":{"start":{"line":1,"column":5894},"end":{"line":1,"column":5903}},"type":"cond-expr","locations":[{"start":{"line":1,"column":5900},"end":{"line":1,"column":5901}},{"start":{"line":1,"column":5902},"end":{"line":1,"column":5903}}],"line":1},"96":{"loc":{"start":{"line":1,"column":6038},"end":{"line":1,"column":6095}},"type":"binary-expr","locations":[{"start":{"line":1,"column":6038},"end":{"line":1,"column":6050}},{"start":{"line":1,"column":6052},"end":{"line":1,"column":6064}},{"start":{"line":1,"column":6066},"end":{"line":1,"column":6069}},{"start":{"line":1,"column":6071},"end":{"line":1,"column":6095}}],"line":1},"97":{"loc":{"start":{"line":1,"column":6102},"end":{"line":1,"column":6140}},"type":"binary-expr","locations":[{"start":{"line":1,"column":6102},"end":{"line":1,"column":6106}},{"start":{"line":1,"column":6108},"end":{"line":1,"column":6129}},{"start":{"line":1,"column":6131},"end":{"line":1,"column":6140}}],"line":1}},"s":{"0":1,"1":0,"2":1,"3":1,"4":0,"5":1,"6":0,"7":1,"8":0,"9":1,"10":0,"11":1,"12":0,"13":1,"14":0,"15":1,"16":0,"17":1,"18":0,"19":0,"20":0,"21":0,"22":0,"23":0,"24":0,"25":1,"26":0,"27":0,"28":1,"29":0,"30":0,"31":0,"32":0,"33":0,"34":0,"35":0,"36":0,"37":1,"38":0,"39":0,"40":0,"41":0,"42":0,"43":0,"44":0,"45":0,"46":1,"47":0,"48":0,"49":0,"50":0,"51":0,"52":0,"53":0,"54":0,"55":0,"56":0,"57":0,"58":0,"59":0,"60":1,"61":1,"62":0,"63":1,"64":0,"65":0,"66":0,"67":0,"68":0,"69":1,"70":0,"71":0,"72":0,"73":0,"74":0,"75":1,"76":0,"77":0,"78":0,"79":1,"80":1,"81":1,"82":1,"83":1,"84":1,"85":0,"86":0,"87":0,"88":0,"89":0,"90":0,"91":0,"92":0,"93":0,"94":0,"95":0,"96":0,"97":0,"98":1,"99":0,"100":0,"101":0,"102":0,"103":0,"104":0,"105":0,"106":0,"107":0,"108":1,"109":0,"110":1,"111":0,"112":0,"113":1,"114":1,"115":1,"116":0,"117":0,"118":0,"119":0,"120":0,"121":0,"122":0,"123":0,"124":0,"125":0,"126":0,"127":1,"128":0,"129":0,"130":0,"131":0,"132":0,"133":0,"134":0,"135":0,"136":1,"137":0,"138":1,"139":0,"140":0,"141":0,"142":0,"143":0,"144":0,"145":0,"146":0,"147":0,"148":0,"149":0,"150":0,"151":1,"152":0,"153":0,"154":0,"155":0,"156":0,"157":0,"158":0,"159":0,"160":0,"161":0,"162":0,"163":0,"164":0,"165":0,"166":0,"167":0,"168":0,"169":0,"170":0,"171":0,"172":0,"173":0,"174":0,"175":4,"176":2,"177":5,"178":1,"179":4,"180":4,"181":2,"182":2,"183":2,"184":1,"185":2,"186":4,"187":1,"188":3,"189":1,"190":1,"191":2,"192":2,"193":1,"194":2,"195":2,"196":2,"197":0,"198":2,"199":2,"200":3,"201":2,"202":7,"203":5,"204":1,"205":1,"206":1,"207":2,"208":1,"209":2,"210":5,"211":4,"212":1,"213":3,"214":3,"215":2,"216":7,"217":5,"218":1,"219":1,"220":4,"221":4,"222":4,"223":1,"224":0,"225":0,"226":1,"227":0},"f":{"0":0,"1":0,"2":0,"3":0,"4":0,"5":0,"6":0,"7":0,"8":0,"9":0,"10":0,"11":0,"12":0,"13":0,"14":0,"15":0,"16":0,"17":0,"18":0,"19":0,"20":0,"21":0,"22":0,"23":0,"24":0,"25":0,"26":0,"27":0,"28":0,"29":0,"30":0,"31":0,"32":0,"33":0,"34":0,"35":0,"36":0,"37":0,"38":0,"39":0,"40":0,"41":0,"42":0,"43":0,"44":0,"45":0,"46":0,"47":0,"48":0,"49":4,"50":2,"51":5,"52":4,"53":2,"54":7,"55":5,"56":1,"57":2,"58":5,"59":4,"60":2,"61":7,"62":5,"63":1,"64":4,"65":4,"66":0,"67":0},"b":{"0":[0,0,0],"1":[0,0],"2":[0,0],"3":[0,0],"4":[0,0],"5":[0,0],"6":[0,0,0],"7":[0,0],"8":[0,0],"9":[0,0],"10":[0,0],"11":[0,0],"12":[0,0],"13":[0,0],"14":[0,0],"15":[0,0],"16":[0,0],"17":[0],"18":[0,0],"19":[0,0],"20":[0,0],"21":[0,0],"22":[0,0],"23":[0,0],"24":[0,0],"25":[0,0],"26":[0,0],"27":[0,0,0],"28":[0,0],"29":[0,0],"30":[0,0],"31":[0,0],"32":[0,0],"33":[0,0],"34":[0,0],"35":[0,0],"36":[0,0],"37":[0,0],"38":[0,0],"39":[0,0],"40":[0,0],"41":[0,0],"42":[0,0],"43":[0,0],"44":[0,0],"45":[0,0],"46":[0,0],"47":[0,0],"48":[0,0],"49":[0,0],"50":[0,0,0,0,0,0],"51":[0],"52":[0,0,0],"53":[0,0],"54":[0,0],"55":[0,0],"56":[0,0],"57":[0,0],"58":[0,0],"59":[0,0],"60":[0,0],"61":[0,0],"62":[0,0],"63":[0,0],"64":[0,0],"65":[0,0],"66":[0,0],"67":[0,0],"68":[0,0],"69":[0,0],"70":[0,0],"71":[0,0],"72":[0,0],"73":[0,0],"74":[0,0],"75":[0,0],"76":[0,0],"77":[0,0,0],"78":[4,4],"79":[2,1],"80":[1,4],"81":[2,2],"82":[3,3],"83":[1,3],"84":[1,2],"85":[3,3,3],"86":[0,2],"87":[5,5],"88":[1],"89":[2,1],"90":[5,4],"91":[1,3],"92":[2,2],"93":[1],"94":[0],"95":[2,2],"96":[0,0,0,0],"97":[0,0,0]},"_coverageSchema":"1a1c01bbd47fc00a2c39e90264f33305004495a9","hash":"ec5f24b1e9fddd793e92d5fbc888647c452e6ae3"}
}
