{"F:\\my-project\\w-hooks\\lib\\index.cjs.js": {"path":"F:\\my-project\\w-hooks\\lib\\index.cjs.js","statementMap":{"0":{"start":{"line":1,"column":13},"end":{"line":1,"column":68}},"1":{"start":{"line":1,"column":76},"end":{"line":1,"column":159}},"2":{"start":{"line":1,"column":80},"end":{"line":1,"column":159}},"3":{"start":{"line":1,"column":162},"end":{"line":1,"column":173}},"4":{"start":{"line":1,"column":176},"end":{"line":1,"column":188}},"5":{"start":{"line":1,"column":179},"end":{"line":1,"column":188}},"6":{"start":{"line":1,"column":191},"end":{"line":1,"column":214}},"7":{"start":{"line":1,"column":194},"end":{"line":1,"column":214}},"8":{"start":{"line":1,"column":217},"end":{"line":1,"column":236}},"9":{"start":{"line":1,"column":220},"end":{"line":1,"column":236}},"10":{"start":{"line":1,"column":239},"end":{"line":1,"column":260}},"11":{"start":{"line":1,"column":242},"end":{"line":1,"column":260}},"12":{"start":{"line":1,"column":263},"end":{"line":1,"column":284}},"13":{"start":{"line":1,"column":266},"end":{"line":1,"column":284}},"14":{"start":{"line":1,"column":287},"end":{"line":1,"column":300}},"15":{"start":{"line":1,"column":290},"end":{"line":1,"column":300}},"16":{"start":{"line":1,"column":303},"end":{"line":1,"column":327}},"17":{"start":{"line":1,"column":306},"end":{"line":1,"column":327}},"18":{"start":{"line":1,"column":330},"end":{"line":1,"column":355}},"19":{"start":{"line":1,"column":333},"end":{"line":1,"column":355}},"20":{"start":{"line":1,"column":381},"end":{"line":1,"column":382}},"21":{"start":{"line":1,"column":383},"end":{"line":1,"column":461}},"22":{"start":{"line":1,"column":421},"end":{"line":1,"column":433}},"23":{"start":{"line":1,"column":434},"end":{"line":1,"column":460}},"24":{"start":{"line":1,"column":451},"end":{"line":1,"column":460}},"25":{"start":{"line":1,"column":461},"end":{"line":1,"column":469}},"26":{"start":{"line":1,"column":478},"end":{"line":1,"column":701}},"27":{"start":{"line":1,"column":496},"end":{"line":1,"column":580}},"28":{"start":{"line":1,"column":600},"end":{"line":1,"column":699}},"29":{"start":{"line":1,"column":710},"end":{"line":1,"column":1107}},"30":{"start":{"line":1,"column":720},"end":{"line":1,"column":742}},"31":{"start":{"line":1,"column":735},"end":{"line":1,"column":742}},"32":{"start":{"line":1,"column":742},"end":{"line":1,"column":972}},"33":{"start":{"line":1,"column":978},"end":{"line":1,"column":980}},"34":{"start":{"line":1,"column":981},"end":{"line":1,"column":1055}},"35":{"start":{"line":1,"column":998},"end":{"line":1,"column":1055}},"36":{"start":{"line":1,"column":1063},"end":{"line":1,"column":1081}},"37":{"start":{"line":1,"column":1082},"end":{"line":1,"column":1106}},"38":{"start":{"line":1,"column":1110},"end":{"line":1,"column":1361}},"39":{"start":{"line":1,"column":1114},"end":{"line":1,"column":1136}},"40":{"start":{"line":1,"column":1129},"end":{"line":1,"column":1136}},"41":{"start":{"line":1,"column":1144},"end":{"line":1,"column":1190}},"42":{"start":{"line":1,"column":1193},"end":{"line":1,"column":1195}},"43":{"start":{"line":1,"column":1196},"end":{"line":1,"column":1345}},"44":{"start":{"line":1,"column":1206},"end":{"line":1,"column":1207}},"45":{"start":{"line":1,"column":1230},"end":{"line":1,"column":1245}},"46":{"start":{"line":1,"column":1248},"end":{"line":1,"column":1268}},"47":{"start":{"line":1,"column":1269},"end":{"line":1,"column":1344}},"48":{"start":{"line":1,"column":1279},"end":{"line":1,"column":1303}},"49":{"start":{"line":1,"column":1304},"end":{"line":1,"column":1333}},"50":{"start":{"line":1,"column":1328},"end":{"line":1,"column":1333}},"51":{"start":{"line":1,"column":1345},"end":{"line":1,"column":1360}},"52":{"start":{"line":1,"column":1364},"end":{"line":1,"column":1365}},"53":{"start":{"line":1,"column":1368},"end":{"line":1,"column":1408}},"54":{"start":{"line":1,"column":1379},"end":{"line":1,"column":1407}},"55":{"start":{"line":1,"column":1411},"end":{"line":1,"column":1490}},"56":{"start":{"line":1,"column":1423},"end":{"line":1,"column":1427}},"57":{"start":{"line":1,"column":1430},"end":{"line":1,"column":1458}},"58":{"start":{"line":1,"column":1459},"end":{"line":1,"column":1489}},"59":{"start":{"line":1,"column":1493},"end":{"line":1,"column":1505}},"60":{"start":{"line":1,"column":1508},"end":{"line":1,"column":1528}},"61":{"start":{"line":1,"column":1531},"end":{"line":1,"column":1543}},"62":{"start":{"line":1,"column":1546},"end":{"line":1,"column":1559}},"63":{"start":{"line":1,"column":1562},"end":{"line":1,"column":1570}},"64":{"start":{"line":1,"column":1573},"end":{"line":1,"column":1932}},"65":{"start":{"line":1,"column":1585},"end":{"line":1,"column":1589}},"66":{"start":{"line":1,"column":1590},"end":{"line":1,"column":1625}},"67":{"start":{"line":1,"column":1616},"end":{"line":1,"column":1625}},"68":{"start":{"line":1,"column":1625},"end":{"line":1,"column":1697}},"69":{"start":{"line":1,"column":1686},"end":{"line":1,"column":1697}},"70":{"start":{"line":1,"column":1697},"end":{"line":1,"column":1781}},"71":{"start":{"line":1,"column":1722},"end":{"line":1,"column":1764}},"72":{"start":{"line":1,"column":1765},"end":{"line":1,"column":1780}},"73":{"start":{"line":1,"column":1781},"end":{"line":1,"column":1833}},"74":{"start":{"line":1,"column":1824},"end":{"line":1,"column":1833}},"75":{"start":{"line":1,"column":1833},"end":{"line":1,"column":1857}},"76":{"start":{"line":1,"column":1865},"end":{"line":1,"column":1874}},"77":{"start":{"line":1,"column":1875},"end":{"line":1,"column":1931}},"78":{"start":{"line":1,"column":1935},"end":{"line":1,"column":1951}},"79":{"start":{"line":1,"column":1966},"end":{"line":1,"column":1989}},"80":{"start":{"line":1,"column":1972},"end":{"line":1,"column":1989}},"81":{"start":{"line":1,"column":1997},"end":{"line":1,"column":2001}},"82":{"start":{"line":1,"column":2002},"end":{"line":1,"column":2053}},"83":{"start":{"line":1,"column":2034},"end":{"line":1,"column":2052}},"84":{"start":{"line":1,"column":2053},"end":{"line":1,"column":2069}},"85":{"start":{"line":1,"column":2092},"end":{"line":1,"column":2096}},"86":{"start":{"line":1,"column":2099},"end":{"line":1,"column":2102}},"87":{"start":{"line":1,"column":2103},"end":{"line":1,"column":2117}},"88":{"start":{"line":1,"column":2126},"end":{"line":1,"column":2148}},"89":{"start":{"line":1,"column":2129},"end":{"line":1,"column":2148}},"90":{"start":{"line":1,"column":2151},"end":{"line":1,"column":2221}},"91":{"start":{"line":1,"column":2163},"end":{"line":1,"column":2176}},"92":{"start":{"line":1,"column":2177},"end":{"line":1,"column":2220}},"93":{"start":{"line":1,"column":2224},"end":{"line":1,"column":2234}},"94":{"start":{"line":1,"column":2237},"end":{"line":1,"column":2258}},"95":{"start":{"line":1,"column":2261},"end":{"line":1,"column":2296}},"96":{"start":{"line":1,"column":2264},"end":{"line":1,"column":2296}},"97":{"start":{"line":1,"column":2299},"end":{"line":1,"column":2770}},"98":{"start":{"line":1,"column":2309},"end":{"line":1,"column":2761}},"99":{"start":{"line":1,"column":2334},"end":{"line":1,"column":2354}},"100":{"start":{"line":1,"column":2359},"end":{"line":1,"column":2761}},"101":{"start":{"line":1,"column":2417},"end":{"line":1,"column":2418}},"102":{"start":{"line":1,"column":2421},"end":{"line":1,"column":2447}},"103":{"start":{"line":1,"column":2448},"end":{"line":1,"column":2572}},"104":{"start":{"line":1,"column":2586},"end":{"line":1,"column":2587}},"105":{"start":{"line":1,"column":2588},"end":{"line":1,"column":2633}},"106":{"start":{"line":1,"column":2641},"end":{"line":1,"column":2662}},"107":{"start":{"line":1,"column":2665},"end":{"line":1,"column":2687}},"108":{"start":{"line":1,"column":2688},"end":{"line":1,"column":2760}},"109":{"start":{"line":1,"column":2761},"end":{"line":1,"column":2769}},"110":{"start":{"line":1,"column":2805},"end":{"line":1,"column":2856}},"111":{"start":{"line":1,"column":2895},"end":{"line":1,"column":2948}},"112":{"start":{"line":1,"column":2957},"end":{"line":1,"column":2983}},"113":{"start":{"line":1,"column":2974},"end":{"line":1,"column":2983}},"114":{"start":{"line":1,"column":2991},"end":{"line":1,"column":2999}},"115":{"start":{"line":1,"column":3000},"end":{"line":1,"column":3055}},"116":{"start":{"line":1,"column":3020},"end":{"line":1,"column":3055}},"117":{"start":{"line":1,"column":3061},"end":{"line":1,"column":3070}},"118":{"start":{"line":1,"column":3071},"end":{"line":1,"column":3096}},"119":{"start":{"line":1,"column":3087},"end":{"line":1,"column":3096}},"120":{"start":{"line":1,"column":3096},"end":{"line":1,"column":3127}},"121":{"start":{"line":1,"column":3134},"end":{"line":1,"column":3161}},"122":{"start":{"line":1,"column":3152},"end":{"line":1,"column":3161}},"123":{"start":{"line":1,"column":3161},"end":{"line":1,"column":3247}},"124":{"start":{"line":1,"column":3196},"end":{"line":1,"column":3209}},"125":{"start":{"line":1,"column":3210},"end":{"line":1,"column":3246}},"126":{"start":{"line":1,"column":3253},"end":{"line":1,"column":3262}},"127":{"start":{"line":1,"column":3263},"end":{"line":1,"column":3301}},"128":{"start":{"line":1,"column":3292},"end":{"line":1,"column":3301}},"129":{"start":{"line":1,"column":3309},"end":{"line":1,"column":3319}},"130":{"start":{"line":1,"column":3320},"end":{"line":1,"column":3353}},"131":{"start":{"line":1,"column":3361},"end":{"line":1,"column":3388}},"132":{"start":{"line":1,"column":3379},"end":{"line":1,"column":3388}},"133":{"start":{"line":1,"column":3394},"end":{"line":1,"column":3403}},"134":{"start":{"line":1,"column":3404},"end":{"line":1,"column":3429}},"135":{"start":{"line":1,"column":3420},"end":{"line":1,"column":3429}},"136":{"start":{"line":1,"column":3429},"end":{"line":1,"column":3441}},"137":{"start":{"line":1,"column":3452},"end":{"line":1,"column":3472}},"138":{"start":{"line":1,"column":3482},"end":{"line":1,"column":3509}},"139":{"start":{"line":1,"column":3534},"end":{"line":1,"column":3536}},"140":{"start":{"line":1,"column":3543},"end":{"line":1,"column":3552}},"141":{"start":{"line":1,"column":3553},"end":{"line":1,"column":3584}},"142":{"start":{"line":1,"column":3561},"end":{"line":1,"column":3584}},"143":{"start":{"line":1,"column":3584},"end":{"line":1,"column":3600}},"144":{"start":{"line":1,"column":3640},"end":{"line":1,"column":3692}},"145":{"start":{"line":1,"column":3701},"end":{"line":1,"column":3759}},"146":{"start":{"line":1,"column":3766},"end":{"line":1,"column":3793}},"147":{"start":{"line":1,"column":3784},"end":{"line":1,"column":3793}},"148":{"start":{"line":1,"column":3801},"end":{"line":1,"column":3817}},"149":{"start":{"line":1,"column":3818},"end":{"line":1,"column":3839}},"150":{"start":{"line":1,"column":3847},"end":{"line":1,"column":3893}},"151":{"start":{"line":1,"column":3904},"end":{"line":1,"column":3924}},"152":{"start":{"line":1,"column":3934},"end":{"line":1,"column":3961}},"153":{"start":{"line":1,"column":3978},"end":{"line":1,"column":4003}},"154":{"start":{"line":1,"column":4033},"end":{"line":1,"column":4046}},"155":{"start":{"line":1,"column":4058},"end":{"line":1,"column":4086}},"156":{"start":{"line":1,"column":4097},"end":{"line":1,"column":4138}},"157":{"start":{"line":1,"column":4147},"end":{"line":1,"column":4183}},"158":{"start":{"line":1,"column":4194},"end":{"line":1,"column":4222}},"159":{"start":{"line":1,"column":4233},"end":{"line":1,"column":4257}},"160":{"start":{"line":1,"column":4274},"end":{"line":1,"column":4299}},"161":{"start":{"line":1,"column":4335},"end":{"line":1,"column":4386}},"162":{"start":{"line":1,"column":4420},"end":{"line":1,"column":4446}},"163":{"start":{"line":1,"column":4466},"end":{"line":1,"column":4474}},"164":{"start":{"line":1,"column":4475},"end":{"line":1,"column":4530}},"165":{"start":{"line":1,"column":4495},"end":{"line":1,"column":4530}},"166":{"start":{"line":1,"column":4536},"end":{"line":1,"column":4545}},"167":{"start":{"line":1,"column":4546},"end":{"line":1,"column":4571}},"168":{"start":{"line":1,"column":4562},"end":{"line":1,"column":4571}},"169":{"start":{"line":1,"column":4571},"end":{"line":1,"column":4602}},"170":{"start":{"line":1,"column":4613},"end":{"line":1,"column":4640}},"171":{"start":{"line":1,"column":4631},"end":{"line":1,"column":4640}},"172":{"start":{"line":1,"column":4648},"end":{"line":1,"column":4657}},"173":{"start":{"line":1,"column":4658},"end":{"line":1,"column":4700}},"174":{"start":{"line":1,"column":4709},"end":{"line":1,"column":4745}},"175":{"start":{"line":1,"column":4756},"end":{"line":1,"column":4776}},"176":{"start":{"line":1,"column":4787},"end":{"line":1,"column":4803}},"177":{"start":{"line":1,"column":4828},"end":{"line":1,"column":4830}},"178":{"start":{"line":1,"column":4837},"end":{"line":1,"column":4846}},"179":{"start":{"line":1,"column":4847},"end":{"line":1,"column":4878}},"180":{"start":{"line":1,"column":4855},"end":{"line":1,"column":4878}},"181":{"start":{"line":1,"column":4878},"end":{"line":1,"column":4894}},"182":{"start":{"line":1,"column":4904},"end":{"line":1,"column":4911}},"183":{"start":{"line":1,"column":4918},"end":{"line":1,"column":4920}},"184":{"start":{"line":1,"column":4923},"end":{"line":1,"column":4925}},"185":{"start":{"line":1,"column":4934},"end":{"line":1,"column":5013}},"186":{"start":{"line":1,"column":4939},"end":{"line":1,"column":4956}},"187":{"start":{"line":1,"column":4949},"end":{"line":1,"column":4956}},"188":{"start":{"line":1,"column":4962},"end":{"line":1,"column":5012}},"189":{"start":{"line":1,"column":4979},"end":{"line":1,"column":5002}},"190":{"start":{"line":1,"column":5016},"end":{"line":1,"column":5315}},"191":{"start":{"line":1,"column":5021},"end":{"line":1,"column":5043}},"192":{"start":{"line":1,"column":5036},"end":{"line":1,"column":5043}},"193":{"start":{"line":1,"column":5051},"end":{"line":1,"column":5053}},"194":{"start":{"line":1,"column":5056},"end":{"line":1,"column":5058}},"195":{"start":{"line":1,"column":5065},"end":{"line":1,"column":5066}},"196":{"start":{"line":1,"column":5067},"end":{"line":1,"column":5270}},"197":{"start":{"line":1,"column":5097},"end":{"line":1,"column":5101}},"198":{"start":{"line":1,"column":5167},"end":{"line":1,"column":5168}},"199":{"start":{"line":1,"column":5171},"end":{"line":1,"column":5180}},"200":{"start":{"line":1,"column":5181},"end":{"line":1,"column":5269}},"201":{"start":{"line":1,"column":5191},"end":{"line":1,"column":5255}},"202":{"start":{"line":1,"column":5209},"end":{"line":1,"column":5244}},"203":{"start":{"line":1,"column":5245},"end":{"line":1,"column":5254}},"204":{"start":{"line":1,"column":5255},"end":{"line":1,"column":5268}},"205":{"start":{"line":1,"column":5270},"end":{"line":1,"column":5314}},"206":{"start":{"line":1,"column":5294},"end":{"line":1,"column":5311}},"207":{"start":{"line":1,"column":5318},"end":{"line":1,"column":5337}},"208":{"start":{"line":1,"column":5323},"end":{"line":1,"column":5336}},"209":{"start":{"line":1,"column":5340},"end":{"line":1,"column":5348}},"210":{"start":{"line":1,"column":5344},"end":{"line":1,"column":5348}},"211":{"start":{"line":1,"column":5351},"end":{"line":1,"column":5599}},"212":{"start":{"line":1,"column":5390},"end":{"line":1,"column":5439}},"213":{"start":{"line":1,"column":5440},"end":{"line":1,"column":5459}},"214":{"start":{"line":1,"column":5452},"end":{"line":1,"column":5459}},"215":{"start":{"line":1,"column":5459},"end":{"line":1,"column":5468}},"216":{"start":{"line":1,"column":5476},"end":{"line":1,"column":5576}},"217":{"start":{"line":1,"column":5577},"end":{"line":1,"column":5598}},"218":{"start":{"line":1,"column":5634},"end":{"line":1,"column":5685}},"219":{"start":{"line":1,"column":5721},"end":{"line":1,"column":5749}},"220":{"start":{"line":1,"column":5768},"end":{"line":1,"column":5776}},"221":{"start":{"line":1,"column":5777},"end":{"line":1,"column":5834}},"222":{"start":{"line":1,"column":5797},"end":{"line":1,"column":5834}},"223":{"start":{"line":1,"column":5840},"end":{"line":1,"column":5849}},"224":{"start":{"line":1,"column":5850},"end":{"line":1,"column":5875}},"225":{"start":{"line":1,"column":5866},"end":{"line":1,"column":5875}},"226":{"start":{"line":1,"column":5875},"end":{"line":1,"column":5908}},"227":{"start":{"line":1,"column":5933},"end":{"line":1,"column":5964}},"228":{"start":{"line":1,"column":5955},"end":{"line":1,"column":5964}},"229":{"start":{"line":1,"column":5972},"end":{"line":1,"column":5980}},"230":{"start":{"line":1,"column":5981},"end":{"line":1,"column":6044}},"231":{"start":{"line":1,"column":5990},"end":{"line":1,"column":6044}},"232":{"start":{"line":1,"column":6044},"end":{"line":1,"column":6085}},"233":{"start":{"line":1,"column":6063},"end":{"line":1,"column":6085}},"234":{"start":{"line":1,"column":6091},"end":{"line":1,"column":6100}},"235":{"start":{"line":1,"column":6103},"end":{"line":1,"column":6104}},"236":{"start":{"line":1,"column":6105},"end":{"line":1,"column":6126}},"237":{"start":{"line":1,"column":6117},"end":{"line":1,"column":6126}},"238":{"start":{"line":1,"column":6126},"end":{"line":1,"column":6173}},"239":{"start":{"line":1,"column":6191},"end":{"line":1,"column":6193}},"240":{"start":{"line":1,"column":6200},"end":{"line":1,"column":6209}},"241":{"start":{"line":1,"column":6210},"end":{"line":1,"column":6241}},"242":{"start":{"line":1,"column":6218},"end":{"line":1,"column":6241}},"243":{"start":{"line":1,"column":6241},"end":{"line":1,"column":6249}},"244":{"start":{"line":1,"column":6257},"end":{"line":1,"column":6289}},"245":{"start":{"line":1,"column":6280},"end":{"line":1,"column":6289}},"246":{"start":{"line":1,"column":6295},"end":{"line":1,"column":6304}},"247":{"start":{"line":1,"column":6305},"end":{"line":1,"column":6345}},"248":{"start":{"line":1,"column":6314},"end":{"line":1,"column":6336}},"249":{"start":{"line":1,"column":6323},"end":{"line":1,"column":6336}},"250":{"start":{"line":1,"column":6336},"end":{"line":1,"column":6344}},"251":{"start":{"line":1,"column":6345},"end":{"line":1,"column":6353}},"252":{"start":{"line":1,"column":6365},"end":{"line":1,"column":6392}},"253":{"start":{"line":1,"column":6383},"end":{"line":1,"column":6392}},"254":{"start":{"line":1,"column":6398},"end":{"line":1,"column":6407}},"255":{"start":{"line":1,"column":6410},"end":{"line":1,"column":6411}},"256":{"start":{"line":1,"column":6412},"end":{"line":1,"column":6457}},"257":{"start":{"line":1,"column":6421},"end":{"line":1,"column":6443}},"258":{"start":{"line":1,"column":6434},"end":{"line":1,"column":6443}},"259":{"start":{"line":1,"column":6443},"end":{"line":1,"column":6456}},"260":{"start":{"line":1,"column":6457},"end":{"line":1,"column":6465}},"261":{"start":{"line":1,"column":6478},"end":{"line":1,"column":6510}},"262":{"start":{"line":1,"column":6501},"end":{"line":1,"column":6510}},"263":{"start":{"line":1,"column":6516},"end":{"line":1,"column":6525}},"264":{"start":{"line":1,"column":6528},"end":{"line":1,"column":6529}},"265":{"start":{"line":1,"column":6530},"end":{"line":1,"column":6580}},"266":{"start":{"line":1,"column":6539},"end":{"line":1,"column":6566}},"267":{"start":{"line":1,"column":6548},"end":{"line":1,"column":6566}},"268":{"start":{"line":1,"column":6566},"end":{"line":1,"column":6579}},"269":{"start":{"line":1,"column":6580},"end":{"line":1,"column":6588}},"270":{"start":{"line":1,"column":6601},"end":{"line":1,"column":6633}},"271":{"start":{"line":1,"column":6624},"end":{"line":1,"column":6633}},"272":{"start":{"line":1,"column":6633},"end":{"line":1,"column":6715}},"273":{"start":{"line":1,"column":6651},"end":{"line":1,"column":6664}},"274":{"start":{"line":1,"column":6665},"end":{"line":1,"column":6714}},"275":{"start":{"line":1,"column":6721},"end":{"line":1,"column":6730}},"276":{"start":{"line":1,"column":6733},"end":{"line":1,"column":6734}},"277":{"start":{"line":1,"column":6735},"end":{"line":1,"column":6757}},"278":{"start":{"line":1,"column":6747},"end":{"line":1,"column":6757}},"279":{"start":{"line":1,"column":6765},"end":{"line":1,"column":6775}},"280":{"start":{"line":1,"column":6776},"end":{"line":1,"column":6820}},"281":{"start":{"line":1,"column":6831},"end":{"line":1,"column":6868}},"282":{"start":{"line":1,"column":6879},"end":{"line":1,"column":6901}},"283":{"start":{"line":1,"column":6909},"end":{"line":1,"column":6927}},"284":{"start":{"line":1,"column":6952},"end":{"line":1,"column":6954}},"285":{"start":{"line":1,"column":6961},"end":{"line":1,"column":6970}},"286":{"start":{"line":1,"column":6971},"end":{"line":1,"column":7002}},"287":{"start":{"line":1,"column":6979},"end":{"line":1,"column":7002}},"288":{"start":{"line":1,"column":7002},"end":{"line":1,"column":7018}},"289":{"start":{"line":1,"column":7028},"end":{"line":1,"column":7321}},"290":{"start":{"line":1,"column":7041},"end":{"line":1,"column":7046}},"291":{"start":{"line":1,"column":7047},"end":{"line":1,"column":7320}},"292":{"start":{"line":1,"column":7474},"end":{"line":1,"column":7477}},"293":{"start":{"line":1,"column":7478},"end":{"line":1,"column":7596}},"294":{"start":{"line":1,"column":7610},"end":{"line":1,"column":7631}},"295":{"start":{"line":1,"column":7622},"end":{"line":1,"column":7631}},"296":{"start":{"line":1,"column":7631},"end":{"line":1,"column":7656}},"297":{"start":{"line":1,"column":7647},"end":{"line":1,"column":7656}},"298":{"start":{"line":1,"column":7656},"end":{"line":1,"column":7742}},"299":{"start":{"line":1,"column":7665},"end":{"line":1,"column":7682}},"300":{"start":{"line":1,"column":7690},"end":{"line":1,"column":7716}},"301":{"start":{"line":1,"column":7717},"end":{"line":1,"column":7741}},"302":{"start":{"line":1,"column":7750},"end":{"line":1,"column":7780}},"303":{"start":{"line":1,"column":7772},"end":{"line":1,"column":7778}},"304":{"start":{"line":1,"column":7787},"end":{"line":1,"column":7788}},"305":{"start":{"line":1,"column":7789},"end":{"line":1,"column":7829}},"306":{"start":{"line":1,"column":7807},"end":{"line":1,"column":7824}},"307":{"start":{"line":1,"column":7818},"end":{"line":1,"column":7824}},"308":{"start":{"line":1,"column":7824},"end":{"line":1,"column":7828}},"309":{"start":{"line":1,"column":7829},"end":{"line":1,"column":7913}},"310":{"start":{"line":1,"column":7924},"end":{"line":1,"column":7951}},"311":{"start":{"line":1,"column":7942},"end":{"line":1,"column":7951}},"312":{"start":{"line":1,"column":7959},"end":{"line":1,"column":7975}},"313":{"start":{"line":1,"column":7976},"end":{"line":1,"column":8009}},"314":{"start":{"line":1,"column":8018},"end":{"line":1,"column":8045}},"315":{"start":{"line":1,"column":8036},"end":{"line":1,"column":8045}},"316":{"start":{"line":1,"column":8053},"end":{"line":1,"column":8064}},"317":{"start":{"line":1,"column":8065},"end":{"line":1,"column":8098}},"318":{"start":{"line":1,"column":8109},"end":{"line":1,"column":8133}},"319":{"start":{"line":1,"column":8141},"end":{"line":1,"column":8162}},"320":{"start":{"line":1,"column":8179},"end":{"line":1,"column":8223}},"321":{"start":{"line":1,"column":8208},"end":{"line":1,"column":8213}},"322":{"start":{"line":1,"column":8262},"end":{"line":1,"column":8313}},"323":{"start":{"line":1,"column":8354},"end":{"line":1,"column":8397}},"324":{"start":{"line":1,"column":8416},"end":{"line":1,"column":8424}},"325":{"start":{"line":1,"column":8425},"end":{"line":1,"column":8494}},"326":{"start":{"line":1,"column":8445},"end":{"line":1,"column":8494}},"327":{"start":{"line":1,"column":8500},"end":{"line":1,"column":8509}},"328":{"start":{"line":1,"column":8510},"end":{"line":1,"column":8535}},"329":{"start":{"line":1,"column":8526},"end":{"line":1,"column":8535}},"330":{"start":{"line":1,"column":8535},"end":{"line":1,"column":8589}},"331":{"start":{"line":1,"column":8614},"end":{"line":1,"column":8645}},"332":{"start":{"line":1,"column":8636},"end":{"line":1,"column":8645}},"333":{"start":{"line":1,"column":8653},"end":{"line":1,"column":8661}},"334":{"start":{"line":1,"column":8662},"end":{"line":1,"column":8742}},"335":{"start":{"line":1,"column":8671},"end":{"line":1,"column":8742}},"336":{"start":{"line":1,"column":8742},"end":{"line":1,"column":8783}},"337":{"start":{"line":1,"column":8761},"end":{"line":1,"column":8783}},"338":{"start":{"line":1,"column":8789},"end":{"line":1,"column":8798}},"339":{"start":{"line":1,"column":8801},"end":{"line":1,"column":8802}},"340":{"start":{"line":1,"column":8803},"end":{"line":1,"column":8825}},"341":{"start":{"line":1,"column":8815},"end":{"line":1,"column":8825}},"342":{"start":{"line":1,"column":8825},"end":{"line":1,"column":8896}},"343":{"start":{"line":1,"column":8904},"end":{"line":1,"column":8936}},"344":{"start":{"line":1,"column":8927},"end":{"line":1,"column":8936}},"345":{"start":{"line":1,"column":8942},"end":{"line":1,"column":8951}},"346":{"start":{"line":1,"column":8954},"end":{"line":1,"column":8955}},"347":{"start":{"line":1,"column":8956},"end":{"line":1,"column":8978}},"348":{"start":{"line":1,"column":8968},"end":{"line":1,"column":8978}},"349":{"start":{"line":1,"column":8978},"end":{"line":1,"column":8991}},"350":{"start":{"line":1,"column":9003},"end":{"line":1,"column":9030}},"351":{"start":{"line":1,"column":9021},"end":{"line":1,"column":9030}},"352":{"start":{"line":1,"column":9036},"end":{"line":1,"column":9037}},"353":{"start":{"line":1,"column":9040},"end":{"line":1,"column":9049}},"354":{"start":{"line":1,"column":9050},"end":{"line":1,"column":9095}},"355":{"start":{"line":1,"column":9059},"end":{"line":1,"column":9081}},"356":{"start":{"line":1,"column":9072},"end":{"line":1,"column":9081}},"357":{"start":{"line":1,"column":9081},"end":{"line":1,"column":9094}},"358":{"start":{"line":1,"column":9095},"end":{"line":1,"column":9103}},"359":{"start":{"line":1,"column":9116},"end":{"line":1,"column":9148}},"360":{"start":{"line":1,"column":9139},"end":{"line":1,"column":9148}},"361":{"start":{"line":1,"column":9154},"end":{"line":1,"column":9155}},"362":{"start":{"line":1,"column":9158},"end":{"line":1,"column":9167}},"363":{"start":{"line":1,"column":9168},"end":{"line":1,"column":9212}},"364":{"start":{"line":1,"column":9177},"end":{"line":1,"column":9203}},"365":{"start":{"line":1,"column":9189},"end":{"line":1,"column":9197}},"366":{"start":{"line":1,"column":9197},"end":{"line":1,"column":9202}},"367":{"start":{"line":1,"column":9203},"end":{"line":1,"column":9211}},"368":{"start":{"line":1,"column":9212},"end":{"line":1,"column":9220}},"369":{"start":{"line":1,"column":9233},"end":{"line":1,"column":9265}},"370":{"start":{"line":1,"column":9256},"end":{"line":1,"column":9265}},"371":{"start":{"line":1,"column":9265},"end":{"line":1,"column":9418}},"372":{"start":{"line":1,"column":9283},"end":{"line":1,"column":9297}},"373":{"start":{"line":1,"column":9298},"end":{"line":1,"column":9417}},"374":{"start":{"line":1,"column":9418},"end":{"line":1,"column":9533}},"375":{"start":{"line":1,"column":9448},"end":{"line":1,"column":9462}},"376":{"start":{"line":1,"column":9463},"end":{"line":1,"column":9532}},"377":{"start":{"line":1,"column":9539},"end":{"line":1,"column":9540}},"378":{"start":{"line":1,"column":9543},"end":{"line":1,"column":9552}},"379":{"start":{"line":1,"column":9553},"end":{"line":1,"column":9575}},"380":{"start":{"line":1,"column":9565},"end":{"line":1,"column":9575}},"381":{"start":{"line":1,"column":9583},"end":{"line":1,"column":9595}},"382":{"start":{"line":1,"column":9596},"end":{"line":1,"column":9657}},"383":{"start":{"line":1,"column":9668},"end":{"line":1,"column":9705}},"384":{"start":{"line":1,"column":9716},"end":{"line":1,"column":9738}},"385":{"start":{"line":1,"column":9746},"end":{"line":1,"column":9764}},"386":{"start":{"line":1,"column":9794},"end":{"line":1,"column":9796}},"387":{"start":{"line":1,"column":9803},"end":{"line":1,"column":9812}},"388":{"start":{"line":1,"column":9813},"end":{"line":1,"column":9844}},"389":{"start":{"line":1,"column":9821},"end":{"line":1,"column":9844}},"390":{"start":{"line":1,"column":9844},"end":{"line":1,"column":9860}},"391":{"start":{"line":1,"column":9891},"end":{"line":1,"column":9893}},"392":{"start":{"line":1,"column":9900},"end":{"line":1,"column":9909}},"393":{"start":{"line":1,"column":9910},"end":{"line":1,"column":9941}},"394":{"start":{"line":1,"column":9918},"end":{"line":1,"column":9941}},"395":{"start":{"line":1,"column":9941},"end":{"line":1,"column":9957}},"396":{"start":{"line":1,"column":9959},"end":{"line":1,"column":13446}},"397":{"start":{"line":1,"column":10153},"end":{"line":1,"column":10191}},"398":{"start":{"line":1,"column":10240},"end":{"line":1,"column":10248}},"399":{"start":{"line":1,"column":10249},"end":{"line":1,"column":10312}},"400":{"start":{"line":1,"column":10501},"end":{"line":1,"column":10654}},"401":{"start":{"line":1,"column":10662},"end":{"line":1,"column":10678}},"402":{"start":{"line":1,"column":10679},"end":{"line":1,"column":10712}},"403":{"start":{"line":1,"column":10702},"end":{"line":1,"column":10712}},"404":{"start":{"line":1,"column":10718},"end":{"line":1,"column":10719}},"405":{"start":{"line":1,"column":10722},"end":{"line":1,"column":10723}},"406":{"start":{"line":1,"column":10732},"end":{"line":1,"column":10753}},"407":{"start":{"line":1,"column":10756},"end":{"line":1,"column":10768}},"408":{"start":{"line":1,"column":10769},"end":{"line":1,"column":10803}},"409":{"start":{"line":1,"column":10779},"end":{"line":1,"column":10803}},"410":{"start":{"line":1,"column":10803},"end":{"line":1,"column":10811}},"411":{"start":{"line":1,"column":10838},"end":{"line":1,"column":10985}},"412":{"start":{"line":1,"column":10993},"end":{"line":1,"column":11118}},"413":{"start":{"line":1,"column":11005},"end":{"line":1,"column":11012}},"414":{"start":{"line":1,"column":11015},"end":{"line":1,"column":11019}},"415":{"start":{"line":1,"column":11020},"end":{"line":1,"column":11117}},"416":{"start":{"line":1,"column":11044},"end":{"line":1,"column":11114}},"417":{"start":{"line":1,"column":11088},"end":{"line":1,"column":11092}},"418":{"start":{"line":1,"column":11107},"end":{"line":1,"column":11112}},"419":{"start":{"line":1,"column":11119},"end":{"line":1,"column":11492}},"420":{"start":{"line":1,"column":11131},"end":{"line":1,"column":11395}},"421":{"start":{"line":1,"column":11148},"end":{"line":1,"column":11392}},"422":{"start":{"line":1,"column":11163},"end":{"line":1,"column":11186}},"423":{"start":{"line":1,"column":11173},"end":{"line":1,"column":11186}},"424":{"start":{"line":1,"column":11186},"end":{"line":1,"column":11191}},"425":{"start":{"line":1,"column":11199},"end":{"line":1,"column":11203}},"426":{"start":{"line":1,"column":11204},"end":{"line":1,"column":11269}},"427":{"start":{"line":1,"column":11262},"end":{"line":1,"column":11269}},"428":{"start":{"line":1,"column":11277},"end":{"line":1,"column":11278}},"429":{"start":{"line":1,"column":11279},"end":{"line":1,"column":11389}},"430":{"start":{"line":1,"column":11399},"end":{"line":1,"column":11491}},"431":{"start":{"line":1,"column":11416},"end":{"line":1,"column":11488}},"432":{"start":{"line":1,"column":11460},"end":{"line":1,"column":11464}},"433":{"start":{"line":1,"column":11480},"end":{"line":1,"column":11485}},"434":{"start":{"line":1,"column":11517},"end":{"line":1,"column":11541}},"435":{"start":{"line":1,"column":11532},"end":{"line":1,"column":11541}},"436":{"start":{"line":1,"column":11549},"end":{"line":1,"column":11551}},"437":{"start":{"line":1,"column":11552},"end":{"line":1,"column":11611}},"438":{"start":{"line":1,"column":11569},"end":{"line":1,"column":11611}},"439":{"start":{"line":1,"column":11578},"end":{"line":1,"column":11592}},"440":{"start":{"line":1,"column":11598},"end":{"line":1,"column":11611}},"441":{"start":{"line":1,"column":11611},"end":{"line":1,"column":11619}},"442":{"start":{"line":1,"column":11646},"end":{"line":1,"column":11809}},"443":{"start":{"line":1,"column":11651},"end":{"line":1,"column":11701}},"444":{"start":{"line":1,"column":11701},"end":{"line":1,"column":11712}},"445":{"start":{"line":1,"column":11724},"end":{"line":1,"column":11799}},"446":{"start":{"line":1,"column":11805},"end":{"line":1,"column":11808}},"447":{"start":{"line":1,"column":11851},"end":{"line":1,"column":11856}},"448":{"start":{"line":1,"column":11857},"end":{"line":1,"column":12156}},"449":{"start":{"line":1,"column":12183},"end":{"line":1,"column":12190}},"450":{"start":{"line":1,"column":12229},"end":{"line":1,"column":12230}},"451":{"start":{"line":1,"column":12231},"end":{"line":1,"column":12363}},"452":{"start":{"line":1,"column":12307},"end":{"line":1,"column":12357}},"453":{"start":{"line":1,"column":12363},"end":{"line":1,"column":12412}},"454":{"start":{"line":1,"column":12375},"end":{"line":1,"column":12410}},"455":{"start":{"line":1,"column":12459},"end":{"line":1,"column":12634}},"456":{"start":{"line":1,"column":12642},"end":{"line":1,"column":12659}},"457":{"start":{"line":1,"column":12650},"end":{"line":1,"column":12659}},"458":{"start":{"line":1,"column":12660},"end":{"line":1,"column":12694}},"459":{"start":{"line":1,"column":12694},"end":{"line":1,"column":12742}},"460":{"start":{"line":1,"column":12705},"end":{"line":1,"column":12741}},"461":{"start":{"line":1,"column":12782},"end":{"line":1,"column":12787}},"462":{"start":{"line":1,"column":12788},"end":{"line":1,"column":12946}},"463":{"start":{"line":1,"column":12981},"end":{"line":1,"column":12995}},"464":{"start":{"line":1,"column":12996},"end":{"line":1,"column":13110}},"465":{"start":{"line":1,"column":13147},"end":{"line":1,"column":13164}},"466":{"start":{"line":1,"column":13165},"end":{"line":1,"column":13264}},"467":{"start":{"line":1,"column":13257},"end":{"line":1,"column":13263}},"468":{"start":{"line":1,"column":13305},"end":{"line":1,"column":13444}},"469":{"start":{"line":1,"column":13413},"end":{"line":1,"column":13439}}},"fnMap":{"0":{"name":"(anonymous_0)","decl":{"start":{"line":1,"column":76},"end":{"line":1,"column":77}},"loc":{"start":{"line":1,"column":80},"end":{"line":1,"column":159}},"line":1},"1":{"name":"(anonymous_1)","decl":{"start":{"line":1,"column":176},"end":{"line":1,"column":177}},"loc":{"start":{"line":1,"column":179},"end":{"line":1,"column":188}},"line":1},"2":{"name":"(anonymous_2)","decl":{"start":{"line":1,"column":191},"end":{"line":1,"column":192}},"loc":{"start":{"line":1,"column":194},"end":{"line":1,"column":214}},"line":1},"3":{"name":"(anonymous_3)","decl":{"start":{"line":1,"column":217},"end":{"line":1,"column":218}},"loc":{"start":{"line":1,"column":220},"end":{"line":1,"column":236}},"line":1},"4":{"name":"(anonymous_4)","decl":{"start":{"line":1,"column":239},"end":{"line":1,"column":240}},"loc":{"start":{"line":1,"column":242},"end":{"line":1,"column":260}},"line":1},"5":{"name":"(anonymous_5)","decl":{"start":{"line":1,"column":263},"end":{"line":1,"column":264}},"loc":{"start":{"line":1,"column":266},"end":{"line":1,"column":284}},"line":1},"6":{"name":"(anonymous_6)","decl":{"start":{"line":1,"column":287},"end":{"line":1,"column":288}},"loc":{"start":{"line":1,"column":290},"end":{"line":1,"column":300}},"line":1},"7":{"name":"(anonymous_7)","decl":{"start":{"line":1,"column":303},"end":{"line":1,"column":304}},"loc":{"start":{"line":1,"column":306},"end":{"line":1,"column":327}},"line":1},"8":{"name":"(anonymous_8)","decl":{"start":{"line":1,"column":330},"end":{"line":1,"column":331}},"loc":{"start":{"line":1,"column":333},"end":{"line":1,"column":355}},"line":1},"9":{"name":"a","decl":{"start":{"line":1,"column":365},"end":{"line":1,"column":366}},"loc":{"start":{"line":1,"column":374},"end":{"line":1,"column":470}},"line":1},"10":{"name":"(anonymous_10)","decl":{"start":{"line":1,"column":484},"end":{"line":1,"column":485}},"loc":{"start":{"line":1,"column":495},"end":{"line":1,"column":581}},"line":1},"11":{"name":"(anonymous_11)","decl":{"start":{"line":1,"column":588},"end":{"line":1,"column":589}},"loc":{"start":{"line":1,"column":599},"end":{"line":1,"column":700}},"line":1},"12":{"name":"(anonymous_12)","decl":{"start":{"line":1,"column":710},"end":{"line":1,"column":711}},"loc":{"start":{"line":1,"column":719},"end":{"line":1,"column":1107}},"line":1},"13":{"name":"(anonymous_13)","decl":{"start":{"line":1,"column":1110},"end":{"line":1,"column":1111}},"loc":{"start":{"line":1,"column":1113},"end":{"line":1,"column":1361}},"line":1},"14":{"name":"(anonymous_14)","decl":{"start":{"line":1,"column":1368},"end":{"line":1,"column":1369}},"loc":{"start":{"line":1,"column":1378},"end":{"line":1,"column":1408}},"line":1},"15":{"name":"(anonymous_15)","decl":{"start":{"line":1,"column":1411},"end":{"line":1,"column":1412}},"loc":{"start":{"line":1,"column":1414},"end":{"line":1,"column":1490}},"line":1},"16":{"name":"(anonymous_16)","decl":{"start":{"line":1,"column":1573},"end":{"line":1,"column":1574}},"loc":{"start":{"line":1,"column":1576},"end":{"line":1,"column":1932}},"line":1},"17":{"name":"S","decl":{"start":{"line":1,"column":1961},"end":{"line":1,"column":1962}},"loc":{"start":{"line":1,"column":1965},"end":{"line":1,"column":2070}},"line":1},"18":{"name":"z","decl":{"start":{"line":1,"column":2079},"end":{"line":1,"column":2080}},"loc":{"start":{"line":1,"column":2083},"end":{"line":1,"column":2118}},"line":1},"19":{"name":"(anonymous_19)","decl":{"start":{"line":1,"column":2126},"end":{"line":1,"column":2127}},"loc":{"start":{"line":1,"column":2129},"end":{"line":1,"column":2148}},"line":1},"20":{"name":"(anonymous_20)","decl":{"start":{"line":1,"column":2151},"end":{"line":1,"column":2152}},"loc":{"start":{"line":1,"column":2154},"end":{"line":1,"column":2221}},"line":1},"21":{"name":"(anonymous_21)","decl":{"start":{"line":1,"column":2261},"end":{"line":1,"column":2262}},"loc":{"start":{"line":1,"column":2264},"end":{"line":1,"column":2296}},"line":1},"22":{"name":"(anonymous_22)","decl":{"start":{"line":1,"column":2299},"end":{"line":1,"column":2300}},"loc":{"start":{"line":1,"column":2302},"end":{"line":1,"column":2770}},"line":1},"23":{"name":"(anonymous_23)","decl":{"start":{"line":1,"column":2788},"end":{"line":1,"column":2789}},"loc":{"start":{"line":1,"column":2804},"end":{"line":1,"column":2857}},"line":1},"24":{"name":"(anonymous_24)","decl":{"start":{"line":1,"column":2880},"end":{"line":1,"column":2881}},"loc":{"start":{"line":1,"column":2894},"end":{"line":1,"column":2949}},"line":1},"25":{"name":"(anonymous_25)","decl":{"start":{"line":1,"column":2949},"end":{"line":1,"column":2950}},"loc":{"start":{"line":1,"column":2956},"end":{"line":1,"column":3128}},"line":1},"26":{"name":"(anonymous_26)","decl":{"start":{"line":1,"column":3128},"end":{"line":1,"column":3129}},"loc":{"start":{"line":1,"column":3133},"end":{"line":1,"column":3354}},"line":1},"27":{"name":"(anonymous_27)","decl":{"start":{"line":1,"column":3354},"end":{"line":1,"column":3355}},"loc":{"start":{"line":1,"column":3360},"end":{"line":1,"column":3442}},"line":1},"28":{"name":"(anonymous_28)","decl":{"start":{"line":1,"column":3442},"end":{"line":1,"column":3443}},"loc":{"start":{"line":1,"column":3451},"end":{"line":1,"column":3473}},"line":1},"29":{"name":"(anonymous_29)","decl":{"start":{"line":1,"column":3473},"end":{"line":1,"column":3474}},"loc":{"start":{"line":1,"column":3481},"end":{"line":1,"column":3510}},"line":1},"30":{"name":"(anonymous_30)","decl":{"start":{"line":1,"column":3510},"end":{"line":1,"column":3511}},"loc":{"start":{"line":1,"column":3525},"end":{"line":1,"column":3601}},"line":1},"31":{"name":"(anonymous_31)","decl":{"start":{"line":1,"column":3625},"end":{"line":1,"column":3626}},"loc":{"start":{"line":1,"column":3639},"end":{"line":1,"column":3693}},"line":1},"32":{"name":"(anonymous_32)","decl":{"start":{"line":1,"column":3693},"end":{"line":1,"column":3694}},"loc":{"start":{"line":1,"column":3700},"end":{"line":1,"column":3760}},"line":1},"33":{"name":"(anonymous_33)","decl":{"start":{"line":1,"column":3760},"end":{"line":1,"column":3761}},"loc":{"start":{"line":1,"column":3765},"end":{"line":1,"column":3840}},"line":1},"34":{"name":"(anonymous_34)","decl":{"start":{"line":1,"column":3840},"end":{"line":1,"column":3841}},"loc":{"start":{"line":1,"column":3846},"end":{"line":1,"column":3894}},"line":1},"35":{"name":"(anonymous_35)","decl":{"start":{"line":1,"column":3894},"end":{"line":1,"column":3895}},"loc":{"start":{"line":1,"column":3903},"end":{"line":1,"column":3925}},"line":1},"36":{"name":"(anonymous_36)","decl":{"start":{"line":1,"column":3925},"end":{"line":1,"column":3926}},"loc":{"start":{"line":1,"column":3933},"end":{"line":1,"column":3962}},"line":1},"37":{"name":"(anonymous_37)","decl":{"start":{"line":1,"column":3962},"end":{"line":1,"column":3963}},"loc":{"start":{"line":1,"column":3977},"end":{"line":1,"column":4004}},"line":1},"38":{"name":"(anonymous_38)","decl":{"start":{"line":1,"column":4019},"end":{"line":1,"column":4020}},"loc":{"start":{"line":1,"column":4032},"end":{"line":1,"column":4047}},"line":1},"39":{"name":"(anonymous_39)","decl":{"start":{"line":1,"column":4047},"end":{"line":1,"column":4048}},"loc":{"start":{"line":1,"column":4057},"end":{"line":1,"column":4087}},"line":1},"40":{"name":"(anonymous_40)","decl":{"start":{"line":1,"column":4087},"end":{"line":1,"column":4088}},"loc":{"start":{"line":1,"column":4096},"end":{"line":1,"column":4139}},"line":1},"41":{"name":"(anonymous_41)","decl":{"start":{"line":1,"column":4139},"end":{"line":1,"column":4140}},"loc":{"start":{"line":1,"column":4146},"end":{"line":1,"column":4184}},"line":1},"42":{"name":"(anonymous_42)","decl":{"start":{"line":1,"column":4184},"end":{"line":1,"column":4185}},"loc":{"start":{"line":1,"column":4193},"end":{"line":1,"column":4223}},"line":1},"43":{"name":"(anonymous_43)","decl":{"start":{"line":1,"column":4223},"end":{"line":1,"column":4224}},"loc":{"start":{"line":1,"column":4232},"end":{"line":1,"column":4258}},"line":1},"44":{"name":"(anonymous_44)","decl":{"start":{"line":1,"column":4258},"end":{"line":1,"column":4259}},"loc":{"start":{"line":1,"column":4273},"end":{"line":1,"column":4300}},"line":1},"45":{"name":"(anonymous_45)","decl":{"start":{"line":1,"column":4318},"end":{"line":1,"column":4319}},"loc":{"start":{"line":1,"column":4334},"end":{"line":1,"column":4387}},"line":1},"46":{"name":"(anonymous_46)","decl":{"start":{"line":1,"column":4406},"end":{"line":1,"column":4407}},"loc":{"start":{"line":1,"column":4419},"end":{"line":1,"column":4447}},"line":1},"47":{"name":"(anonymous_47)","decl":{"start":{"line":1,"column":4447},"end":{"line":1,"column":4448}},"loc":{"start":{"line":1,"column":4457},"end":{"line":1,"column":4603}},"line":1},"48":{"name":"(anonymous_48)","decl":{"start":{"line":1,"column":4603},"end":{"line":1,"column":4604}},"loc":{"start":{"line":1,"column":4612},"end":{"line":1,"column":4701}},"line":1},"49":{"name":"(anonymous_49)","decl":{"start":{"line":1,"column":4701},"end":{"line":1,"column":4702}},"loc":{"start":{"line":1,"column":4708},"end":{"line":1,"column":4746}},"line":1},"50":{"name":"(anonymous_50)","decl":{"start":{"line":1,"column":4746},"end":{"line":1,"column":4747}},"loc":{"start":{"line":1,"column":4755},"end":{"line":1,"column":4777}},"line":1},"51":{"name":"(anonymous_51)","decl":{"start":{"line":1,"column":4777},"end":{"line":1,"column":4778}},"loc":{"start":{"line":1,"column":4786},"end":{"line":1,"column":4804}},"line":1},"52":{"name":"(anonymous_52)","decl":{"start":{"line":1,"column":4804},"end":{"line":1,"column":4805}},"loc":{"start":{"line":1,"column":4819},"end":{"line":1,"column":4895}},"line":1},"53":{"name":"(anonymous_53)","decl":{"start":{"line":1,"column":4934},"end":{"line":1,"column":4935}},"loc":{"start":{"line":1,"column":4938},"end":{"line":1,"column":5013}},"line":1},"54":{"name":"(anonymous_54)","decl":{"start":{"line":1,"column":4974},"end":{"line":1,"column":4975}},"loc":{"start":{"line":1,"column":4978},"end":{"line":1,"column":5003}},"line":1},"55":{"name":"(anonymous_55)","decl":{"start":{"line":1,"column":5016},"end":{"line":1,"column":5017}},"loc":{"start":{"line":1,"column":5020},"end":{"line":1,"column":5315}},"line":1},"56":{"name":"(anonymous_56)","decl":{"start":{"line":1,"column":5291},"end":{"line":1,"column":5292}},"loc":{"start":{"line":1,"column":5294},"end":{"line":1,"column":5311}},"line":1},"57":{"name":"(anonymous_57)","decl":{"start":{"line":1,"column":5318},"end":{"line":1,"column":5319}},"loc":{"start":{"line":1,"column":5322},"end":{"line":1,"column":5337}},"line":1},"58":{"name":"(anonymous_58)","decl":{"start":{"line":1,"column":5340},"end":{"line":1,"column":5341}},"loc":{"start":{"line":1,"column":5344},"end":{"line":1,"column":5348}},"line":1},"59":{"name":"(anonymous_59)","decl":{"start":{"line":1,"column":5351},"end":{"line":1,"column":5352}},"loc":{"start":{"line":1,"column":5354},"end":{"line":1,"column":5599}},"line":1},"60":{"name":"(anonymous_60)","decl":{"start":{"line":1,"column":5617},"end":{"line":1,"column":5618}},"loc":{"start":{"line":1,"column":5633},"end":{"line":1,"column":5686}},"line":1},"61":{"name":"(anonymous_61)","decl":{"start":{"line":1,"column":5707},"end":{"line":1,"column":5708}},"loc":{"start":{"line":1,"column":5720},"end":{"line":1,"column":5750}},"line":1},"62":{"name":"(anonymous_62)","decl":{"start":{"line":1,"column":5750},"end":{"line":1,"column":5751}},"loc":{"start":{"line":1,"column":5759},"end":{"line":1,"column":5909}},"line":1},"63":{"name":"(anonymous_63)","decl":{"start":{"line":1,"column":5909},"end":{"line":1,"column":5910}},"loc":{"start":{"line":1,"column":5932},"end":{"line":1,"column":6174}},"line":1},"64":{"name":"(anonymous_64)","decl":{"start":{"line":1,"column":6174},"end":{"line":1,"column":6175}},"loc":{"start":{"line":1,"column":6182},"end":{"line":1,"column":6250}},"line":1},"65":{"name":"(anonymous_65)","decl":{"start":{"line":1,"column":6250},"end":{"line":1,"column":6251}},"loc":{"start":{"line":1,"column":6256},"end":{"line":1,"column":6354}},"line":1},"66":{"name":"(anonymous_66)","decl":{"start":{"line":1,"column":6354},"end":{"line":1,"column":6355}},"loc":{"start":{"line":1,"column":6364},"end":{"line":1,"column":6466}},"line":1},"67":{"name":"(anonymous_67)","decl":{"start":{"line":1,"column":6466},"end":{"line":1,"column":6467}},"loc":{"start":{"line":1,"column":6477},"end":{"line":1,"column":6589}},"line":1},"68":{"name":"(anonymous_68)","decl":{"start":{"line":1,"column":6589},"end":{"line":1,"column":6590}},"loc":{"start":{"line":1,"column":6600},"end":{"line":1,"column":6821}},"line":1},"69":{"name":"(anonymous_69)","decl":{"start":{"line":1,"column":6821},"end":{"line":1,"column":6822}},"loc":{"start":{"line":1,"column":6830},"end":{"line":1,"column":6869}},"line":1},"70":{"name":"(anonymous_70)","decl":{"start":{"line":1,"column":6869},"end":{"line":1,"column":6870}},"loc":{"start":{"line":1,"column":6878},"end":{"line":1,"column":6902}},"line":1},"71":{"name":"(anonymous_71)","decl":{"start":{"line":1,"column":6902},"end":{"line":1,"column":6903}},"loc":{"start":{"line":1,"column":6908},"end":{"line":1,"column":6928}},"line":1},"72":{"name":"(anonymous_72)","decl":{"start":{"line":1,"column":6928},"end":{"line":1,"column":6929}},"loc":{"start":{"line":1,"column":6943},"end":{"line":1,"column":7019}},"line":1},"73":{"name":"(anonymous_73)","decl":{"start":{"line":1,"column":7028},"end":{"line":1,"column":7029}},"loc":{"start":{"line":1,"column":7032},"end":{"line":1,"column":7321}},"line":1},"74":{"name":"(anonymous_74)","decl":{"start":{"line":1,"column":7392},"end":{"line":1,"column":7393}},"loc":{"start":{"line":1,"column":7405},"end":{"line":1,"column":7597}},"line":1},"75":{"name":"(anonymous_75)","decl":{"start":{"line":1,"column":7597},"end":{"line":1,"column":7598}},"loc":{"start":{"line":1,"column":7609},"end":{"line":1,"column":7914}},"line":1},"76":{"name":"(anonymous_76)","decl":{"start":{"line":1,"column":7769},"end":{"line":1,"column":7770}},"loc":{"start":{"line":1,"column":7772},"end":{"line":1,"column":7778}},"line":1},"77":{"name":"(anonymous_77)","decl":{"start":{"line":1,"column":7914},"end":{"line":1,"column":7915}},"loc":{"start":{"line":1,"column":7923},"end":{"line":1,"column":8010}},"line":1},"78":{"name":"(anonymous_78)","decl":{"start":{"line":1,"column":8010},"end":{"line":1,"column":8011}},"loc":{"start":{"line":1,"column":8017},"end":{"line":1,"column":8099}},"line":1},"79":{"name":"(anonymous_79)","decl":{"start":{"line":1,"column":8099},"end":{"line":1,"column":8100}},"loc":{"start":{"line":1,"column":8108},"end":{"line":1,"column":8134}},"line":1},"80":{"name":"(anonymous_80)","decl":{"start":{"line":1,"column":8134},"end":{"line":1,"column":8135}},"loc":{"start":{"line":1,"column":8140},"end":{"line":1,"column":8163}},"line":1},"81":{"name":"(anonymous_81)","decl":{"start":{"line":1,"column":8163},"end":{"line":1,"column":8164}},"loc":{"start":{"line":1,"column":8178},"end":{"line":1,"column":8224}},"line":1},"82":{"name":"(anonymous_82)","decl":{"start":{"line":1,"column":8205},"end":{"line":1,"column":8206}},"loc":{"start":{"line":1,"column":8208},"end":{"line":1,"column":8213}},"line":1},"83":{"name":"(anonymous_83)","decl":{"start":{"line":1,"column":8247},"end":{"line":1,"column":8248}},"loc":{"start":{"line":1,"column":8261},"end":{"line":1,"column":8314}},"line":1},"84":{"name":"(anonymous_84)","decl":{"start":{"line":1,"column":8340},"end":{"line":1,"column":8341}},"loc":{"start":{"line":1,"column":8353},"end":{"line":1,"column":8398}},"line":1},"85":{"name":"(anonymous_85)","decl":{"start":{"line":1,"column":8398},"end":{"line":1,"column":8399}},"loc":{"start":{"line":1,"column":8407},"end":{"line":1,"column":8590}},"line":1},"86":{"name":"(anonymous_86)","decl":{"start":{"line":1,"column":8590},"end":{"line":1,"column":8591}},"loc":{"start":{"line":1,"column":8613},"end":{"line":1,"column":8897}},"line":1},"87":{"name":"(anonymous_87)","decl":{"start":{"line":1,"column":8897},"end":{"line":1,"column":8898}},"loc":{"start":{"line":1,"column":8903},"end":{"line":1,"column":8992}},"line":1},"88":{"name":"(anonymous_88)","decl":{"start":{"line":1,"column":8992},"end":{"line":1,"column":8993}},"loc":{"start":{"line":1,"column":9002},"end":{"line":1,"column":9104}},"line":1},"89":{"name":"(anonymous_89)","decl":{"start":{"line":1,"column":9104},"end":{"line":1,"column":9105}},"loc":{"start":{"line":1,"column":9115},"end":{"line":1,"column":9221}},"line":1},"90":{"name":"(anonymous_90)","decl":{"start":{"line":1,"column":9221},"end":{"line":1,"column":9222}},"loc":{"start":{"line":1,"column":9232},"end":{"line":1,"column":9658}},"line":1},"91":{"name":"(anonymous_91)","decl":{"start":{"line":1,"column":9658},"end":{"line":1,"column":9659}},"loc":{"start":{"line":1,"column":9667},"end":{"line":1,"column":9706}},"line":1},"92":{"name":"(anonymous_92)","decl":{"start":{"line":1,"column":9706},"end":{"line":1,"column":9707}},"loc":{"start":{"line":1,"column":9715},"end":{"line":1,"column":9739}},"line":1},"93":{"name":"(anonymous_93)","decl":{"start":{"line":1,"column":9739},"end":{"line":1,"column":9740}},"loc":{"start":{"line":1,"column":9745},"end":{"line":1,"column":9765}},"line":1},"94":{"name":"(anonymous_94)","decl":{"start":{"line":1,"column":9765},"end":{"line":1,"column":9766}},"loc":{"start":{"line":1,"column":9785},"end":{"line":1,"column":9861}},"line":1},"95":{"name":"(anonymous_95)","decl":{"start":{"line":1,"column":9861},"end":{"line":1,"column":9862}},"loc":{"start":{"line":1,"column":9882},"end":{"line":1,"column":9958}},"line":1},"96":{"name":"(anonymous_96)","decl":{"start":{"line":1,"column":10150},"end":{"line":1,"column":10151}},"loc":{"start":{"line":1,"column":10153},"end":{"line":1,"column":10191}},"line":1},"97":{"name":"(anonymous_97)","decl":{"start":{"line":1,"column":10228},"end":{"line":1,"column":10229}},"loc":{"start":{"line":1,"column":10231},"end":{"line":1,"column":10313}},"line":1},"98":{"name":"(anonymous_98)","decl":{"start":{"line":1,"column":10491},"end":{"line":1,"column":10492}},"loc":{"start":{"line":1,"column":10500},"end":{"line":1,"column":10812}},"line":1},"99":{"name":"(anonymous_99)","decl":{"start":{"line":1,"column":10834},"end":{"line":1,"column":10835}},"loc":{"start":{"line":1,"column":10837},"end":{"line":1,"column":11493}},"line":1},"100":{"name":"(anonymous_100)","decl":{"start":{"line":1,"column":10993},"end":{"line":1,"column":10994}},"loc":{"start":{"line":1,"column":10996},"end":{"line":1,"column":11118}},"line":1},"101":{"name":"(anonymous_101)","decl":{"start":{"line":1,"column":11040},"end":{"line":1,"column":11041}},"loc":{"start":{"line":1,"column":11043},"end":{"line":1,"column":11115}},"line":1},"102":{"name":"(anonymous_102)","decl":{"start":{"line":1,"column":11083},"end":{"line":1,"column":11084}},"loc":{"start":{"line":1,"column":11087},"end":{"line":1,"column":11093}},"line":1},"103":{"name":"(anonymous_103)","decl":{"start":{"line":1,"column":11103},"end":{"line":1,"column":11104}},"loc":{"start":{"line":1,"column":11107},"end":{"line":1,"column":11112}},"line":1},"104":{"name":"(anonymous_104)","decl":{"start":{"line":1,"column":11128},"end":{"line":1,"column":11129}},"loc":{"start":{"line":1,"column":11131},"end":{"line":1,"column":11395}},"line":1},"105":{"name":"(anonymous_105)","decl":{"start":{"line":1,"column":11144},"end":{"line":1,"column":11145}},"loc":{"start":{"line":1,"column":11147},"end":{"line":1,"column":11393}},"line":1},"106":{"name":"(anonymous_106)","decl":{"start":{"line":1,"column":11159},"end":{"line":1,"column":11160}},"loc":{"start":{"line":1,"column":11162},"end":{"line":1,"column":11390}},"line":1},"107":{"name":"(anonymous_107)","decl":{"start":{"line":1,"column":11396},"end":{"line":1,"column":11397}},"loc":{"start":{"line":1,"column":11399},"end":{"line":1,"column":11491}},"line":1},"108":{"name":"(anonymous_108)","decl":{"start":{"line":1,"column":11412},"end":{"line":1,"column":11413}},"loc":{"start":{"line":1,"column":11415},"end":{"line":1,"column":11489}},"line":1},"109":{"name":"(anonymous_109)","decl":{"start":{"line":1,"column":11455},"end":{"line":1,"column":11456}},"loc":{"start":{"line":1,"column":11459},"end":{"line":1,"column":11465}},"line":1},"110":{"name":"(anonymous_110)","decl":{"start":{"line":1,"column":11475},"end":{"line":1,"column":11476}},"loc":{"start":{"line":1,"column":11479},"end":{"line":1,"column":11486}},"line":1},"111":{"name":"(anonymous_111)","decl":{"start":{"line":1,"column":11513},"end":{"line":1,"column":11514}},"loc":{"start":{"line":1,"column":11516},"end":{"line":1,"column":11620}},"line":1},"112":{"name":"(anonymous_112)","decl":{"start":{"line":1,"column":11639},"end":{"line":1,"column":11640}},"loc":{"start":{"line":1,"column":11646},"end":{"line":1,"column":11809}},"line":1},"113":{"name":"(anonymous_113)","decl":{"start":{"line":1,"column":11647},"end":{"line":1,"column":11648}},"loc":{"start":{"line":1,"column":11650},"end":{"line":1,"column":11713}},"line":1},"114":{"name":"(anonymous_114)","decl":{"start":{"line":1,"column":11714},"end":{"line":1,"column":11715}},"loc":{"start":{"line":1,"column":11724},"end":{"line":1,"column":11799}},"line":1},"115":{"name":"(anonymous_115)","decl":{"start":{"line":1,"column":11801},"end":{"line":1,"column":11802}},"loc":{"start":{"line":1,"column":11805},"end":{"line":1,"column":11808}},"line":1},"116":{"name":"(anonymous_116)","decl":{"start":{"line":1,"column":11838},"end":{"line":1,"column":11839}},"loc":{"start":{"line":1,"column":11842},"end":{"line":1,"column":12157}},"line":1},"117":{"name":"(anonymous_117)","decl":{"start":{"line":1,"column":12179},"end":{"line":1,"column":12180}},"loc":{"start":{"line":1,"column":12183},"end":{"line":1,"column":12190}},"line":1},"118":{"name":"(anonymous_118)","decl":{"start":{"line":1,"column":12211},"end":{"line":1,"column":12212}},"loc":{"start":{"line":1,"column":12218},"end":{"line":1,"column":12413}},"line":1},"119":{"name":"(anonymous_119)","decl":{"start":{"line":1,"column":12302},"end":{"line":1,"column":12303}},"loc":{"start":{"line":1,"column":12306},"end":{"line":1,"column":12358}},"line":1},"120":{"name":"(anonymous_120)","decl":{"start":{"line":1,"column":12370},"end":{"line":1,"column":12371}},"loc":{"start":{"line":1,"column":12374},"end":{"line":1,"column":12411}},"line":1},"121":{"name":"(anonymous_121)","decl":{"start":{"line":1,"column":12455},"end":{"line":1,"column":12456}},"loc":{"start":{"line":1,"column":12458},"end":{"line":1,"column":12743}},"line":1},"122":{"name":"(anonymous_122)","decl":{"start":{"line":1,"column":12642},"end":{"line":1,"column":12643}},"loc":{"start":{"line":1,"column":12650},"end":{"line":1,"column":12659}},"line":1},"123":{"name":"(anonymous_123)","decl":{"start":{"line":1,"column":12701},"end":{"line":1,"column":12702}},"loc":{"start":{"line":1,"column":12705},"end":{"line":1,"column":12741}},"line":1},"124":{"name":"(anonymous_124)","decl":{"start":{"line":1,"column":12769},"end":{"line":1,"column":12770}},"loc":{"start":{"line":1,"column":12773},"end":{"line":1,"column":12947}},"line":1},"125":{"name":"(anonymous_125)","decl":{"start":{"line":1,"column":12965},"end":{"line":1,"column":12966}},"loc":{"start":{"line":1,"column":12972},"end":{"line":1,"column":13111}},"line":1},"126":{"name":"(anonymous_126)","decl":{"start":{"line":1,"column":13129},"end":{"line":1,"column":13130}},"loc":{"start":{"line":1,"column":13138},"end":{"line":1,"column":13265}},"line":1},"127":{"name":"(anonymous_127)","decl":{"start":{"line":1,"column":13253},"end":{"line":1,"column":13254}},"loc":{"start":{"line":1,"column":13257},"end":{"line":1,"column":13263}},"line":1},"128":{"name":"(anonymous_128)","decl":{"start":{"line":1,"column":13285},"end":{"line":1,"column":13286}},"loc":{"start":{"line":1,"column":13298},"end":{"line":1,"column":13445}},"line":1},"129":{"name":"(anonymous_129)","decl":{"start":{"line":1,"column":13408},"end":{"line":1,"column":13409}},"loc":{"start":{"line":1,"column":13412},"end":{"line":1,"column":13440}},"line":1}},"branchMap":{"0":{"loc":{"start":{"line":1,"column":82},"end":{"line":1,"column":158}},"type":"binary-expr","locations":[{"start":{"line":1,"column":82},"end":{"line":1,"column":108}},{"start":{"line":1,"column":110},"end":{"line":1,"column":126}},{"start":{"line":1,"column":128},"end":{"line":1,"column":158}}],"line":1},"1":{"loc":{"start":{"line":1,"column":306},"end":{"line":1,"column":327}},"type":"binary-expr","locations":[{"start":{"line":1,"column":306},"end":{"line":1,"column":307}},{"start":{"line":1,"column":309},"end":{"line":1,"column":327}}],"line":1},"2":{"loc":{"start":{"line":1,"column":333},"end":{"line":1,"column":355}},"type":"binary-expr","locations":[{"start":{"line":1,"column":333},"end":{"line":1,"column":335}},{"start":{"line":1,"column":337},"end":{"line":1,"column":355}}],"line":1},"3":{"loc":{"start":{"line":1,"column":502},"end":{"line":1,"column":531}},"type":"binary-expr","locations":[{"start":{"line":1,"column":502},"end":{"line":1,"column":512}},{"start":{"line":1,"column":515},"end":{"line":1,"column":530}}],"line":1},"4":{"loc":{"start":{"line":1,"column":720},"end":{"line":1,"column":742}},"type":"if","locations":[{"start":{"line":1,"column":720},"end":{"line":1,"column":742}},{"start":{},"end":{}}],"line":1},"5":{"loc":{"start":{"line":1,"column":763},"end":{"line":1,"column":825}},"type":"binary-expr","locations":[{"start":{"line":1,"column":763},"end":{"line":1,"column":775}},{"start":{"line":1,"column":778},"end":{"line":1,"column":824}}],"line":1},"6":{"loc":{"start":{"line":1,"column":826},"end":{"line":1,"column":872}},"type":"binary-expr","locations":[{"start":{"line":1,"column":826},"end":{"line":1,"column":835}},{"start":{"line":1,"column":838},"end":{"line":1,"column":871}}],"line":1},"7":{"loc":{"start":{"line":1,"column":998},"end":{"line":1,"column":1054}},"type":"binary-expr","locations":[{"start":{"line":1,"column":998},"end":{"line":1,"column":1002}},{"start":{"line":1,"column":1005},"end":{"line":1,"column":1053}}],"line":1},"8":{"loc":{"start":{"line":1,"column":1015},"end":{"line":1,"column":1053}},"type":"binary-expr","locations":[{"start":{"line":1,"column":1015},"end":{"line":1,"column":1024}},{"start":{"line":1,"column":1027},"end":{"line":1,"column":1052}}],"line":1},"9":{"loc":{"start":{"line":1,"column":1114},"end":{"line":1,"column":1136}},"type":"if","locations":[{"start":{"line":1,"column":1114},"end":{"line":1,"column":1136}},{"start":{},"end":{}}],"line":1},"10":{"loc":{"start":{"line":1,"column":1144},"end":{"line":1,"column":1190}},"type":"cond-expr","locations":[{"start":{"line":1,"column":1160},"end":{"line":1,"column":1187}},{"start":{"line":1,"column":1188},"end":{"line":1,"column":1190}}],"line":1},"11":{"loc":{"start":{"line":1,"column":1304},"end":{"line":1,"column":1333}},"type":"if","locations":[{"start":{"line":1,"column":1304},"end":{"line":1,"column":1333}},{"start":{},"end":{}}],"line":1},"12":{"loc":{"start":{"line":1,"column":1352},"end":{"line":1,"column":1360}},"type":"cond-expr","locations":[{"start":{"line":1,"column":1354},"end":{"line":1,"column":1358}},{"start":{"line":1,"column":1359},"end":{"line":1,"column":1360}}],"line":1},"13":{"loc":{"start":{"line":1,"column":1371},"end":{"line":1,"column":1375}},"type":"default-arg","locations":[{"start":{"line":1,"column":1373},"end":{"line":1,"column":1375}}],"line":1},"14":{"loc":{"start":{"line":1,"column":1466},"end":{"line":1,"column":1489}},"type":"cond-expr","locations":[{"start":{"line":1,"column":1468},"end":{"line":1,"column":1486}},{"start":{"line":1,"column":1487},"end":{"line":1,"column":1489}}],"line":1},"15":{"loc":{"start":{"line":1,"column":1590},"end":{"line":1,"column":1625}},"type":"if","locations":[{"start":{"line":1,"column":1590},"end":{"line":1,"column":1625}},{"start":{},"end":{}}],"line":1},"16":{"loc":{"start":{"line":1,"column":1625},"end":{"line":1,"column":1697}},"type":"if","locations":[{"start":{"line":1,"column":1625},"end":{"line":1,"column":1697}},{"start":{},"end":{}}],"line":1},"17":{"loc":{"start":{"line":1,"column":1697},"end":{"line":1,"column":1781}},"type":"if","locations":[{"start":{"line":1,"column":1697},"end":{"line":1,"column":1781}},{"start":{},"end":{}}],"line":1},"18":{"loc":{"start":{"line":1,"column":1722},"end":{"line":1,"column":1764}},"type":"cond-expr","locations":[{"start":{"line":1,"column":1751},"end":{"line":1,"column":1762}},{"start":{"line":1,"column":1763},"end":{"line":1,"column":1764}}],"line":1},"19":{"loc":{"start":{"line":1,"column":1767},"end":{"line":1,"column":1780}},"type":"cond-expr","locations":[{"start":{"line":1,"column":1772},"end":{"line":1,"column":1778}},{"start":{"line":1,"column":1779},"end":{"line":1,"column":1780}}],"line":1},"20":{"loc":{"start":{"line":1,"column":1781},"end":{"line":1,"column":1833}},"type":"if","locations":[{"start":{"line":1,"column":1781},"end":{"line":1,"column":1833}},{"start":{},"end":{}}],"line":1},"21":{"loc":{"start":{"line":1,"column":1882},"end":{"line":1,"column":1931}},"type":"cond-expr","locations":[{"start":{"line":1,"column":1895},"end":{"line":1,"column":1914}},{"start":{"line":1,"column":1915},"end":{"line":1,"column":1931}}],"line":1},"22":{"loc":{"start":{"line":1,"column":1882},"end":{"line":1,"column":1894}},"type":"binary-expr","locations":[{"start":{"line":1,"column":1882},"end":{"line":1,"column":1883}},{"start":{"line":1,"column":1885},"end":{"line":1,"column":1894}}],"line":1},"23":{"loc":{"start":{"line":1,"column":1908},"end":{"line":1,"column":1913}},"type":"cond-expr","locations":[{"start":{"line":1,"column":1910},"end":{"line":1,"column":1911}},{"start":{"line":1,"column":1912},"end":{"line":1,"column":1913}}],"line":1},"24":{"loc":{"start":{"line":1,"column":1915},"end":{"line":1,"column":1931}},"type":"cond-expr","locations":[{"start":{"line":1,"column":1925},"end":{"line":1,"column":1928}},{"start":{"line":1,"column":1929},"end":{"line":1,"column":1931}}],"line":1},"25":{"loc":{"start":{"line":1,"column":1966},"end":{"line":1,"column":1989}},"type":"if","locations":[{"start":{"line":1,"column":1966},"end":{"line":1,"column":1989}},{"start":{},"end":{}}],"line":1},"26":{"loc":{"start":{"line":1,"column":1979},"end":{"line":1,"column":1988}},"type":"cond-expr","locations":[{"start":{"line":1,"column":1985},"end":{"line":1,"column":1986}},{"start":{"line":1,"column":1987},"end":{"line":1,"column":1988}}],"line":1},"27":{"loc":{"start":{"line":1,"column":2002},"end":{"line":1,"column":2053}},"type":"if","locations":[{"start":{"line":1,"column":2002},"end":{"line":1,"column":2053}},{"start":{},"end":{}}],"line":1},"28":{"loc":{"start":{"line":1,"column":2005},"end":{"line":1,"column":2032}},"type":"binary-expr","locations":[{"start":{"line":1,"column":2005},"end":{"line":1,"column":2017}},{"start":{"line":1,"column":2019},"end":{"line":1,"column":2032}}],"line":1},"29":{"loc":{"start":{"line":1,"column":2041},"end":{"line":1,"column":2049}},"type":"cond-expr","locations":[{"start":{"line":1,"column":2045},"end":{"line":1,"column":2047}},{"start":{"line":1,"column":2048},"end":{"line":1,"column":2049}}],"line":1},"30":{"loc":{"start":{"line":1,"column":2060},"end":{"line":1,"column":2069}},"type":"cond-expr","locations":[{"start":{"line":1,"column":2066},"end":{"line":1,"column":2067}},{"start":{"line":1,"column":2068},"end":{"line":1,"column":2069}}],"line":1},"31":{"loc":{"start":{"line":1,"column":2110},"end":{"line":1,"column":2117}},"type":"cond-expr","locations":[{"start":{"line":1,"column":2112},"end":{"line":1,"column":2115}},{"start":{"line":1,"column":2116},"end":{"line":1,"column":2117}}],"line":1},"32":{"loc":{"start":{"line":1,"column":2129},"end":{"line":1,"column":2148}},"type":"binary-expr","locations":[{"start":{"line":1,"column":2129},"end":{"line":1,"column":2134}},{"start":{"line":1,"column":2136},"end":{"line":1,"column":2148}}],"line":1},"33":{"loc":{"start":{"line":1,"column":2163},"end":{"line":1,"column":2176}},"type":"binary-expr","locations":[{"start":{"line":1,"column":2163},"end":{"line":1,"column":2166}},{"start":{"line":1,"column":2168},"end":{"line":1,"column":2176}}],"line":1},"34":{"loc":{"start":{"line":1,"column":2185},"end":{"line":1,"column":2219}},"type":"binary-expr","locations":[{"start":{"line":1,"column":2185},"end":{"line":1,"column":2189}},{"start":{"line":1,"column":2191},"end":{"line":1,"column":2195}},{"start":{"line":1,"column":2197},"end":{"line":1,"column":2201}},{"start":{"line":1,"column":2203},"end":{"line":1,"column":2207}},{"start":{"line":1,"column":2209},"end":{"line":1,"column":2213}},{"start":{"line":1,"column":2215},"end":{"line":1,"column":2219}}],"line":1},"35":{"loc":{"start":{"line":1,"column":2264},"end":{"line":1,"column":2296}},"type":"cond-expr","locations":[{"start":{"line":1,"column":2269},"end":{"line":1,"column":2270}},{"start":{"line":1,"column":2271},"end":{"line":1,"column":2296}}],"line":1},"36":{"loc":{"start":{"line":1,"column":2309},"end":{"line":1,"column":2761}},"type":"if","locations":[{"start":{"line":1,"column":2309},"end":{"line":1,"column":2761}},{"start":{"line":1,"column":2359},"end":{"line":1,"column":2761}}],"line":1},"37":{"loc":{"start":{"line":1,"column":2359},"end":{"line":1,"column":2761}},"type":"if","locations":[{"start":{"line":1,"column":2359},"end":{"line":1,"column":2761}},{"start":{"line":1,"column":2577},"end":{"line":1,"column":2761}}],"line":1},"38":{"loc":{"start":{"line":1,"column":2362},"end":{"line":1,"column":2407}},"type":"binary-expr","locations":[{"start":{"line":1,"column":2362},"end":{"line":1,"column":2382}},{"start":{"line":1,"column":2384},"end":{"line":1,"column":2407}}],"line":1},"39":{"loc":{"start":{"line":1,"column":2448},"end":{"line":1,"column":2480}},"type":"binary-expr","locations":[{"start":{"line":1,"column":2448},"end":{"line":1,"column":2449}},{"start":{"line":1,"column":2451},"end":{"line":1,"column":2480}}],"line":1},"40":{"loc":{"start":{"line":1,"column":2530},"end":{"line":1,"column":2562}},"type":"binary-expr","locations":[{"start":{"line":1,"column":2530},"end":{"line":1,"column":2531}},{"start":{"line":1,"column":2533},"end":{"line":1,"column":2562}}],"line":1},"41":{"loc":{"start":{"line":1,"column":2588},"end":{"line":1,"column":2632}},"type":"binary-expr","locations":[{"start":{"line":1,"column":2588},"end":{"line":1,"column":2621}},{"start":{"line":1,"column":2623},"end":{"line":1,"column":2632}}],"line":1},"42":{"loc":{"start":{"line":1,"column":2849},"end":{"line":1,"column":2856}},"type":"binary-expr","locations":[{"start":{"line":1,"column":2849},"end":{"line":1,"column":2850}},{"start":{"line":1,"column":2852},"end":{"line":1,"column":2856}}],"line":1},"43":{"loc":{"start":{"line":1,"column":2930},"end":{"line":1,"column":2936}},"type":"binary-expr","locations":[{"start":{"line":1,"column":2930},"end":{"line":1,"column":2931}},{"start":{"line":1,"column":2933},"end":{"line":1,"column":2936}}],"line":1},"44":{"loc":{"start":{"line":1,"column":2957},"end":{"line":1,"column":2983}},"type":"if","locations":[{"start":{"line":1,"column":2957},"end":{"line":1,"column":2983}},{"start":{},"end":{}}],"line":1},"45":{"loc":{"start":{"line":1,"column":3000},"end":{"line":1,"column":3055}},"type":"if","locations":[{"start":{"line":1,"column":3000},"end":{"line":1,"column":3055}},{"start":{},"end":{}}],"line":1},"46":{"loc":{"start":{"line":1,"column":3076},"end":{"line":1,"column":3085}},"type":"binary-expr","locations":[{"start":{"line":1,"column":3076},"end":{"line":1,"column":3077}},{"start":{"line":1,"column":3079},"end":{"line":1,"column":3085}}],"line":1},"47":{"loc":{"start":{"line":1,"column":3134},"end":{"line":1,"column":3161}},"type":"if","locations":[{"start":{"line":1,"column":3134},"end":{"line":1,"column":3161}},{"start":{},"end":{}}],"line":1},"48":{"loc":{"start":{"line":1,"column":3161},"end":{"line":1,"column":3247}},"type":"if","locations":[{"start":{"line":1,"column":3161},"end":{"line":1,"column":3247}},{"start":{},"end":{}}],"line":1},"49":{"loc":{"start":{"line":1,"column":3268},"end":{"line":1,"column":3290}},"type":"binary-expr","locations":[{"start":{"line":1,"column":3268},"end":{"line":1,"column":3269}},{"start":{"line":1,"column":3271},"end":{"line":1,"column":3277}},{"start":{"line":1,"column":3279},"end":{"line":1,"column":3290}}],"line":1},"50":{"loc":{"start":{"line":1,"column":3361},"end":{"line":1,"column":3388}},"type":"if","locations":[{"start":{"line":1,"column":3361},"end":{"line":1,"column":3388}},{"start":{},"end":{}}],"line":1},"51":{"loc":{"start":{"line":1,"column":3409},"end":{"line":1,"column":3418}},"type":"binary-expr","locations":[{"start":{"line":1,"column":3409},"end":{"line":1,"column":3410}},{"start":{"line":1,"column":3412},"end":{"line":1,"column":3418}}],"line":1},"52":{"loc":{"start":{"line":1,"column":3519},"end":{"line":1,"column":3524}},"type":"default-arg","locations":[{"start":{"line":1,"column":3521},"end":{"line":1,"column":3524}}],"line":1},"53":{"loc":{"start":{"line":1,"column":3660},"end":{"line":1,"column":3666}},"type":"binary-expr","locations":[{"start":{"line":1,"column":3660},"end":{"line":1,"column":3661}},{"start":{"line":1,"column":3663},"end":{"line":1,"column":3666}}],"line":1},"54":{"loc":{"start":{"line":1,"column":3707},"end":{"line":1,"column":3759}},"type":"binary-expr","locations":[{"start":{"line":1,"column":3707},"end":{"line":1,"column":3721}},{"start":{"line":1,"column":3724},"end":{"line":1,"column":3758}}],"line":1},"55":{"loc":{"start":{"line":1,"column":3766},"end":{"line":1,"column":3793}},"type":"if","locations":[{"start":{"line":1,"column":3766},"end":{"line":1,"column":3793}},{"start":{},"end":{}}],"line":1},"56":{"loc":{"start":{"line":1,"column":3853},"end":{"line":1,"column":3893}},"type":"binary-expr","locations":[{"start":{"line":1,"column":3853},"end":{"line":1,"column":3868}},{"start":{"line":1,"column":3870},"end":{"line":1,"column":3893}}],"line":1},"57":{"loc":{"start":{"line":1,"column":3971},"end":{"line":1,"column":3976}},"type":"default-arg","locations":[{"start":{"line":1,"column":3973},"end":{"line":1,"column":3976}}],"line":1},"58":{"loc":{"start":{"line":1,"column":4103},"end":{"line":1,"column":4138}},"type":"binary-expr","locations":[{"start":{"line":1,"column":4103},"end":{"line":1,"column":4118}},{"start":{"line":1,"column":4120},"end":{"line":1,"column":4138}}],"line":1},"59":{"loc":{"start":{"line":1,"column":4153},"end":{"line":1,"column":4183}},"type":"binary-expr","locations":[{"start":{"line":1,"column":4153},"end":{"line":1,"column":4168}},{"start":{"line":1,"column":4170},"end":{"line":1,"column":4183}}],"line":1},"60":{"loc":{"start":{"line":1,"column":4267},"end":{"line":1,"column":4272}},"type":"default-arg","locations":[{"start":{"line":1,"column":4269},"end":{"line":1,"column":4272}}],"line":1},"61":{"loc":{"start":{"line":1,"column":4379},"end":{"line":1,"column":4386}},"type":"binary-expr","locations":[{"start":{"line":1,"column":4379},"end":{"line":1,"column":4380}},{"start":{"line":1,"column":4382},"end":{"line":1,"column":4386}}],"line":1},"62":{"loc":{"start":{"line":1,"column":4475},"end":{"line":1,"column":4530}},"type":"if","locations":[{"start":{"line":1,"column":4475},"end":{"line":1,"column":4530}},{"start":{},"end":{}}],"line":1},"63":{"loc":{"start":{"line":1,"column":4551},"end":{"line":1,"column":4560}},"type":"binary-expr","locations":[{"start":{"line":1,"column":4551},"end":{"line":1,"column":4552}},{"start":{"line":1,"column":4554},"end":{"line":1,"column":4560}}],"line":1},"64":{"loc":{"start":{"line":1,"column":4613},"end":{"line":1,"column":4640}},"type":"if","locations":[{"start":{"line":1,"column":4613},"end":{"line":1,"column":4640}},{"start":{},"end":{}}],"line":1},"65":{"loc":{"start":{"line":1,"column":4715},"end":{"line":1,"column":4745}},"type":"binary-expr","locations":[{"start":{"line":1,"column":4715},"end":{"line":1,"column":4730}},{"start":{"line":1,"column":4732},"end":{"line":1,"column":4745}}],"line":1},"66":{"loc":{"start":{"line":1,"column":4813},"end":{"line":1,"column":4818}},"type":"default-arg","locations":[{"start":{"line":1,"column":4815},"end":{"line":1,"column":4818}}],"line":1},"67":{"loc":{"start":{"line":1,"column":4939},"end":{"line":1,"column":4956}},"type":"if","locations":[{"start":{"line":1,"column":4939},"end":{"line":1,"column":4956}},{"start":{},"end":{}}],"line":1},"68":{"loc":{"start":{"line":1,"column":5021},"end":{"line":1,"column":5043}},"type":"if","locations":[{"start":{"line":1,"column":5021},"end":{"line":1,"column":5043}},{"start":{},"end":{}}],"line":1},"69":{"loc":{"start":{"line":1,"column":5181},"end":{"line":1,"column":5269}},"type":"if","locations":[{"start":{"line":1,"column":5181},"end":{"line":1,"column":5269}},{"start":{},"end":{}}],"line":1},"70":{"loc":{"start":{"line":1,"column":5191},"end":{"line":1,"column":5255}},"type":"if","locations":[{"start":{"line":1,"column":5191},"end":{"line":1,"column":5255}},{"start":{},"end":{}}],"line":1},"71":{"loc":{"start":{"line":1,"column":5323},"end":{"line":1,"column":5336}},"type":"binary-expr","locations":[{"start":{"line":1,"column":5323},"end":{"line":1,"column":5324}},{"start":{"line":1,"column":5327},"end":{"line":1,"column":5335}}],"line":1},"72":{"loc":{"start":{"line":1,"column":5440},"end":{"line":1,"column":5459}},"type":"if","locations":[{"start":{"line":1,"column":5440},"end":{"line":1,"column":5459}},{"start":{},"end":{}}],"line":1},"73":{"loc":{"start":{"line":1,"column":5587},"end":{"line":1,"column":5598}},"type":"binary-expr","locations":[{"start":{"line":1,"column":5587},"end":{"line":1,"column":5593}},{"start":{"line":1,"column":5595},"end":{"line":1,"column":5598}}],"line":1},"74":{"loc":{"start":{"line":1,"column":5678},"end":{"line":1,"column":5685}},"type":"binary-expr","locations":[{"start":{"line":1,"column":5678},"end":{"line":1,"column":5679}},{"start":{"line":1,"column":5681},"end":{"line":1,"column":5685}}],"line":1},"75":{"loc":{"start":{"line":1,"column":5777},"end":{"line":1,"column":5834}},"type":"if","locations":[{"start":{"line":1,"column":5777},"end":{"line":1,"column":5834}},{"start":{},"end":{}}],"line":1},"76":{"loc":{"start":{"line":1,"column":5855},"end":{"line":1,"column":5864}},"type":"binary-expr","locations":[{"start":{"line":1,"column":5855},"end":{"line":1,"column":5856}},{"start":{"line":1,"column":5858},"end":{"line":1,"column":5864}}],"line":1},"77":{"loc":{"start":{"line":1,"column":5918},"end":{"line":1,"column":5931}},"type":"default-arg","locations":[{"start":{"line":1,"column":5920},"end":{"line":1,"column":5931}}],"line":1},"78":{"loc":{"start":{"line":1,"column":5933},"end":{"line":1,"column":5964}},"type":"if","locations":[{"start":{"line":1,"column":5933},"end":{"line":1,"column":5964}},{"start":{},"end":{}}],"line":1},"79":{"loc":{"start":{"line":1,"column":5936},"end":{"line":1,"column":5954}},"type":"binary-expr","locations":[{"start":{"line":1,"column":5936},"end":{"line":1,"column":5939}},{"start":{"line":1,"column":5941},"end":{"line":1,"column":5954}}],"line":1},"80":{"loc":{"start":{"line":1,"column":5981},"end":{"line":1,"column":6044}},"type":"if","locations":[{"start":{"line":1,"column":5981},"end":{"line":1,"column":6044}},{"start":{},"end":{}}],"line":1},"81":{"loc":{"start":{"line":1,"column":6044},"end":{"line":1,"column":6085}},"type":"if","locations":[{"start":{"line":1,"column":6044},"end":{"line":1,"column":6085}},{"start":{},"end":{}}],"line":1},"82":{"loc":{"start":{"line":1,"column":6257},"end":{"line":1,"column":6289}},"type":"if","locations":[{"start":{"line":1,"column":6257},"end":{"line":1,"column":6289}},{"start":{},"end":{}}],"line":1},"83":{"loc":{"start":{"line":1,"column":6260},"end":{"line":1,"column":6279}},"type":"binary-expr","locations":[{"start":{"line":1,"column":6260},"end":{"line":1,"column":6263}},{"start":{"line":1,"column":6265},"end":{"line":1,"column":6279}}],"line":1},"84":{"loc":{"start":{"line":1,"column":6314},"end":{"line":1,"column":6336}},"type":"if","locations":[{"start":{"line":1,"column":6314},"end":{"line":1,"column":6336}},{"start":{},"end":{}}],"line":1},"85":{"loc":{"start":{"line":1,"column":6365},"end":{"line":1,"column":6392}},"type":"if","locations":[{"start":{"line":1,"column":6365},"end":{"line":1,"column":6392}},{"start":{},"end":{}}],"line":1},"86":{"loc":{"start":{"line":1,"column":6421},"end":{"line":1,"column":6443}},"type":"if","locations":[{"start":{"line":1,"column":6421},"end":{"line":1,"column":6443}},{"start":{},"end":{}}],"line":1},"87":{"loc":{"start":{"line":1,"column":6478},"end":{"line":1,"column":6510}},"type":"if","locations":[{"start":{"line":1,"column":6478},"end":{"line":1,"column":6510}},{"start":{},"end":{}}],"line":1},"88":{"loc":{"start":{"line":1,"column":6481},"end":{"line":1,"column":6500}},"type":"binary-expr","locations":[{"start":{"line":1,"column":6481},"end":{"line":1,"column":6484}},{"start":{"line":1,"column":6486},"end":{"line":1,"column":6500}}],"line":1},"89":{"loc":{"start":{"line":1,"column":6539},"end":{"line":1,"column":6566}},"type":"if","locations":[{"start":{"line":1,"column":6539},"end":{"line":1,"column":6566}},{"start":{},"end":{}}],"line":1},"90":{"loc":{"start":{"line":1,"column":6601},"end":{"line":1,"column":6633}},"type":"if","locations":[{"start":{"line":1,"column":6601},"end":{"line":1,"column":6633}},{"start":{},"end":{}}],"line":1},"91":{"loc":{"start":{"line":1,"column":6604},"end":{"line":1,"column":6623}},"type":"binary-expr","locations":[{"start":{"line":1,"column":6604},"end":{"line":1,"column":6607}},{"start":{"line":1,"column":6609},"end":{"line":1,"column":6623}}],"line":1},"92":{"loc":{"start":{"line":1,"column":6633},"end":{"line":1,"column":6715}},"type":"if","locations":[{"start":{"line":1,"column":6633},"end":{"line":1,"column":6715}},{"start":{},"end":{}}],"line":1},"93":{"loc":{"start":{"line":1,"column":6937},"end":{"line":1,"column":6942}},"type":"default-arg","locations
[...]
tart":{"line":1,"column":7334},"end":{"line":1,"column":7422}},{"start":{},"end":{}}],"line":1},"110":{"loc":{"start":{"line":1,"column":7344},"end":{"line":1,"column":7408}},"type":"if","locations":[{"start":{"line":1,"column":7344},"end":{"line":1,"column":7408}},{"start":{},"end":{}}],"line":1},"111":{"loc":{"start":{"line":1,"column":7476},"end":{"line":1,"column":7489}},"type":"binary-expr","locations":[{"start":{"line":1,"column":7476},"end":{"line":1,"column":7477}},{"start":{"line":1,"column":7480},"end":{"line":1,"column":7488}}],"line":1},"112":{"loc":{"start":{"line":1,"column":7594},"end":{"line":1,"column":7613}},"type":"if","locations":[{"start":{"line":1,"column":7594},"end":{"line":1,"column":7613}},{"start":{},"end":{}}],"line":1},"113":{"loc":{"start":{"line":1,"column":7741},"end":{"line":1,"column":7752}},"type":"binary-expr","locations":[{"start":{"line":1,"column":7741},"end":{"line":1,"column":7747}},{"start":{"line":1,"column":7749},"end":{"line":1,"column":7752}}],"line":1},"114":{"loc":{"start":{"line":1,"column":7849},"end":{"line":1,"column":7856}},"type":"binary-expr","locations":[{"start":{"line":1,"column":7849},"end":{"line":1,"column":7850}},{"start":{"line":1,"column":7852},"end":{"line":1,"column":7856}}],"line":1},"115":{"loc":{"start":{"line":1,"column":7950},"end":{"line":1,"column":8007}},"type":"if","locations":[{"start":{"line":1,"column":7950},"end":{"line":1,"column":8007}},{"start":{},"end":{}}],"line":1},"116":{"loc":{"start":{"line":1,"column":8028},"end":{"line":1,"column":8037}},"type":"binary-expr","locations":[{"start":{"line":1,"column":8028},"end":{"line":1,"column":8029}},{"start":{"line":1,"column":8031},"end":{"line":1,"column":8037}}],"line":1},"117":{"loc":{"start":{"line":1,"column":8091},"end":{"line":1,"column":8104}},"type":"default-arg","locations":[{"start":{"line":1,"column":8093},"end":{"line":1,"column":8104}}],"line":1},"118":{"loc":{"start":{"line":1,"column":8106},"end":{"line":1,"column":8137}},"type":"if","locations":[{"start":{"line":1,"column":8106},"end":{"line":1,"column":8137}},{"start":{},"end":{}}],"line":1},"119":{"loc":{"start":{"line":1,"column":8109},"end":{"line":1,"column":8127}},"type":"binary-expr","locations":[{"start":{"line":1,"column":8109},"end":{"line":1,"column":8112}},{"start":{"line":1,"column":8114},"end":{"line":1,"column":8127}}],"line":1},"120":{"loc":{"start":{"line":1,"column":8155},"end":{"line":1,"column":8218}},"type":"if","locations":[{"start":{"line":1,"column":8155},"end":{"line":1,"column":8218}},{"start":{},"end":{}}],"line":1},"121":{"loc":{"start":{"line":1,"column":8218},"end":{"line":1,"column":8259}},"type":"if","locations":[{"start":{"line":1,"column":8218},"end":{"line":1,"column":8259}},{"start":{},"end":{}}],"line":1},"122":{"loc":{"start":{"line":1,"column":8431},"end":{"line":1,"column":8463}},"type":"if","locations":[{"start":{"line":1,"column":8431},"end":{"line":1,"column":8463}},{"start":{},"end":{}}],"line":1},"123":{"loc":{"start":{"line":1,"column":8434},"end":{"line":1,"column":8453}},"type":"binary-expr","locations":[{"start":{"line":1,"column":8434},"end":{"line":1,"column":8437}},{"start":{"line":1,"column":8439},"end":{"line":1,"column":8453}}],"line":1},"124":{"loc":{"start":{"line":1,"column":8488},"end":{"line":1,"column":8510}},"type":"if","locations":[{"start":{"line":1,"column":8488},"end":{"line":1,"column":8510}},{"start":{},"end":{}}],"line":1},"125":{"loc":{"start":{"line":1,"column":8539},"end":{"line":1,"column":8566}},"type":"if","locations":[{"start":{"line":1,"column":8539},"end":{"line":1,"column":8566}},{"start":{},"end":{}}],"line":1},"126":{"loc":{"start":{"line":1,"column":8595},"end":{"line":1,"column":8617}},"type":"if","locations":[{"start":{"line":1,"column":8595},"end":{"line":1,"column":8617}},{"start":{},"end":{}}],"line":1},"127":{"loc":{"start":{"line":1,"column":8652},"end":{"line":1,"column":8684}},"type":"if","locations":[{"start":{"line":1,"column":8652},"end":{"line":1,"column":8684}},{"start":{},"end":{}}],"line":1},"128":{"loc":{"start":{"line":1,"column":8655},"end":{"line":1,"column":8674}},"type":"binary-expr","locations":[{"start":{"line":1,"column":8655},"end":{"line":1,"column":8658}},{"start":{"line":1,"column":8660},"end":{"line":1,"column":8674}}],"line":1},"129":{"loc":{"start":{"line":1,"column":8713},"end":{"line":1,"column":8740}},"type":"if","locations":[{"start":{"line":1,"column":8713},"end":{"line":1,"column":8740}},{"start":{},"end":{}}],"line":1},"130":{"loc":{"start":{"line":1,"column":8775},"end":{"line":1,"column":8807}},"type":"if","locations":[{"start":{"line":1,"column":8775},"end":{"line":1,"column":8807}},{"start":{},"end":{}}],"line":1},"131":{"loc":{"start":{"line":1,"column":8778},"end":{"line":1,"column":8797}},"type":"binary-expr","locations":[{"start":{"line":1,"column":8778},"end":{"line":1,"column":8781}},{"start":{"line":1,"column":8783},"end":{"line":1,"column":8797}}],"line":1},"132":{"loc":{"start":{"line":1,"column":8807},"end":{"line":1,"column":8889}},"type":"if","locations":[{"start":{"line":1,"column":8807},"end":{"line":1,"column":8889}},{"start":{},"end":{}}],"line":1},"133":{"loc":{"start":{"line":1,"column":9111},"end":{"line":1,"column":9116}},"type":"default-arg","locations":[{"start":{"line":1,"column":9113},"end":{"line":1,"column":9116}}],"line":1},"134":{"loc":{"start":{"line":1,"column":9788},"end":{"line":1,"column":9809}},"type":"if","locations":[{"start":{"line":1,"column":9788},"end":{"line":1,"column":9809}},{"start":{},"end":{}}],"line":1},"135":{"loc":{"start":{"line":1,"column":9791},"end":{"line":1,"column":9799}},"type":"binary-expr","locations":[{"start":{"line":1,"column":9791},"end":{"line":1,"column":9792}},{"start":{"line":1,"column":9794},"end":{"line":1,"column":9799}}],"line":1},"136":{"loc":{"start":{"line":1,"column":9809},"end":{"line":1,"column":9834}},"type":"if","locations":[{"start":{"line":1,"column":9809},"end":{"line":1,"column":9834}},{"start":{},"end":{}}],"line":1},"137":{"loc":{"start":{"line":1,"column":9812},"end":{"line":1,"column":9824}},"type":"binary-expr","locations":[{"start":{"line":1,"column":9812},"end":{"line":1,"column":9813}},{"start":{"line":1,"column":9815},"end":{"line":1,"column":9819}},{"start":{"line":1,"column":9821},"end":{"line":1,"column":9824}}],"line":1},"138":{"loc":{"start":{"line":1,"column":9834},"end":{"line":1,"column":9920}},"type":"if","locations":[{"start":{"line":1,"column":9834},"end":{"line":1,"column":9920}},{"start":{},"end":{}}],"line":1},"139":{"loc":{"start":{"line":1,"column":9985},"end":{"line":1,"column":10002}},"type":"if","locations":[{"start":{"line":1,"column":9985},"end":{"line":1,"column":10002}},{"start":{},"end":{}}],"line":1},"140":{"loc":{"start":{"line":1,"column":10102},"end":{"line":1,"column":10129}},"type":"if","locations":[{"start":{"line":1,"column":10102},"end":{"line":1,"column":10129}},{"start":{},"end":{}}],"line":1},"141":{"loc":{"start":{"line":1,"column":10160},"end":{"line":1,"column":10187}},"type":"cond-expr","locations":[{"start":{"line":1,"column":10180},"end":{"line":1,"column":10181}},{"start":{"line":1,"column":10182},"end":{"line":1,"column":10187}}],"line":1},"142":{"loc":{"start":{"line":1,"column":10196},"end":{"line":1,"column":10223}},"type":"if","locations":[{"start":{"line":1,"column":10196},"end":{"line":1,"column":10223}},{"start":{},"end":{}}],"line":1},"143":{"loc":{"start":{"line":1,"column":10249},"end":{"line":1,"column":10276}},"type":"cond-expr","locations":[{"start":{"line":1,"column":10269},"end":{"line":1,"column":10270}},{"start":{"line":1,"column":10271},"end":{"line":1,"column":10276}}],"line":1},"144":{"loc":{"start":{"line":1,"column":10350},"end":{"line":1,"column":10355}},"type":"default-arg","locations":[{"start":{"line":1,"column":10352},"end":{"line":1,"column":10355}}],"line":1},"145":{"loc":{"start":{"line":1,"column":10795},"end":{"line":1,"column":10864}},"type":"if","locations":[{"start":{"line":1,"column":10795},"end":{"line":1,"column":10864}},{"start":{},"end":{}}],"line":1},"146":{"loc":{"start":{"line":1,"column":10885},"end":{"line":1,"column":10894}},"type":"binary-expr","locations":[{"start":{"line":1,"column":10885},"end":{"line":1,"column":10886}},{"start":{"line":1,"column":10888},"end":{"line":1,"column":10894}}],"line":1},"147":{"loc":{"start":{"line":1,"column":10969},"end":{"line":1,"column":10982}},"type":"default-arg","locations":[{"start":{"line":1,"column":10971},"end":{"line":1,"column":10982}}],"line":1},"148":{"loc":{"start":{"line":1,"column":10984},"end":{"line":1,"column":11015}},"type":"if","locations":[{"start":{"line":1,"column":10984},"end":{"line":1,"column":11015}},{"start":{},"end":{}}],"line":1},"149":{"loc":{"start":{"line":1,"column":10987},"end":{"line":1,"column":11005}},"type":"binary-expr","locations":[{"start":{"line":1,"column":10987},"end":{"line":1,"column":10990}},{"start":{"line":1,"column":10992},"end":{"line":1,"column":11005}}],"line":1},"150":{"loc":{"start":{"line":1,"column":11033},"end":{"line":1,"column":11113}},"type":"if","locations":[{"start":{"line":1,"column":11033},"end":{"line":1,"column":11113}},{"start":{},"end":{}}],"line":1},"151":{"loc":{"start":{"line":1,"column":11113},"end":{"line":1,"column":11154}},"type":"if","locations":[{"start":{"line":1,"column":11113},"end":{"line":1,"column":11154}},{"start":{},"end":{}}],"line":1},"152":{"loc":{"start":{"line":1,"column":11275},"end":{"line":1,"column":11307}},"type":"if","locations":[{"start":{"line":1,"column":11275},"end":{"line":1,"column":11307}},{"start":{},"end":{}}],"line":1},"153":{"loc":{"start":{"line":1,"column":11278},"end":{"line":1,"column":11297}},"type":"binary-expr","locations":[{"start":{"line":1,"column":11278},"end":{"line":1,"column":11281}},{"start":{"line":1,"column":11283},"end":{"line":1,"column":11297}}],"line":1},"154":{"loc":{"start":{"line":1,"column":11374},"end":{"line":1,"column":11401}},"type":"if","locations":[{"start":{"line":1,"column":11374},"end":{"line":1,"column":11401}},{"start":{},"end":{}}],"line":1},"155":{"loc":{"start":{"line":1,"column":11430},"end":{"line":1,"column":11452}},"type":"if","locations":[{"start":{"line":1,"column":11430},"end":{"line":1,"column":11452}},{"start":{},"end":{}}],"line":1},"156":{"loc":{"start":{"line":1,"column":11487},"end":{"line":1,"column":11519}},"type":"if","locations":[{"start":{"line":1,"column":11487},"end":{"line":1,"column":11519}},{"start":{},"end":{}}],"line":1},"157":{"loc":{"start":{"line":1,"column":11490},"end":{"line":1,"column":11509}},"type":"binary-expr","locations":[{"start":{"line":1,"column":11490},"end":{"line":1,"column":11493}},{"start":{"line":1,"column":11495},"end":{"line":1,"column":11509}}],"line":1},"158":{"loc":{"start":{"line":1,"column":11548},"end":{"line":1,"column":11574}},"type":"if","locations":[{"start":{"line":1,"column":11548},"end":{"line":1,"column":11574}},{"start":{},"end":{}}],"line":1},"159":{"loc":{"start":{"line":1,"column":11604},"end":{"line":1,"column":11636}},"type":"if","locations":[{"start":{"line":1,"column":11604},"end":{"line":1,"column":11636}},{"start":{},"end":{}}],"line":1},"160":{"loc":{"start":{"line":1,"column":11607},"end":{"line":1,"column":11626}},"type":"binary-expr","locations":[{"start":{"line":1,"column":11607},"end":{"line":1,"column":11610}},{"start":{"line":1,"column":11612},"end":{"line":1,"column":11626}}],"line":1},"161":{"loc":{"start":{"line":1,"column":11636},"end":{"line":1,"column":11789}},"type":"if","locations":[{"start":{"line":1,"column":11636},"end":{"line":1,"column":11789}},{"start":{},"end":{}}],"line":1},"162":{"loc":{"start":{"line":1,"column":11676},"end":{"line":1,"column":11771}},"type":"cond-expr","locations":[{"start":{"line":1,"column":11693},"end":{"line":1,"column":11722}},{"start":{"line":1,"column":11725},"end":{"line":1,"column":11770}}],"line":1},"163":{"loc":{"start":{"line":1,"column":11789},"end":{"line":1,"column":11904}},"type":"if","locations":[{"start":{"line":1,"column":11789},"end":{"line":1,"column":11904}},{"start":{},"end":{}}],"line":1},"164":{"loc":{"start":{"line":1,"column":12150},"end":{"line":1,"column":12155}},"type":"default-arg","locations":[{"start":{"line":1,"column":12152},"end":{"line":1,"column":12155}}],"line":1},"165":{"loc":{"start":{"line":1,"column":12247},"end":{"line":1,"column":12252}},"type":"default-arg","locations":[{"start":{"line":1,"column":12249},"end":{"line":1,"column":12252}}],"line":1},"166":{"loc":{"start":{"line":1,"column":12690},"end":{"line":1,"column":12747}},"type":"binary-expr","locations":[{"start":{"line":1,"column":12690},"end":{"line":1,"column":12702}},{"start":{"line":1,"column":12704},"end":{"line":1,"column":12716}},{"start":{"line":1,"column":12718},"end":{"line":1,"column":12721}},{"start":{"line":1,"column":12723},"end":{"line":1,"column":12747}}],"line":1},"167":{"loc":{"start":{"line":1,"column":12755},"end":{"line":1,"column":12793}},"type":"binary-expr","locations":[{"start":{"line":1,"column":12755},"end":{"line":1,"column":12759}},{"start":{"line":1,"column":12761},"end":{"line":1,"column":12782}},{"start":{"line":1,"column":12784},"end":{"line":1,"column":12793}}],"line":1}},"s":{"0":6,"1":0,"2":6,"3":6,"4":0,"5":6,"6":0,"7":6,"8":0,"9":6,"10":0,"11":6,"12":8,"13":6,"14":7,"15":6,"16":0,"17":6,"18":0,"19":0,"20":0,"21":0,"22":0,"23":0,"24":0,"25":6,"26":0,"27":0,"28":6,"29":0,"30":0,"31":0,"32":0,"33":0,"34":0,"35":0,"36":0,"37":6,"38":0,"39":0,"40":0,"41":0,"42":0,"43":0,"44":0,"45":0,"46":6,"47":0,"48":0,"49":0,"50":0,"51":0,"52":0,"53":0,"54":0,"55":0,"56":0,"57":0,"58":0,"59":0,"60":6,"61":6,"62":0,"63":6,"64":0,"65":0,"66":0,"67":0,"68":0,"69":6,"70":0,"71":0,"72":0,"73":0,"74":0,"75":6,"76":0,"77":0,"78":0,"79":6,"80":6,"81":6,"82":6,"83":6,"84":6,"85":0,"86":0,"87":0,"88":0,"89":0,"90":0,"91":0,"92":0,"93":0,"94":0,"95":0,"96":0,"97":0,"98":6,"99":0,"100":0,"101":0,"102":0,"103":0,"104":0,"105":0,"106":0,"107":0,"108":6,"109":0,"110":6,"111":0,"112":0,"113":6,"114":6,"115":6,"116":0,"117":0,"118":0,"119":0,"120":0,"121":0,"122":0,"123":0,"124":0,"125":0,"126":0,"127":6,"128":0,"129":0,"130":0,"131":0,"132":0,"133":0,"134":0,"135":0,"136":6,"137":0,"138":6,"139":0,"140":0,"141":0,"142":0,"143":0,"144":0,"145":0,"146":0,"147":0,"148":0,"149":0,"150":0,"151":6,"152":0,"153":0,"154":0,"155":0,"156":0,"157":0,"158":0,"159":0,"160":0,"161":0,"162":0,"163":0,"164":0,"165":0,"166":0,"167":0,"168":0,"169":0,"170":0,"171":0,"172":0,"173":0,"174":0,"175":4,"176":2,"177":5,"178":1,"179":4,"180":4,"181":2,"182":2,"183":2,"184":1,"185":2,"186":4,"187":1,"188":3,"189":1,"190":1,"191":2,"192":2,"193":1,"194":2,"195":2,"196":2,"197":0,"198":2,"199":2,"200":3,"201":2,"202":7,"203":5,"204":1,"205":1,"206":1,"207":2,"208":1,"209":2,"210":5,"211":4,"212":1,"213":3,"214":3,"215":2,"216":7,"217":5,"218":1,"219":6,"220":4,"221":4,"222":4,"223":1,"224":3,"225":3,"226":1,"227":6,"228":1,"229":2,"230":3,"231":1,"232":3,"233":3,"234":1,"235":2,"236":2,"237":1,"238":2,"239":3,"240":0,"241":3,"242":3,"243":1,"244":6,"245":1,"246":2,"247":2,"248":2,"249":5,"250":2,"251":6,"252":2,"253":2,"254":6,"255":6,"256":6,"257":6,"258":97,"259":0,"260":97,"261":95,"262":6,"263":95,"264":91,"265":4,"266":4,"267":4,"268":4,"269":4,"270":4,"271":4,"272":4,"273":3,"274":1,"275":1,"276":3,"277":4,"278":4,"279":6,"280":2,"281":6,"282":2,"283":6,"284":2,"285":2,"286":0,"287":2,"288":2,"289":2,"290":6,"291":1,"292":13,"293":2,"294":5,"295":5,"296":2,"297":3,"298":3,"299":2,"300":3,"301":8,"302":0,"303":8,"304":8,"305":5,"306":3,"307":1,"308":2,"309":2,"310":2,"311":2,"312":2,"313":12,"314":12,"315":12,"316":31,"317":12,"318":11,"319":2,"320":9,"321":9,"322":19,"323":5,"324":14,"325":4,"326":2,"327":0,"328":2,"329":2,"330":2,"331":4,"332":2,"333":2,"334":0,"335":3,"336":2,"337":1,"338":1,"339":1,"340":2,"341":1,"342":1,"343":0,"344":11,"345":2,"346":9,"347":8,"348":8,"349":1,"350":1,"351":1,"352":0,"353":1,"354":1,"355":1,"356":14,"357":13,"358":1,"359":1,"360":1,"361":2,"362":1,"363":6,"364":2,"365":2,"366":1,"367":1,"368":7,"369":0,"370":7,"371":0,"372":7,"373":2,"374":2,"375":2,"376":5,"377":10,"378":5,"379":5,"380":9,"381":3,"382":6,"383":5,"384":6,"385":0,"386":6,"387":6,"388":2,"389":0,"390":2,"391":2,"392":10,"393":7,"394":5,"395":16,"396":6,"397":1,"398":1,"399":9,"400":1,"401":5,"402":5,"403":1,"404":4,"405":4,"406":4,"407":4,"408":4,"409":0,"410":4,"411":4,"412":1,"413":3,"414":3,"415":0,"416":0,"417":0,"418":0,"419":0,"420":1,"421":0,"422":1,"423":1,"424":1,"425":0,"426":1,"427":3,"428":0,"429":3,"430":3,"431":3,"432":7,"433":3,"434":4,"435":0,"436":2,"437":0,"438":2,"439":2,"440":2,"441":3,"442":2,"443":2,"444":1,"445":2,"446":5,"447":1,"448":4,"449":1,"450":1,"451":3,"452":2,"453":2,"454":1,"455":1,"456":1,"457":0,"458":1,"459":1,"460":1,"461":3,"462":8,"463":5,"464":5,"465":5,"466":15,"467":5,"468":4,"469":4,"470":4,"471":10,"472":4,"473":6,"474":1,"475":1,"476":6,"477":0,"478":0,"479":6,"480":0},"f":{"0":0,"1":0,"2":0,"3":0,"4":0,"5":8,"6":7,"7":0,"8":0,"9":0,"10":0,"11":0,"12":0,"13":0,"14":0,"15":0,"16":0,"17":0,"18":0,"19":0,"20":0,"21":0,"22":0,"23":0,"24":0,"25":0,"26":0,"27":0,"28":0,"29":0,"30":0,"31":0,"32":0,"33":0,"34":0,"35":0,"36":0,"37":0,"38":0,"39":0,"40":0,"41":0,"42":0,"43":0,"44":0,"45":0,"46":0,"47":0,"48":0,"49":4,"50":2,"51":5,"52":4,"53":2,"54":7,"55":5,"56":1,"57":2,"58":5,"59":4,"60":2,"61":7,"62":5,"63":1,"64":4,"65":4,"66":1,"67":3,"68":3,"69":1,"70":6,"71":1,"72":2,"73":3,"74":1,"75":3,"76":3,"77":1,"78":6,"79":1,"80":2,"81":2,"82":97,"83":95,"84":95,"85":4,"86":2,"87":2,"88":2,"89":1,"90":13,"91":2,"92":5,"93":8,"94":12,"95":11,"96":2,"97":3,"98":11,"99":1,"100":14,"101":13,"102":1,"103":2,"104":1,"105":7,"106":10,"107":6,"108":2,"109":10,"110":7,"111":5,"112":16,"113":1,"114":9,"115":1,"116":5,"117":4,"118":1,"119":3,"120":2,"121":5,"122":1,"123":3,"124":8,"125":5,"126":4,"127":1,"128":0,"129":0},"b":{"0":[0,0,0],"1":[0,0],"2":[0,0],"3":[0,0],"4":[0,0],"5":[0,0],"6":[0,0,0],"7":[0,0],"8":[0,0],"9":[0,0],"10":[0,0],"11":[0,0],"12":[0,0],"13":[0,0],"14":[0,0],"15":[0,0],"16":[0,0],"17":[0],"18":[0,0],"19":[0,0],"20":[0,0],"21":[0,0],"22":[0,0],"23":[0,0],"24":[0,0],"25":[0,0],"26":[0,0],"27":[0,0,0],"28":[0,0],"29":[0,0],"30":[0,0],"31":[0,0],"32":[0,0],"33":[0,0],"34":[0,0],"35":[0,0],"36":[0,0],"37":[0,0],"38":[0,0],"39":[0,0],"40":[0,0],"41":[0,0],"42":[0,0],"43":[0,0],"44":[0,0],"45":[0,0],"46":[0,0],"47":[0,0],"48":[0,0],"49":[0,0],"50":[0,0,0,0,0,0],"51":[0],"52":[0,0,0],"53":[0,0],"54":[0,0],"55":[0,0],"56":[0,0],"57":[0,0],"58":[0,0],"59":[0,0],"60":[0,0],"61":[0,0],"62":[0,0],"63":[0,0],"64":[0,0],"65":[0,0],"66":[0,0],"67":[0,0],"68":[0,0],"69":[0,0],"70":[0,0],"71":[0,0],"72":[0,0],"73":[0,0],"74":[0,0],"75":[0,0],"76":[0,0],"77":[0,0,0],"78":[4,4],"79":[2,1],"80":[1,4],"81":[2,2],"82":[3,3],"83":[1,3],"84":[1,2],"85":[3,3,3],"86":[0,2],"87":[5,5],"88":[1],"89":[2,1],"90":[5,4],"91":[1,3],"92":[2,2],"93":[1],"94":[0],"95":[2,2],"96":[3,3],"97":[1,1],"98":[2],"99":[3,3],"100":[1,2],"101":[3,3],"102":[0,3],"103":[1,1],"104":[2],"105":[0],"106":[1,1],"107":[0,97],"108":[91,4],"109":[3,1],"110":[1,2],"111":[2,2],"112":[0,2],"113":[2,2],"114":[13,13],"115":[2,3],"116":[5,5],"117":[1],"118":[0,8],"119":[8,8],"120":[5,3],"121":[1,2],"122":[2,9],"123":[11,10],"124":[5,14],"125":[0,2],"126":[2,2],"127":[2,1],"128":[3,2],"129":[1,1],"130":[2,9],"131":[11,10],"132":[8,1],"133":[1],"134":[0,7],"135":[7,4],"136":[0,7],"137":[7,4,4],"138":[2,5],"139":[3,6],"140":[0,6],"141":[0,6],"142":[0,2],"143":[0,2],"144":[5],"145":[1,4],"146":[8,8],"147":[2],"148":[0,4],"149":[4,4],"150":[1,3],"151":[3,0],"152":[0,1],"153":[1,1],"154":[0,3],"155":[3,4],"156":[0,2],"157":[2,2],"158":[2,1],"159":[1,4],"160":[5,5],"161":[1,3],"162":[0,1],"163":[2,1],"164":[5],"165":[4],"166":[0,0,0,0],"167":[0,0,0]},"_coverageSchema":"1a1c01bbd47fc00a2c39e90264f33305004495a9","hash":"23892ca12d57252cb7ecba5c06e5d920f290bf01"}
}
